[ 2018-04-23T09:58:01+08:00 ] ::1 /test/
INFO: [ app_init ] --START--
INFO: Run Behavior\BuildLiteBehavior [ RunTime:0.000023s ]
INFO: [ app_init ] --END-- [ RunTime:0.000942s ]
INFO: [ app_begin ] --START--
INFO: Run Behavior\ReadHtmlCacheBehavior [ RunTime:0.001403s ]
INFO: [ app_begin ] --END-- [ RunTime:0.001499s ]
INFO: [ action_begin ] --START--
SQL: SHOW COLUMNS FROM `admin_auth_rule` [ RunTime:0.0503s ]
SQL: SELECT * FROM `admin_auth_rule` WHERE `menu_name` = 'Index/index' AND `status` = 1 LIMIT 1   [ RunTime:0.0629s ]
INFO: Run Admin\Behaviors\OptionRecordBehavior [ RunTime:0.320569s ]
INFO: [ action_begin ] --END-- [ RunTime:0.320652s ]

[ 2018-04-23T09:58:01+08:00 ] ::1 /test/index.php/Login/login.html
INFO: [ app_init ] --START--
INFO: Run Behavior\BuildLiteBehavior [ RunTime:0.000021s ]
INFO: [ app_init ] --END-- [ RunTime:0.000613s ]
INFO: [ app_begin ] --START--
INFO: Run Behavior\ReadHtmlCacheBehavior [ RunTime:0.001040s ]
INFO: [ app_begin ] --END-- [ RunTime:0.001123s ]
INFO: [ action_begin ] --START--
SQL: SHOW COLUMNS FROM `admin_auth_rule` [ RunTime:0.0384s ]
SQL: SELECT * FROM `admin_auth_rule` WHERE `menu_name` = 'Login/login' AND `status` = 1 LIMIT 1   [ RunTime:0.0373s ]
INFO: Run Admin\Behaviors\OptionRecordBehavior [ RunTime:0.240958s ]
INFO: [ action_begin ] --END-- [ RunTime:0.241042s ]
INFO: [ view_parse ] --START--
INFO: [ template_filter ] --START--
INFO: Run Behavior\ContentReplaceBehavior [ RunTime:0.000150s ]
INFO: [ template_filter ] --END-- [ RunTime:0.000233s ]
INFO: Run Behavior\ParseTemplateBehavior [ RunTime:0.040169s ]
INFO: [ view_parse ] --END-- [ RunTime:0.040257s ]
INFO: [ view_filter ] --START--
INFO: Run Behavior\WriteHtmlCacheBehavior [ RunTime:0.010515s ]
INFO: [ view_filter ] --END-- [ RunTime:0.010619s ]
INFO: [ app_end ] --START--
INFO: Run Behavior\ShowPageTraceBehavior [ RunTime:0.014054s ]
INFO: [ app_end ] --END-- [ RunTime:0.014284s ]

[ 2018-04-23T09:58:01+08:00 ] ::1 /test/Public/Images/login-bg-1.jpg
INFO: [ app_init ] --START--
INFO: Run Behavior\BuildLiteBehavior [ RunTime:0.000022s ]
INFO: [ app_init ] --END-- [ RunTime:0.000725s ]

[ 2018-04-23T09:58:02+08:00 ] ::1 /test/index.php/Login/verify.html
INFO: [ app_init ] --START--
INFO: Run Behavior\BuildLiteBehavior [ RunTime:0.000025s ]
INFO: [ app_init ] --END-- [ RunTime:0.000605s ]
INFO: [ app_begin ] --START--
INFO: Run Behavior\ReadHtmlCacheBehavior [ RunTime:0.000991s ]
INFO: [ app_begin ] --END-- [ RunTime:0.001077s ]
INFO: [ action_begin ] --START--
SQL: SHOW COLUMNS FROM `admin_auth_rule` [ RunTime:0.0366s ]
SQL: SELECT * FROM `admin_auth_rule` WHERE `menu_name` = 'Login/verify' AND `status` = 1 LIMIT 1   [ RunTime:0.0371s ]
INFO: Run Admin\Behaviors\OptionRecordBehavior [ RunTime:0.269319s ]
INFO: [ action_begin ] --END-- [ RunTime:0.269413s ]
INFO: [ app_end ] --START--
INFO: Run Behavior\ShowPageTraceBehavior [ RunTime:0.001157s ]
INFO: [ app_end ] --END-- [ RunTime:0.001260s ]

[ 2018-04-23T09:58:57+08:00 ] ::1 /test/index.php/Login/doLogin.html
INFO: [ app_init ] --START--
INFO: Run Behavior\BuildLiteBehavior [ RunTime:0.000027s ]
INFO: [ app_init ] --END-- [ RunTime:0.001477s ]
INFO: [ app_begin ] --START--
INFO: Run Behavior\ReadHtmlCacheBehavior [ RunTime:0.001119s ]
INFO: [ app_begin ] --END-- [ RunTime:0.001193s ]
INFO: [ action_begin ] --START--
SQL: SHOW COLUMNS FROM `admin_auth_rule` [ RunTime:0.0349s ]
SQL: SELECT * FROM `admin_auth_rule` WHERE `menu_name` = 'Login/doLogin' AND `status` = 1 LIMIT 1   [ RunTime:0.0343s ]
INFO: Run Admin\Behaviors\OptionRecordBehavior [ RunTime:0.220604s ]
INFO: [ action_begin ] --END-- [ RunTime:0.221203s ]
SQL: SHOW COLUMNS FROM `admin_user` [ RunTime:0.0343s ]
SQL: SELECT * FROM `admin_user` WHERE `user_name` = 'admin' AND `password` = 'e10adc3949ba59abbe56e057f20f883e' AND `status` = 1 LIMIT 1   [ RunTime:0.0342s ]
SQL: UPDATE `admin_user` SET `lastlogin_time`='1524448737' WHERE `id` = 15 [ RunTime:0.0955s ]

[ 2018-04-23T09:58:58+08:00 ] ::1 /test/index.php/Index/index.html
INFO: [ app_init ] --START--
INFO: Run Behavior\BuildLiteBehavior [ RunTime:0.000026s ]
INFO: [ app_init ] --END-- [ RunTime:0.000901s ]
INFO: [ app_begin ] --START--
INFO: Run Behavior\ReadHtmlCacheBehavior [ RunTime:0.001349s ]
INFO: [ app_begin ] --END-- [ RunTime:0.001455s ]
INFO: [ action_begin ] --START--
SQL: SHOW COLUMNS FROM `admin_auth_rule` [ RunTime:0.0369s ]
SQL: SELECT * FROM `admin_auth_rule` WHERE `menu_name` = 'Index/index' AND `status` = 1 LIMIT 1   [ RunTime:0.0369s ]
INFO: Run Admin\Behaviors\OptionRecordBehavior [ RunTime:0.243892s ]
INFO: [ action_begin ] --END-- [ RunTime:0.243987s ]
SQL: SHOW COLUMNS FROM `admin_auth_group_access` [ RunTime:0.0373s ]
SQL: SELECT b.rules FROM admin_auth_group_access a LEFT JOIN admin_auth_group b ON b.id=a.group_id  WHERE a.uid = '15'  [ RunTime:0.0776s ]
SQL: SHOW COLUMNS FROM `admin_auth_rule` [ RunTime:0.0378s ]
SQL: SELECT * FROM `admin_auth_rule` WHERE `id` IN ('2','14','21','24','25','26','27','22','28','29','30','31','23','33','35','37','39','40','38','32') AND `is_menu` = 1 AND `status` = 1  [ RunTime:0.0374s ]
INFO: [ view_parse ] --START--
INFO: [ template_filter ] --START--
INFO: Run Behavior\ContentReplaceBehavior [ RunTime:0.000116s ]
INFO: [ template_filter ] --END-- [ RunTime:0.000270s ]
INFO: Run Behavior\ParseTemplateBehavior [ RunTime:0.043515s ]
INFO: [ view_parse ] --END-- [ RunTime:0.043630s ]
INFO: [ view_filter ] --START--
INFO: Run Behavior\WriteHtmlCacheBehavior [ RunTime:0.001429s ]
INFO: [ view_filter ] --END-- [ RunTime:0.001505s ]
INFO: [ app_end ] --START--
INFO: Run Behavior\ShowPageTraceBehavior [ RunTime:0.001289s ]
INFO: [ app_end ] --END-- [ RunTime:0.001361s ]

[ 2018-04-23T09:58:58+08:00 ] ::1 /test/index.php/Index/main.html
INFO: [ app_init ] --START--
INFO: Run Behavior\BuildLiteBehavior [ RunTime:0.000043s ]
INFO: [ app_init ] --END-- [ RunTime:0.000868s ]
INFO: [ app_begin ] --START--
INFO: Run Behavior\ReadHtmlCacheBehavior [ RunTime:0.001187s ]
INFO: [ app_begin ] --END-- [ RunTime:0.001291s ]
INFO: [ action_begin ] --START--
SQL: SHOW COLUMNS FROM `admin_auth_rule` [ RunTime:0.0367s ]
SQL: SELECT * FROM `admin_auth_rule` WHERE `menu_name` = 'Index/main' AND `status` = 1 LIMIT 1   [ RunTime:0.0367s ]
INFO: Run Admin\Behaviors\OptionRecordBehavior [ RunTime:0.238512s ]
INFO: [ action_begin ] --END-- [ RunTime:0.238617s ]
SQL: SHOW COLUMNS FROM `admin_task` [ RunTime:0.0369s ]
SQL: SELECT a.id as id,a.level,a.tid as taskid,e.name as tid,b.user_name as createid,c.user_name as exeid,d.user_name as checkid,a.time as time,a.state as state FROM admin_task as a left join admin_user as b ON a.createid = b.id left join admin_user as c ON a.exeid = c.id left join admin_user as d ON a.checkid = d.id left join admin_task_list as e ON a.tid = e.id  WHERE `exeid` = '15' AND a.state = 0  [ RunTime:0.0354s ]
SQL: SELECT a.id as id,a.level,a.tid as taskid,e.name as tid,b.user_name as createid,c.user_name as exeid,d.user_name as checkid,a.time as time,a.state as state FROM admin_task as a left join admin_user as b ON a.createid = b.id left join admin_user as c ON a.exeid = c.id left join admin_user as d ON a.checkid = d.id left join admin_task_list as e ON a.tid = e.id  WHERE `checkid` = '15' AND a.state = 3  [ RunTime:0.0367s ]
SQL: SELECT a.id as id,a.level,a.tid as taskid,e.name as tid,b.user_name as createid,c.user_name as exeid,d.user_name as checkid,a.time as time,a.state as state FROM admin_task as a left join admin_user as b ON a.createid = b.id left join admin_user as c ON a.exeid = c.id left join admin_user as d ON a.checkid = d.id left join admin_task_list as e ON a.tid = e.id  WHERE `exeid` = '15' AND a.state = 1  [ RunTime:0.0368s ]
SQL: SELECT a.id as id,a.level,a.tid as taskid,e.name as tid,b.user_name as createid,c.user_name as exeid,d.user_name as checkid,a.time as time,a.state as state FROM admin_task as a left join admin_user as b ON a.createid = b.id left join admin_user as c ON a.exeid = c.id left join admin_user as d ON a.checkid = d.id left join admin_task_list as e ON a.tid = e.id  WHERE `exeid` = '15' AND a.state > 1  [ RunTime:0.0373s ]
INFO: [ view_parse ] --START--
INFO: [ template_filter ] --START--
INFO: Run Behavior\ContentReplaceBehavior [ RunTime:0.000141s ]
INFO: [ template_filter ] --END-- [ RunTime:0.000218s ]
INFO: Run Behavior\ParseTemplateBehavior [ RunTime:0.029282s ]
INFO: [ view_parse ] --END-- [ RunTime:0.029366s ]
INFO: [ view_filter ] --START--
INFO: Run Behavior\WriteHtmlCacheBehavior [ RunTime:0.000658s ]
INFO: [ view_filter ] --END-- [ RunTime:0.000711s ]
INFO: [ app_end ] --START--
INFO: Run Behavior\ShowPageTraceBehavior [ RunTime:0.001570s ]
INFO: [ app_end ] --END-- [ RunTime:0.001766s ]

[ 2018-04-23T09:58:59+08:00 ] ::1 /test/index.php/Index/getSbWorkinfo
INFO: [ app_init ] --START--
INFO: Run Behavior\BuildLiteBehavior [ RunTime:0.000020s ]
INFO: [ app_init ] --END-- [ RunTime:0.000576s ]
INFO: [ app_begin ] --START--
INFO: Run Behavior\ReadHtmlCacheBehavior [ RunTime:0.001112s ]
INFO: [ app_begin ] --END-- [ RunTime:0.001201s ]
INFO: [ action_begin ] --START--
SQL: SHOW COLUMNS FROM `admin_auth_rule` [ RunTime:0.0352s ]
SQL: SELECT * FROM `admin_auth_rule` WHERE `menu_name` = 'Index/getSbWorkinfo' AND `status` = 1 LIMIT 1   [ RunTime:0.0353s ]
INFO: Run Admin\Behaviors\OptionRecordBehavior [ RunTime:0.227226s ]
INFO: [ action_begin ] --END-- [ RunTime:0.227299s ]
SQL: SHOW COLUMNS FROM `admin_task` [ RunTime:0.0358s ]
SQL: SELECT COUNT(*) AS tp_count FROM `admin_task` WHERE `exeid` = 15 LIMIT 1   [ RunTime:0.0349s ]
SQL: SELECT COUNT(*) AS tp_count FROM `admin_task` WHERE `checkid` = 15 LIMIT 1   [ RunTime:0.0351s ]
SQL: SELECT COUNT(*) AS tp_count FROM `admin_task` WHERE `createid` = 15 LIMIT 1   [ RunTime:0.0347s ]

