[ 2018-03-30T21:57:12+08:00 ] ::1 /test/
INFO: [ app_init ] --START--
INFO: Run Behavior\BuildLiteBehavior [ RunTime:0.000000s ]
INFO: [ app_init ] --END-- [ RunTime:0.000000s ]
INFO: [ app_begin ] --START--
INFO: Run Behavior\ReadHtmlCacheBehavior [ RunTime:0.001000s ]
INFO: [ app_begin ] --END-- [ RunTime:0.001000s ]
INFO: [ action_begin ] --START--
ERR: SQLSTATE[HY000] [1049] Unknown database 'auth'

[ 2018-03-30T21:57:12+08:00 ] ::1 /test/
INFO: [ app_init ] --START--
INFO: Run Behavior\BuildLiteBehavior [ RunTime:0.000000s ]
INFO: [ app_init ] --END-- [ RunTime:0.002000s ]
INFO: [ app_begin ] --START--
INFO: Run Behavior\ReadHtmlCacheBehavior [ RunTime:0.002000s ]
INFO: [ app_begin ] --END-- [ RunTime:0.002000s ]
INFO: [ action_begin ] --START--
ERR: SQLSTATE[HY000] [1049] Unknown database 'auth'

[ 2018-03-30T21:57:33+08:00 ] ::1 /test/
INFO: [ app_init ] --START--
INFO: Run Behavior\BuildLiteBehavior [ RunTime:0.000000s ]
INFO: [ app_init ] --END-- [ RunTime:0.000000s ]
INFO: [ app_begin ] --START--
INFO: Run Behavior\ReadHtmlCacheBehavior [ RunTime:0.001000s ]
INFO: [ app_begin ] --END-- [ RunTime:0.001000s ]
INFO: [ action_begin ] --START--
SQL: SHOW COLUMNS FROM `admin_auth_rule` [ RunTime:0.0380s ]
SQL: SELECT * FROM `admin_auth_rule` WHERE `menu_name` = 'Index/index' AND `status` = 1 LIMIT 1   [ RunTime:0.0370s ]
INFO: Run Admin\Behaviors\OptionRecordBehavior [ RunTime:0.235000s ]
INFO: [ action_begin ] --END-- [ RunTime:0.235000s ]

[ 2018-03-30T21:57:33+08:00 ] ::1 /test/index.php/Login/login.html
INFO: [ app_init ] --START--
INFO: Run Behavior\BuildLiteBehavior [ RunTime:0.000000s ]
INFO: [ app_init ] --END-- [ RunTime:0.001000s ]
INFO: [ app_begin ] --START--
INFO: Run Behavior\ReadHtmlCacheBehavior [ RunTime:0.000000s ]
INFO: [ app_begin ] --END-- [ RunTime:0.001000s ]
INFO: [ action_begin ] --START--
SQL: SHOW COLUMNS FROM `admin_auth_rule` [ RunTime:0.0360s ]
SQL: SELECT * FROM `admin_auth_rule` WHERE `menu_name` = 'Login/login' AND `status` = 1 LIMIT 1   [ RunTime:0.0360s ]
INFO: Run Admin\Behaviors\OptionRecordBehavior [ RunTime:0.226000s ]
INFO: [ action_begin ] --END-- [ RunTime:0.226000s ]
INFO: [ view_parse ] --START--
INFO: [ template_filter ] --START--
INFO: Run Behavior\ContentReplaceBehavior [ RunTime:0.000000s ]
INFO: [ template_filter ] --END-- [ RunTime:0.000000s ]
INFO: Run Behavior\ParseTemplateBehavior [ RunTime:0.009000s ]
INFO: [ view_parse ] --END-- [ RunTime:0.009000s ]
INFO: [ view_filter ] --START--
INFO: Run Behavior\WriteHtmlCacheBehavior [ RunTime:0.001000s ]
INFO: [ view_filter ] --END-- [ RunTime:0.001000s ]
INFO: [ app_end ] --START--
INFO: Run Behavior\ShowPageTraceBehavior [ RunTime:0.001000s ]
INFO: [ app_end ] --END-- [ RunTime:0.001000s ]

[ 2018-03-30T21:57:33+08:00 ] ::1 /test/index.php/Login/verify.html
INFO: [ app_init ] --START--
INFO: Run Behavior\BuildLiteBehavior [ RunTime:0.000000s ]
INFO: [ app_init ] --END-- [ RunTime:0.001000s ]
INFO: [ app_begin ] --START--
INFO: Run Behavior\ReadHtmlCacheBehavior [ RunTime:0.000000s ]
INFO: [ app_begin ] --END-- [ RunTime:0.001000s ]
INFO: [ action_begin ] --START--
SQL: SHOW COLUMNS FROM `admin_auth_rule` [ RunTime:0.0370s ]
SQL: SELECT * FROM `admin_auth_rule` WHERE `menu_name` = 'Login/verify' AND `status` = 1 LIMIT 1   [ RunTime:0.0420s ]
INFO: Run Admin\Behaviors\OptionRecordBehavior [ RunTime:0.237000s ]
INFO: [ action_begin ] --END-- [ RunTime:0.237000s ]
INFO: [ app_end ] --START--
INFO: Run Behavior\ShowPageTraceBehavior [ RunTime:0.001000s ]
INFO: [ app_end ] --END-- [ RunTime:0.001000s ]

[ 2018-03-30T21:57:40+08:00 ] ::1 /test/index.php/Login/verify.html?0.824516341927015
INFO: [ app_init ] --START--
INFO: Run Behavior\BuildLiteBehavior [ RunTime:0.000000s ]
INFO: [ app_init ] --END-- [ RunTime:0.000000s ]
INFO: [ app_begin ] --START--
INFO: Run Behavior\ReadHtmlCacheBehavior [ RunTime:0.002000s ]
INFO: [ app_begin ] --END-- [ RunTime:0.002000s ]
INFO: [ action_begin ] --START--
SQL: SHOW COLUMNS FROM `admin_auth_rule` [ RunTime:0.0370s ]
SQL: SELECT * FROM `admin_auth_rule` WHERE `menu_name` = 'Login/verify' AND `status` = 1 LIMIT 1   [ RunTime:0.0370s ]
INFO: Run Admin\Behaviors\OptionRecordBehavior [ RunTime:0.236000s ]
INFO: [ action_begin ] --END-- [ RunTime:0.236000s ]
INFO: [ app_end ] --START--
INFO: Run Behavior\ShowPageTraceBehavior [ RunTime:0.001000s ]
INFO: [ app_end ] --END-- [ RunTime:0.001000s ]

[ 2018-03-30T21:57:45+08:00 ] ::1 /test/index.php/Login/doLogin.html
INFO: [ app_init ] --START--
INFO: Run Behavior\BuildLiteBehavior [ RunTime:0.000000s ]
INFO: [ app_init ] --END-- [ RunTime:0.000000s ]
INFO: [ app_begin ] --START--
INFO: Run Behavior\ReadHtmlCacheBehavior [ RunTime:0.001000s ]
INFO: [ app_begin ] --END-- [ RunTime:0.001000s ]
INFO: [ action_begin ] --START--
SQL: SHOW COLUMNS FROM `admin_auth_rule` [ RunTime:0.0370s ]
SQL: SELECT * FROM `admin_auth_rule` WHERE `menu_name` = 'Login/doLogin' AND `status` = 1 LIMIT 1   [ RunTime:0.0370s ]
INFO: Run Admin\Behaviors\OptionRecordBehavior [ RunTime:0.235000s ]
INFO: [ action_begin ] --END-- [ RunTime:0.235000s ]
SQL: SHOW COLUMNS FROM `admin_user` [ RunTime:0.0370s ]
SQL: SELECT * FROM `admin_user` WHERE `user_name` = 'test' AND `password` = '098f6bcd4621d373cade4e832627b4f6' AND `status` = 1 LIMIT 1   [ RunTime:0.0360s ]
SQL: UPDATE `admin_user` SET `lastlogin_time`='1522418265' WHERE `id` = 16 [ RunTime:0.0520s ]

[ 2018-03-30T21:57:45+08:00 ] ::1 /test/index.php/Index/index.html
INFO: [ app_init ] --START--
INFO: Run Behavior\BuildLiteBehavior [ RunTime:0.000000s ]
INFO: [ app_init ] --END-- [ RunTime:0.001000s ]
INFO: [ app_begin ] --START--
INFO: Run Behavior\ReadHtmlCacheBehavior [ RunTime:0.001000s ]
INFO: [ app_begin ] --END-- [ RunTime:0.001000s ]
INFO: [ action_begin ] --START--
SQL: SHOW COLUMNS FROM `admin_auth_rule` [ RunTime:0.0350s ]
SQL: SELECT * FROM `admin_auth_rule` WHERE `menu_name` = 'Index/index' AND `status` = 1 LIMIT 1   [ RunTime:0.0350s ]
INFO: Run Admin\Behaviors\OptionRecordBehavior [ RunTime:0.223000s ]
INFO: [ action_begin ] --END-- [ RunTime:0.223000s ]
SQL: SHOW COLUMNS FROM `admin_auth_group_access` [ RunTime:0.0350s ]
SQL: SELECT b.rules FROM admin_auth_group_access a LEFT JOIN admin_auth_group b ON b.id=a.group_id  WHERE a.uid = '16'  [ RunTime:0.0340s ]
SQL: SHOW COLUMNS FROM `admin_auth_rule` [ RunTime:0.0350s ]
SQL: SELECT * FROM `admin_auth_rule` WHERE `id` IN ('14','23','32','33') AND `is_menu` = 1 AND `status` = 1  [ RunTime:0.0350s ]
INFO: [ view_parse ] --START--
INFO: [ template_filter ] --START--
INFO: Run Behavior\ContentReplaceBehavior [ RunTime:0.000000s ]
INFO: [ template_filter ] --END-- [ RunTime:0.001000s ]
INFO: Run Behavior\ParseTemplateBehavior [ RunTime:0.013000s ]
INFO: [ view_parse ] --END-- [ RunTime:0.013000s ]
INFO: [ view_filter ] --START--
INFO: Run Behavior\WriteHtmlCacheBehavior [ RunTime:0.001000s ]
INFO: [ view_filter ] --END-- [ RunTime:0.001000s ]
INFO: [ app_end ] --START--
INFO: Run Behavior\ShowPageTraceBehavior [ RunTime:0.001000s ]
INFO: [ app_end ] --END-- [ RunTime:0.001000s ]

[ 2018-03-30T21:57:46+08:00 ] ::1 /test/index.php/Index/main.html
INFO: [ app_init ] --START--
INFO: Run Behavior\BuildLiteBehavior [ RunTime:0.000000s ]
INFO: [ app_init ] --END-- [ RunTime:0.002000s ]
INFO: [ app_begin ] --START--
INFO: Run Behavior\ReadHtmlCacheBehavior [ RunTime:0.001000s ]
INFO: [ app_begin ] --END-- [ RunTime:0.001000s ]
INFO: [ action_begin ] --START--
SQL: SHOW COLUMNS FROM `admin_auth_rule` [ RunTime:0.0360s ]
SQL: SELECT * FROM `admin_auth_rule` WHERE `menu_name` = 'Index/main' AND `status` = 1 LIMIT 1   [ RunTime:0.0350s ]
INFO: Run Admin\Behaviors\OptionRecordBehavior [ RunTime:0.245000s ]
INFO: [ action_begin ] --END-- [ RunTime:0.245000s ]
INFO: [ view_parse ] --START--
INFO: [ template_filter ] --START--
INFO: Run Behavior\ContentReplaceBehavior [ RunTime:0.000000s ]
INFO: [ template_filter ] --END-- [ RunTime:0.000000s ]
INFO: Run Behavior\ParseTemplateBehavior [ RunTime:0.008000s ]
INFO: [ view_parse ] --END-- [ RunTime:0.008000s ]
INFO: [ view_filter ] --START--
INFO: Run Behavior\WriteHtmlCacheBehavior [ RunTime:0.001000s ]
INFO: [ view_filter ] --END-- [ RunTime:0.001000s ]
INFO: [ app_end ] --START--
INFO: Run Behavior\ShowPageTraceBehavior [ RunTime:0.001000s ]
INFO: [ app_end ] --END-- [ RunTime:0.001000s ]

[ 2018-03-30T21:57:50+08:00 ] ::1 /test/index.php/User/index.html
INFO: [ app_init ] --START--
INFO: Run Behavior\BuildLiteBehavior [ RunTime:0.000000s ]
INFO: [ app_init ] --END-- [ RunTime:0.000000s ]
INFO: [ app_begin ] --START--
INFO: Run Behavior\ReadHtmlCacheBehavior [ RunTime:0.001000s ]
INFO: [ app_begin ] --END-- [ RunTime:0.001000s ]
INFO: [ action_begin ] --START--
SQL: SHOW COLUMNS FROM `admin_auth_rule` [ RunTime:0.0370s ]
SQL: SELECT * FROM `admin_auth_rule` WHERE `menu_name` = 'User/index' AND `status` = 1 LIMIT 1   [ RunTime:0.0370s ]
INFO: Run Admin\Behaviors\OptionRecordBehavior [ RunTime:0.239000s ]
INFO: [ action_begin ] --END-- [ RunTime:0.239000s ]
SQL: SHOW COLUMNS FROM `admin_auth_group_access` [ RunTime:0.0380s ]
SQL: SELECT `uid`,`group_id`,`title`,`rules` FROM admin_auth_group_access a INNER JOIN admin_auth_group g on a.group_id=g.id  WHERE ( a.uid='16' and g.status='1' )  [ RunTime:0.0370s ]
SQL: SHOW COLUMNS FROM `admin_auth_rule` [ RunTime:0.0380s ]
SQL: SELECT `condition`,`menu_name` FROM `admin_auth_rule` WHERE `id` IN ('14','23','32','33') AND `type` = 1 AND `status` = 1  [ RunTime:0.0370s ]
SQL: SHOW COLUMNS FROM `admin_user` [ RunTime:0.0370s ]
SQL: SELECT COUNT(*) AS tp_count FROM `admin_user` WHERE `status` = 1 LIMIT 1   [ RunTime:0.0360s ]
SQL: SELECT * FROM `admin_user` WHERE `status` = 1 LIMIT 0,10   [ RunTime:0.0360s ]
INFO: [ view_parse ] --START--
INFO: [ template_filter ] --START--
INFO: Run Behavior\ContentReplaceBehavior [ RunTime:0.001000s ]
INFO: [ template_filter ] --END-- [ RunTime:0.001000s ]
INFO: Run Behavior\ParseTemplateBehavior [ RunTime:0.011000s ]
INFO: [ view_parse ] --END-- [ RunTime:0.011000s ]
INFO: [ view_filter ] --START--
INFO: Run Behavior\WriteHtmlCacheBehavior [ RunTime:0.000000s ]
INFO: [ view_filter ] --END-- [ RunTime:0.000000s ]
INFO: [ app_end ] --START--
INFO: Run Behavior\ShowPageTraceBehavior [ RunTime:0.000000s ]
INFO: [ app_end ] --END-- [ RunTime:0.000000s ]

[ 2018-03-30T21:58:01+08:00 ] ::1 /test/index.php/Index/index.html
INFO: [ app_init ] --START--
INFO: Run Behavior\BuildLiteBehavior [ RunTime:0.000000s ]
INFO: [ app_init ] --END-- [ RunTime:0.000000s ]
INFO: [ app_begin ] --START--
INFO: Run Behavior\ReadHtmlCacheBehavior [ RunTime:0.001000s ]
INFO: [ app_begin ] --END-- [ RunTime:0.001000s ]
INFO: [ action_begin ] --START--
SQL: SHOW COLUMNS FROM `admin_auth_rule` [ RunTime:0.0360s ]
SQL: SELECT * FROM `admin_auth_rule` WHERE `menu_name` = 'Index/index' AND `status` = 1 LIMIT 1   [ RunTime:0.0350s ]
INFO: Run Admin\Behaviors\OptionRecordBehavior [ RunTime:0.227000s ]
INFO: [ action_begin ] --END-- [ RunTime:0.227000s ]
SQL: SHOW COLUMNS FROM `admin_auth_group_access` [ RunTime:0.0360s ]
SQL: SELECT b.rules FROM admin_auth_group_access a LEFT JOIN admin_auth_group b ON b.id=a.group_id  WHERE a.uid = '16'  [ RunTime:0.0350s ]
SQL: SHOW COLUMNS FROM `admin_auth_rule` [ RunTime:0.0360s ]
SQL: SELECT * FROM `admin_auth_rule` WHERE `id` IN ('14','23','32','33') AND `is_menu` = 1 AND `status` = 1  [ RunTime:0.0360s ]
INFO: [ view_parse ] --START--
INFO: [ template_filter ] --START--
INFO: Run Behavior\ContentReplaceBehavior [ RunTime:0.000000s ]
INFO: [ template_filter ] --END-- [ RunTime:0.000000s ]
INFO: Run Behavior\ParseTemplateBehavior [ RunTime:0.012000s ]
INFO: [ view_parse ] --END-- [ RunTime:0.012000s ]
INFO: [ view_filter ] --START--
INFO: Run Behavior\WriteHtmlCacheBehavior [ RunTime:0.001000s ]
INFO: [ view_filter ] --END-- [ RunTime:0.001000s ]
INFO: [ app_end ] --START--
INFO: Run Behavior\ShowPageTraceBehavior [ RunTime:0.001000s ]
INFO: [ app_end ] --END-- [ RunTime:0.001000s ]

[ 2018-03-30T21:58:01+08:00 ] ::1 /test/index.php/Index/main.html
INFO: [ app_init ] --START--
INFO: Run Behavior\BuildLiteBehavior [ RunTime:0.000000s ]
INFO: [ app_init ] --END-- [ RunTime:0.000000s ]
INFO: [ app_begin ] --START--
INFO: Run Behavior\ReadHtmlCacheBehavior [ RunTime:0.000000s ]
INFO: [ app_begin ] --END-- [ RunTime:0.000000s ]
INFO: [ action_begin ] --START--
SQL: SHOW COLUMNS FROM `admin_auth_rule` [ RunTime:0.0350s ]
SQL: SELECT * FROM `admin_auth_rule` WHERE `menu_name` = 'Index/main' AND `status` = 1 LIMIT 1   [ RunTime:0.0370s ]
INFO: Run Admin\Behaviors\OptionRecordBehavior [ RunTime:0.232000s ]
INFO: [ action_begin ] --END-- [ RunTime:0.233000s ]
INFO: [ view_parse ] --START--
INFO: [ template_filter ] --START--
INFO: Run Behavior\ContentReplaceBehavior [ RunTime:0.000000s ]
INFO: [ template_filter ] --END-- [ RunTime:0.000000s ]
INFO: Run Behavior\ParseTemplateBehavior [ RunTime:0.010000s ]
INFO: [ view_parse ] --END-- [ RunTime:0.010000s ]
INFO: [ view_filter ] --START--
INFO: Run Behavior\WriteHtmlCacheBehavior [ RunTime:0.001000s ]
INFO: [ view_filter ] --END-- [ RunTime:0.001000s ]
INFO: [ app_end ] --START--
INFO: Run Behavior\ShowPageTraceBehavior [ RunTime:0.001000s ]
INFO: [ app_end ] --END-- [ RunTime:0.001000s ]

[ 2018-03-30T21:58:11+08:00 ] ::1 /test/index.php/Index/index.html
INFO: [ app_init ] --START--
INFO: Run Behavior\BuildLiteBehavior [ RunTime:0.000000s ]
INFO: [ app_init ] --END-- [ RunTime:0.000000s ]
INFO: [ app_begin ] --START--
INFO: Run Behavior\ReadHtmlCacheBehavior [ RunTime:0.001000s ]
INFO: [ app_begin ] --END-- [ RunTime:0.001000s ]
INFO: [ action_begin ] --START--
SQL: SHOW COLUMNS FROM `admin_auth_rule` [ RunTime:0.0350s ]
SQL: SELECT * FROM `admin_auth_rule` WHERE `menu_name` = 'Index/index' AND `status` = 1 LIMIT 1   [ RunTime:0.0350s ]
INFO: Run Admin\Behaviors\OptionRecordBehavior [ RunTime:0.228000s ]
INFO: [ action_begin ] --END-- [ RunTime:0.229000s ]
SQL: SHOW COLUMNS FROM `admin_auth_group_access` [ RunTime:0.0380s ]
SQL: SELECT b.rules FROM admin_auth_group_access a LEFT JOIN admin_auth_group b ON b.id=a.group_id  WHERE a.uid = '16'  [ RunTime:0.0350s ]
SQL: SHOW COLUMNS FROM `admin_auth_rule` [ RunTime:0.0350s ]
SQL: SELECT * FROM `admin_auth_rule` WHERE `id` IN ('14','23','32','33') AND `is_menu` = 1 AND `status` = 1  [ RunTime:0.0360s ]
INFO: [ view_parse ] --START--
INFO: [ template_filter ] --START--
INFO: Run Behavior\ContentReplaceBehavior [ RunTime:0.000000s ]
INFO: [ template_filter ] --END-- [ RunTime:0.000000s ]
INFO: Run Behavior\ParseTemplateBehavior [ RunTime:0.013000s ]
INFO: [ view_parse ] --END-- [ RunTime:0.013000s ]
INFO: [ view_filter ] --START--
INFO: Run Behavior\WriteHtmlCacheBehavior [ RunTime:0.001000s ]
INFO: [ view_filter ] --END-- [ RunTime:0.001000s ]
INFO: [ app_end ] --START--
INFO: Run Behavior\ShowPageTraceBehavior [ RunTime:0.001000s ]
INFO: [ app_end ] --END-- [ RunTime:0.001000s ]

[ 2018-03-30T21:58:11+08:00 ] ::1 /test/index.php/Index/main.html
INFO: [ app_init ] --START--
INFO: Run Behavior\BuildLiteBehavior [ RunTime:0.000000s ]
INFO: [ app_init ] --END-- [ RunTime:0.000000s ]
INFO: [ app_begin ] --START--
INFO: Run Behavior\ReadHtmlCacheBehavior [ RunTime:0.001000s ]
INFO: [ app_begin ] --END-- [ RunTime:0.001000s ]
INFO: [ action_begin ] --START--
SQL: SHOW COLUMNS FROM `admin_auth_rule` [ RunTime:0.0370s ]
SQL: SELECT * FROM `admin_auth_rule` WHERE `menu_name` = 'Index/main' AND `status` = 1 LIMIT 1   [ RunTime:0.0380s ]
INFO: Run Admin\Behaviors\OptionRecordBehavior [ RunTime:0.244000s ]
INFO: [ action_begin ] --END-- [ RunTime:0.244000s ]
INFO: [ view_parse ] --START--
INFO: [ template_filter ] --START--
INFO: Run Behavior\ContentReplaceBehavior [ RunTime:0.001000s ]
INFO: [ template_filter ] --END-- [ RunTime:0.001000s ]
INFO: Run Behavior\ParseTemplateBehavior [ RunTime:0.009000s ]
INFO: [ view_parse ] --END-- [ RunTime:0.009000s ]
INFO: [ view_filter ] --START--
INFO: Run Behavior\WriteHtmlCacheBehavior [ RunTime:0.001000s ]
INFO: [ view_filter ] --END-- [ RunTime:0.001000s ]
INFO: [ app_end ] --START--
INFO: Run Behavior\ShowPageTraceBehavior [ RunTime:0.001000s ]
INFO: [ app_end ] --END-- [ RunTime:0.001000s ]

[ 2018-03-30T22:00:16+08:00 ] ::1 /test/
INFO: [ app_init ] --START--
INFO: Run Behavior\BuildLiteBehavior [ RunTime:0.000000s ]
INFO: [ app_init ] --END-- [ RunTime:0.000000s ]
INFO: [ app_begin ] --START--
INFO: Run Behavior\ReadHtmlCacheBehavior [ RunTime:0.001000s ]
INFO: [ app_begin ] --END-- [ RunTime:0.001000s ]
INFO: [ action_begin ] --START--
SQL: SHOW COLUMNS FROM `admin_auth_rule` [ RunTime:0.0360s ]
SQL: SELECT * FROM `admin_auth_rule` WHERE `menu_name` = 'Index/index' AND `status` = 1 LIMIT 1   [ RunTime:0.0360s ]
INFO: Run Admin\Behaviors\OptionRecordBehavior [ RunTime:0.243000s ]
INFO: [ action_begin ] --END-- [ RunTime:0.244000s ]

[ 2018-03-30T22:00:17+08:00 ] ::1 /test/index.php/Login/login.html
INFO: [ app_init ] --START--
INFO: Run Behavior\BuildLiteBehavior [ RunTime:0.000000s ]
INFO: [ app_init ] --END-- [ RunTime:0.001000s ]
INFO: [ app_begin ] --START--
INFO: Run Behavior\ReadHtmlCacheBehavior [ RunTime:0.000000s ]
INFO: [ app_begin ] --END-- [ RunTime:0.001000s ]
INFO: [ action_begin ] --START--
SQL: SHOW COLUMNS FROM `admin_auth_rule` [ RunTime:0.0480s ]
SQL: SELECT * FROM `admin_auth_rule` WHERE `menu_name` = 'Login/login' AND `status` = 1 LIMIT 1   [ RunTime:0.0400s ]
INFO: Run Admin\Behaviors\OptionRecordBehavior [ RunTime:0.362000s ]
INFO: [ action_begin ] --END-- [ RunTime:0.362000s ]
INFO: [ view_parse ] --START--
INFO: [ template_filter ] --START--
INFO: Run Behavior\ContentReplaceBehavior [ RunTime:0.000000s ]
INFO: [ template_filter ] --END-- [ RunTime:0.000000s ]
INFO: Run Behavior\ParseTemplateBehavior [ RunTime:0.011000s ]
INFO: [ view_parse ] --END-- [ RunTime:0.012000s ]
INFO: [ view_filter ] --START--
INFO: Run Behavior\WriteHtmlCacheBehavior [ RunTime:0.000000s ]
INFO: [ view_filter ] --END-- [ RunTime:0.000000s ]
INFO: [ app_end ] --START--
INFO: Run Behavior\ShowPageTraceBehavior [ RunTime:0.001000s ]
INFO: [ app_end ] --END-- [ RunTime:0.001000s ]

[ 2018-03-30T22:00:17+08:00 ] ::1 /test/index.php/Login/verify.html
INFO: [ app_init ] --START--
INFO: Run Behavior\BuildLiteBehavior [ RunTime:0.000000s ]
INFO: [ app_init ] --END-- [ RunTime:0.000000s ]
INFO: [ app_begin ] --START--
INFO: Run Behavior\ReadHtmlCacheBehavior [ RunTime:0.001000s ]
INFO: [ app_begin ] --END-- [ RunTime:0.001000s ]
INFO: [ action_begin ] --START--
SQL: SHOW COLUMNS FROM `admin_auth_rule` [ RunTime:0.0660s ]
SQL: SELECT * FROM `admin_auth_rule` WHERE `menu_name` = 'Login/verify' AND `status` = 1 LIMIT 1   [ RunTime:0.0670s ]
INFO: Run Admin\Behaviors\OptionRecordBehavior [ RunTime:0.495000s ]
INFO: [ action_begin ] --END-- [ RunTime:0.495000s ]
INFO: [ app_end ] --START--
INFO: Run Behavior\ShowPageTraceBehavior [ RunTime:0.001000s ]
INFO: [ app_end ] --END-- [ RunTime:0.001000s ]

[ 2018-03-30T22:00:20+08:00 ] ::1 /test/
INFO: [ app_init ] --START--
INFO: Run Behavior\BuildLiteBehavior [ RunTime:0.000000s ]
INFO: [ app_init ] --END-- [ RunTime:0.000000s ]
INFO: [ app_begin ] --START--
INFO: Run Behavior\ReadHtmlCacheBehavior [ RunTime:0.001000s ]
INFO: [ app_begin ] --END-- [ RunTime:0.001000s ]
INFO: [ action_begin ] --START--
SQL: SHOW COLUMNS FROM `admin_auth_rule` [ RunTime:0.0680s ]
SQL: SELECT * FROM `admin_auth_rule` WHERE `menu_name` = 'Index/index' AND `status` = 1 LIMIT 1   [ RunTime:0.0600s ]
INFO: Run Admin\Behaviors\OptionRecordBehavior [ RunTime:0.300000s ]
INFO: [ action_begin ] --END-- [ RunTime:0.300000s ]

[ 2018-03-30T22:00:21+08:00 ] ::1 /test/index.php/Login/verify.html
INFO: [ app_init ] --START--
INFO: Run Behavior\BuildLiteBehavior [ RunTime:0.000000s ]
INFO: [ app_init ] --END-- [ RunTime:0.000000s ]
INFO: [ app_begin ] --START--
INFO: Run Behavior\ReadHtmlCacheBehavior [ RunTime:0.000000s ]
INFO: [ app_begin ] --END-- [ RunTime:0.001000s ]
INFO: [ action_begin ] --START--
SQL: SHOW COLUMNS FROM `admin_auth_rule` [ RunTime:0.0400s ]
SQL: SELECT * FROM `admin_auth_rule` WHERE `menu_name` = 'Login/verify' AND `status` = 1 LIMIT 1   [ RunTime:0.0390s ]
INFO: Run Admin\Behaviors\OptionRecordBehavior [ RunTime:0.244000s ]
INFO: [ action_begin ] --END-- [ RunTime:0.244000s ]
INFO: [ app_end ] --START--
INFO: Run Behavior\ShowPageTraceBehavior [ RunTime:0.001000s ]
INFO: [ app_end ] --END-- [ RunTime:0.001000s ]

[ 2018-03-30T22:00:32+08:00 ] ::1 /test/index.php/Login/doLogin.html
INFO: [ app_init ] --START--
INFO: Run Behavior\BuildLiteBehavior [ RunTime:0.000000s ]
INFO: [ app_init ] --END-- [ RunTime:0.000000s ]
INFO: [ app_begin ] --START--
INFO: Run Behavior\ReadHtmlCacheBehavior [ RunTime:0.001000s ]
INFO: [ app_begin ] --END-- [ RunTime:0.001000s ]
INFO: [ action_begin ] --START--
SQL: SHOW COLUMNS FROM `admin_auth_rule` [ RunTime:0.0360s ]
SQL: SELECT * FROM `admin_auth_rule` WHERE `menu_name` = 'Login/doLogin' AND `status` = 1 LIMIT 1   [ RunTime:0.0440s ]
INFO: Run Admin\Behaviors\OptionRecordBehavior [ RunTime:0.274000s ]
INFO: [ action_begin ] --END-- [ RunTime:0.274000s ]
SQL: SHOW COLUMNS FROM `admin_user` [ RunTime:0.0680s ]
SQL: SELECT * FROM `admin_user` WHERE `user_name` = 'test' AND `password` = '098f6bcd4621d373cade4e832627b4f6' AND `status` = 1 LIMIT 1   [ RunTime:0.0690s ]
SQL: UPDATE `admin_user` SET `lastlogin_time`='1522418432' WHERE `id` = 16 [ RunTime:0.0670s ]

[ 2018-03-30T22:00:33+08:00 ] ::1 /test/index.php/Index/index.html
INFO: [ app_init ] --START--
INFO: Run Behavior\BuildLiteBehavior [ RunTime:0.000000s ]
INFO: [ app_init ] --END-- [ RunTime:0.000000s ]
INFO: [ app_begin ] --START--
INFO: Run Behavior\ReadHtmlCacheBehavior [ RunTime:0.001000s ]
INFO: [ app_begin ] --END-- [ RunTime:0.001000s ]
INFO: [ action_begin ] --START--
SQL: SHOW COLUMNS FROM `admin_auth_rule` [ RunTime:0.0370s ]
SQL: SELECT * FROM `admin_auth_rule` WHERE `menu_name` = 'Index/index' AND `status` = 1 LIMIT 1   [ RunTime:0.0360s ]
INFO: Run Admin\Behaviors\OptionRecordBehavior [ RunTime:0.386000s ]
INFO: [ action_begin ] --END-- [ RunTime:0.386000s ]
SQL: SHOW COLUMNS FROM `admin_auth_group_access` [ RunTime:0.0370s ]
SQL: SELECT b.rules FROM admin_auth_group_access a LEFT JOIN admin_auth_group b ON b.id=a.group_id  WHERE a.uid = '16'  [ RunTime:0.0370s ]
SQL: SHOW COLUMNS FROM `admin_auth_rule` [ RunTime:0.0380s ]
SQL: SELECT * FROM `admin_auth_rule` WHERE `id` IN ('14','23','32','33') AND `is_menu` = 1 AND `status` = 1  [ RunTime:0.0520s ]
INFO: [ view_parse ] --START--
INFO: [ template_filter ] --START--
INFO: Run Behavior\ContentReplaceBehavior [ RunTime:0.000000s ]
INFO: [ template_filter ] --END-- [ RunTime:0.000000s ]
INFO: Run Behavior\ParseTemplateBehavior [ RunTime:0.045000s ]
INFO: [ view_parse ] --END-- [ RunTime:0.045000s ]
INFO: [ view_filter ] --START--
INFO: Run Behavior\WriteHtmlCacheBehavior [ RunTime:0.001000s ]
INFO: [ view_filter ] --END-- [ RunTime:0.001000s ]
INFO: [ app_end ] --START--
INFO: Run Behavior\ShowPageTraceBehavior [ RunTime:0.001000s ]
INFO: [ app_end ] --END-- [ RunTime:0.001000s ]

[ 2018-03-30T22:00:34+08:00 ] ::1 /test/index.php/Index/main.html
INFO: [ app_init ] --START--
INFO: Run Behavior\BuildLiteBehavior [ RunTime:0.000000s ]
INFO: [ app_init ] --END-- [ RunTime:0.001000s ]
INFO: [ app_begin ] --START--
INFO: Run Behavior\ReadHtmlCacheBehavior [ RunTime:0.001000s ]
INFO: [ app_begin ] --END-- [ RunTime:0.001000s ]
INFO: [ action_begin ] --START--
SQL: SHOW COLUMNS FROM `admin_auth_rule` [ RunTime:0.0360s ]
SQL: SELECT * FROM `admin_auth_rule` WHERE `menu_name` = 'Index/main' AND `status` = 1 LIMIT 1   [ RunTime:0.0370s ]
INFO: Run Admin\Behaviors\OptionRecordBehavior [ RunTime:0.249000s ]
INFO: [ action_begin ] --END-- [ RunTime:0.249000s ]
INFO: [ view_parse ] --START--
INFO: [ template_filter ] --START--
INFO: Run Behavior\ContentReplaceBehavior [ RunTime:0.000000s ]
INFO: [ template_filter ] --END-- [ RunTime:0.000000s ]
INFO: Run Behavior\ParseTemplateBehavior [ RunTime:0.007000s ]
INFO: [ view_parse ] --END-- [ RunTime:0.008000s ]
INFO: [ view_filter ] --START--
INFO: Run Behavior\WriteHtmlCacheBehavior [ RunTime:0.000000s ]
INFO: [ view_filter ] --END-- [ RunTime:0.000000s ]
INFO: [ app_end ] --START--
INFO: Run Behavior\ShowPageTraceBehavior [ RunTime:0.001000s ]
INFO: [ app_end ] --END-- [ RunTime:0.001000s ]

[ 2018-03-30T22:00:37+08:00 ] ::1 /test/index.php/User/index.html
INFO: [ app_init ] --START--
INFO: Run Behavior\BuildLiteBehavior [ RunTime:0.000000s ]
INFO: [ app_init ] --END-- [ RunTime:0.001000s ]
INFO: [ app_begin ] --START--
INFO: Run Behavior\ReadHtmlCacheBehavior [ RunTime:0.001000s ]
INFO: [ app_begin ] --END-- [ RunTime:0.001000s ]
INFO: [ action_begin ] --START--
SQL: SHOW COLUMNS FROM `admin_auth_rule` [ RunTime:0.0360s ]
SQL: SELECT * FROM `admin_auth_rule` WHERE `menu_name` = 'User/index' AND `status` = 1 LIMIT 1   [ RunTime:0.0360s ]
INFO: Run Admin\Behaviors\OptionRecordBehavior [ RunTime:0.230000s ]
INFO: [ action_begin ] --END-- [ RunTime:0.230000s ]
SQL: SHOW COLUMNS FROM `admin_auth_group_access` [ RunTime:0.0360s ]
SQL: SELECT `uid`,`group_id`,`title`,`rules` FROM admin_auth_group_access a INNER JOIN admin_auth_group g on a.group_id=g.id  WHERE ( a.uid='16' and g.status='1' )  [ RunTime:0.0350s ]
SQL: SHOW COLUMNS FROM `admin_auth_rule` [ RunTime:0.0370s ]
SQL: SELECT `condition`,`menu_name` FROM `admin_auth_rule` WHERE `id` IN ('14','23','32','33') AND `type` = 1 AND `status` = 1  [ RunTime:0.0360s ]
SQL: SHOW COLUMNS FROM `admin_user` [ RunTime:0.0370s ]
SQL: SELECT COUNT(*) AS tp_count FROM `admin_user` WHERE `status` = 1 LIMIT 1   [ RunTime:0.0350s ]
SQL: SELECT * FROM `admin_user` WHERE `status` = 1 LIMIT 0,10   [ RunTime:0.0350s ]
INFO: [ view_parse ] --START--
INFO: [ template_filter ] --START--
INFO: Run Behavior\ContentReplaceBehavior [ RunTime:0.000000s ]
INFO: [ template_filter ] --END-- [ RunTime:0.000000s ]
INFO: Run Behavior\ParseTemplateBehavior [ RunTime:0.010000s ]
INFO: [ view_parse ] --END-- [ RunTime:0.010000s ]
INFO: [ view_filter ] --START--
INFO: Run Behavior\WriteHtmlCacheBehavior [ RunTime:0.001000s ]
INFO: [ view_filter ] --END-- [ RunTime:0.001000s ]
INFO: [ app_end ] --START--
INFO: Run Behavior\ShowPageTraceBehavior [ RunTime:0.001000s ]
INFO: [ app_end ] --END-- [ RunTime:0.001000s ]

[ 2018-03-30T22:00:40+08:00 ] ::1 /test/index.php/User/editUser.html?user_id=15
INFO: [ app_init ] --START--
INFO: Run Behavior\BuildLiteBehavior [ RunTime:0.000000s ]
INFO: [ app_init ] --END-- [ RunTime:0.001000s ]
INFO: [ app_begin ] --START--
INFO: Run Behavior\ReadHtmlCacheBehavior [ RunTime:0.001000s ]
INFO: [ app_begin ] --END-- [ RunTime:0.001000s ]
INFO: [ action_begin ] --START--
SQL: SHOW COLUMNS FROM `admin_auth_rule` [ RunTime:0.0380s ]
SQL: SELECT * FROM `admin_auth_rule` WHERE `menu_name` = 'User/editUser' AND `status` = 1 LIMIT 1   [ RunTime:0.0380s ]
INFO: Run Admin\Behaviors\OptionRecordBehavior [ RunTime:0.238000s ]
INFO: [ action_begin ] --END-- [ RunTime:0.238000s ]
SQL: SHOW COLUMNS FROM `admin_auth_group_access` [ RunTime:0.0380s ]
SQL: SELECT `uid`,`group_id`,`title`,`rules` FROM admin_auth_group_access a INNER JOIN admin_auth_group g on a.group_id=g.id  WHERE ( a.uid='16' and g.status='1' )  [ RunTime:0.0510s ]
SQL: SHOW COLUMNS FROM `admin_auth_rule` [ RunTime:0.0380s ]
SQL: SELECT `condition`,`menu_name` FROM `admin_auth_rule` WHERE `id` IN ('14','23','32','33') AND `type` = 1 AND `status` = 1  [ RunTime:0.0380s ]
SQL: SHOW COLUMNS FROM `admin_user` [ RunTime:0.0400s ]
SQL: SELECT * FROM `admin_user` WHERE `id` = 15 AND `status` = 1 LIMIT 1   [ RunTime:0.0380s ]
INFO: [ view_parse ] --START--
INFO: [ template_filter ] --START--
INFO: Run Behavior\ContentReplaceBehavior [ RunTime:0.001000s ]
INFO: [ template_filter ] --END-- [ RunTime:0.001000s ]
INFO: Run Behavior\ParseTemplateBehavior [ RunTime:0.008000s ]
INFO: [ view_parse ] --END-- [ RunTime:0.008000s ]
INFO: [ view_filter ] --START--
INFO: Run Behavior\WriteHtmlCacheBehavior [ RunTime:0.001000s ]
INFO: [ view_filter ] --END-- [ RunTime:0.001000s ]
INFO: [ app_end ] --START--
INFO: Run Behavior\ShowPageTraceBehavior [ RunTime:0.001000s ]
INFO: [ app_end ] --END-- [ RunTime:0.001000s ]

[ 2018-03-30T22:00:50+08:00 ] ::1 /test/index.php/User/editUser.html
INFO: [ app_init ] --START--
INFO: Run Behavior\BuildLiteBehavior [ RunTime:0.000000s ]
INFO: [ app_init ] --END-- [ RunTime:0.001000s ]
INFO: [ app_begin ] --START--
INFO: Run Behavior\ReadHtmlCacheBehavior [ RunTime:0.002000s ]
INFO: [ app_begin ] --END-- [ RunTime:0.002000s ]
INFO: [ action_begin ] --START--
SQL: SHOW COLUMNS FROM `admin_auth_rule` [ RunTime:0.0350s ]
SQL: SELECT * FROM `admin_auth_rule` WHERE `menu_name` = 'User/editUser' AND `status` = 1 LIMIT 1   [ RunTime:0.0350s ]
INFO: Run Admin\Behaviors\OptionRecordBehavior [ RunTime:0.224000s ]
INFO: [ action_begin ] --END-- [ RunTime:0.224000s ]
SQL: SHOW COLUMNS FROM `admin_auth_group_access` [ RunTime:0.0350s ]
SQL: SELECT `uid`,`group_id`,`title`,`rules` FROM admin_auth_group_access a INNER JOIN admin_auth_group g on a.group_id=g.id  WHERE ( a.uid='16' and g.status='1' )  [ RunTime:0.0340s ]
SQL: SHOW COLUMNS FROM `admin_auth_rule` [ RunTime:0.0350s ]
SQL: SELECT `condition`,`menu_name` FROM `admin_auth_rule` WHERE `id` IN ('14','23','32','33') AND `type` = 1 AND `status` = 1  [ RunTime:0.0340s ]
SQL: SHOW COLUMNS FROM `admin_user` [ RunTime:0.0350s ]
SQL: UPDATE `admin_user` SET `user_name`='admin',`password`='e10adc3949ba59abbe56e057f20f883e' WHERE `id` = 15 [ RunTime:0.0400s ]

[ 2018-03-30T22:00:52+08:00 ] ::1 /test/index.php/User/index.html
INFO: [ app_init ] --START--
INFO: Run Behavior\BuildLiteBehavior [ RunTime:0.000000s ]
INFO: [ app_init ] --END-- [ RunTime:0.001000s ]
INFO: [ app_begin ] --START--
INFO: Run Behavior\ReadHtmlCacheBehavior [ RunTime:0.000000s ]
INFO: [ app_begin ] --END-- [ RunTime:0.001000s ]
INFO: [ action_begin ] --START--
SQL: SHOW COLUMNS FROM `admin_auth_rule` [ RunTime:0.0350s ]
SQL: SELECT * FROM `admin_auth_rule` WHERE `menu_name` = 'User/index' AND `status` = 1 LIMIT 1   [ RunTime:0.0350s ]
INFO: Run Admin\Behaviors\OptionRecordBehavior [ RunTime:0.229000s ]
INFO: [ action_begin ] --END-- [ RunTime:0.229000s ]
SQL: SHOW COLUMNS FROM `admin_auth_group_access` [ RunTime:0.0360s ]
SQL: SELECT `uid`,`group_id`,`title`,`rules` FROM admin_auth_group_access a INNER JOIN admin_auth_group g on a.group_id=g.id  WHERE ( a.uid='16' and g.status='1' )  [ RunTime:0.0350s ]
SQL: SHOW COLUMNS FROM `admin_auth_rule` [ RunTime:0.0360s ]
SQL: SELECT `condition`,`menu_name` FROM `admin_auth_rule` WHERE `id` IN ('14','23','32','33') AND `type` = 1 AND `status` = 1  [ RunTime:0.0350s ]
SQL: SHOW COLUMNS FROM `admin_user` [ RunTime:0.0360s ]
SQL: SELECT COUNT(*) AS tp_count FROM `admin_user` WHERE `status` = 1 LIMIT 1   [ RunTime:0.0340s ]
SQL: SELECT * FROM `admin_user` WHERE `status` = 1 LIMIT 0,10   [ RunTime:0.0350s ]
INFO: [ view_parse ] --START--
INFO: [ template_filter ] --START--
INFO: Run Behavior\ContentReplaceBehavior [ RunTime:0.000000s ]
INFO: [ template_filter ] --END-- [ RunTime:0.000000s ]
INFO: Run Behavior\ParseTemplateBehavior [ RunTime:0.010000s ]
INFO: [ view_parse ] --END-- [ RunTime:0.011000s ]
INFO: [ view_filter ] --START--
INFO: Run Behavior\WriteHtmlCacheBehavior [ RunTime:0.000000s ]
INFO: [ view_filter ] --END-- [ RunTime:0.000000s ]
INFO: [ app_end ] --START--
INFO: Run Behavior\ShowPageTraceBehavior [ RunTime:0.000000s ]
INFO: [ app_end ] --END-- [ RunTime:0.000000s ]

[ 2018-03-30T22:00:55+08:00 ] ::1 /test/index.php/AuthGroup/giveRole.html?user_id=15
INFO: [ app_init ] --START--
INFO: Run Behavior\BuildLiteBehavior [ RunTime:0.000000s ]
INFO: [ app_init ] --END-- [ RunTime:0.000000s ]
INFO: [ app_begin ] --START--
INFO: Run Behavior\ReadHtmlCacheBehavior [ RunTime:0.001000s ]
INFO: [ app_begin ] --END-- [ RunTime:0.001000s ]
INFO: [ action_begin ] --START--
SQL: SHOW COLUMNS FROM `admin_auth_rule` [ RunTime:0.0370s ]
SQL: SELECT * FROM `admin_auth_rule` WHERE `menu_name` = 'AuthGroup/giveRole' AND `status` = 1 LIMIT 1   [ RunTime:0.0360s ]
INFO: Run Admin\Behaviors\OptionRecordBehavior [ RunTime:0.230000s ]
INFO: [ action_begin ] --END-- [ RunTime:0.230000s ]
SQL: SHOW COLUMNS FROM `admin_auth_group_access` [ RunTime:0.0360s ]
SQL: SELECT `uid`,`group_id`,`title`,`rules` FROM admin_auth_group_access a INNER JOIN admin_auth_group g on a.group_id=g.id  WHERE ( a.uid='16' and g.status='1' )  [ RunTime:0.0350s ]
SQL: SHOW COLUMNS FROM `admin_auth_rule` [ RunTime:0.0360s ]
SQL: SELECT `condition`,`menu_name` FROM `admin_auth_rule` WHERE `id` IN ('14','23','32','33') AND `type` = 1 AND `status` = 1  [ RunTime:0.0350s ]

[ 2018-03-30T22:01:00+08:00 ] ::1 /test/index.php/Login/logout.html
INFO: [ app_init ] --START--
INFO: Run Behavior\BuildLiteBehavior [ RunTime:0.000000s ]
INFO: [ app_init ] --END-- [ RunTime:0.001000s ]
INFO: [ app_begin ] --START--
INFO: Run Behavior\ReadHtmlCacheBehavior [ RunTime:0.000000s ]
INFO: [ app_begin ] --END-- [ RunTime:0.001000s ]
INFO: [ action_begin ] --START--
SQL: SHOW COLUMNS FROM `admin_auth_rule` [ RunTime:0.0370s ]
SQL: SELECT * FROM `admin_auth_rule` WHERE `menu_name` = 'Login/logout' AND `status` = 1 LIMIT 1   [ RunTime:0.0360s ]
INFO: Run Admin\Behaviors\OptionRecordBehavior [ RunTime:0.231000s ]
INFO: [ action_begin ] --END-- [ RunTime:0.231000s ]

[ 2018-03-30T22:01:00+08:00 ] ::1 /test/index.php/Login/login.html
INFO: [ app_init ] --START--
INFO: Run Behavior\BuildLiteBehavior [ RunTime:0.000000s ]
INFO: [ app_init ] --END-- [ RunTime:0.001000s ]
INFO: [ app_begin ] --START--
INFO: Run Behavior\ReadHtmlCacheBehavior [ RunTime:0.002000s ]
INFO: [ app_begin ] --END-- [ RunTime:0.002000s ]
INFO: [ action_begin ] --START--
SQL: SHOW COLUMNS FROM `admin_auth_rule` [ RunTime:0.0370s ]
SQL: SELECT * FROM `admin_auth_rule` WHERE `menu_name` = 'Login/login' AND `status` = 1 LIMIT 1   [ RunTime:0.0370s ]
INFO: Run Admin\Behaviors\OptionRecordBehavior [ RunTime:0.236000s ]
INFO: [ action_begin ] --END-- [ RunTime:0.236000s ]
INFO: [ view_parse ] --START--
INFO: [ template_filter ] --START--
INFO: Run Behavior\ContentReplaceBehavior [ RunTime:0.000000s ]
INFO: [ template_filter ] --END-- [ RunTime:0.000000s ]
INFO: Run Behavior\ParseTemplateBehavior [ RunTime:0.009000s ]
INFO: [ view_parse ] --END-- [ RunTime:0.009000s ]
INFO: [ view_filter ] --START--
INFO: Run Behavior\WriteHtmlCacheBehavior [ RunTime:0.001000s ]
INFO: [ view_filter ] --END-- [ RunTime:0.001000s ]
INFO: [ app_end ] --START--
INFO: Run Behavior\ShowPageTraceBehavior [ RunTime:0.000000s ]
INFO: [ app_end ] --END-- [ RunTime:0.001000s ]

[ 2018-03-30T22:01:01+08:00 ] ::1 /test/index.php/Login/verify.html
INFO: [ app_init ] --START--
INFO: Run Behavior\BuildLiteBehavior [ RunTime:0.000000s ]
INFO: [ app_init ] --END-- [ RunTime:0.000000s ]
INFO: [ app_begin ] --START--
INFO: Run Behavior\ReadHtmlCacheBehavior [ RunTime:0.001000s ]
INFO: [ app_begin ] --END-- [ RunTime:0.001000s ]
INFO: [ action_begin ] --START--
SQL: SHOW COLUMNS FROM `admin_auth_rule` [ RunTime:0.0360s ]
SQL: SELECT * FROM `admin_auth_rule` WHERE `menu_name` = 'Login/verify' AND `status` = 1 LIMIT 1   [ RunTime:0.0360s ]
INFO: Run Admin\Behaviors\OptionRecordBehavior [ RunTime:0.241000s ]
INFO: [ action_begin ] --END-- [ RunTime:0.241000s ]
INFO: [ app_end ] --START--
INFO: Run Behavior\ShowPageTraceBehavior [ RunTime:0.001000s ]
INFO: [ app_end ] --END-- [ RunTime:0.002000s ]

[ 2018-03-30T22:01:09+08:00 ] ::1 /test/index.php/Login/doLogin.html
INFO: [ app_init ] --START--
INFO: Run Behavior\BuildLiteBehavior [ RunTime:0.000000s ]
INFO: [ app_init ] --END-- [ RunTime:0.001000s ]
INFO: [ app_begin ] --START--
INFO: Run Behavior\ReadHtmlCacheBehavior [ RunTime:0.001000s ]
INFO: [ app_begin ] --END-- [ RunTime:0.001000s ]
INFO: [ action_begin ] --START--
SQL: SHOW COLUMNS FROM `admin_auth_rule` [ RunTime:0.0370s ]
SQL: SELECT * FROM `admin_auth_rule` WHERE `menu_name` = 'Login/doLogin' AND `status` = 1 LIMIT 1   [ RunTime:0.0360s ]
INFO: Run Admin\Behaviors\OptionRecordBehavior [ RunTime:0.234000s ]
INFO: [ action_begin ] --END-- [ RunTime:0.234000s ]
SQL: SHOW COLUMNS FROM `admin_user` [ RunTime:0.0370s ]
SQL: SELECT * FROM `admin_user` WHERE `user_name` = 'admin' AND `password` = 'e10adc3949ba59abbe56e057f20f883e' AND `status` = 1 LIMIT 1   [ RunTime:0.0370s ]
SQL: UPDATE `admin_user` SET `lastlogin_time`='1522418469' WHERE `id` = 15 [ RunTime:0.0450s ]

[ 2018-03-30T22:01:09+08:00 ] ::1 /test/index.php/Index/index.html
INFO: [ app_init ] --START--
INFO: Run Behavior\BuildLiteBehavior [ RunTime:0.000000s ]
INFO: [ app_init ] --END-- [ RunTime:0.001000s ]
INFO: [ app_begin ] --START--
INFO: Run Behavior\ReadHtmlCacheBehavior [ RunTime:0.001000s ]
INFO: [ app_begin ] --END-- [ RunTime:0.001000s ]
INFO: [ action_begin ] --START--
SQL: SHOW COLUMNS FROM `admin_auth_rule` [ RunTime:0.0380s ]
SQL: SELECT * FROM `admin_auth_rule` WHERE `menu_name` = 'Index/index' AND `status` = 1 LIMIT 1   [ RunTime:0.0380s ]
INFO: Run Admin\Behaviors\OptionRecordBehavior [ RunTime:0.237000s ]
INFO: [ action_begin ] --END-- [ RunTime:0.237000s ]
SQL: SHOW COLUMNS FROM `admin_auth_group_access` [ RunTime:0.0380s ]
SQL: SELECT b.rules FROM admin_auth_group_access a LEFT JOIN admin_auth_group b ON b.id=a.group_id  WHERE a.uid = '15'  [ RunTime:0.0370s ]
SQL: SHOW COLUMNS FROM `admin_auth_rule` [ RunTime:0.0370s ]
SQL: SELECT * FROM `admin_auth_rule` WHERE `id` IN ('2','36','14','21','24','25','26','27','22','28','29','30','31','23','32','33','34','35') AND `is_menu` = 1 AND `status` = 1  [ RunTime:0.0380s ]
INFO: [ view_parse ] --START--
INFO: [ template_filter ] --START--
INFO: Run Behavior\ContentReplaceBehavior [ RunTime:0.000000s ]
INFO: [ template_filter ] --END-- [ RunTime:0.000000s ]
INFO: Run Behavior\ParseTemplateBehavior [ RunTime:0.013000s ]
INFO: [ view_parse ] --END-- [ RunTime:0.013000s ]
INFO: [ view_filter ] --START--
INFO: Run Behavior\WriteHtmlCacheBehavior [ RunTime:0.001000s ]
INFO: [ view_filter ] --END-- [ RunTime:0.001000s ]
INFO: [ app_end ] --START--
INFO: Run Behavior\ShowPageTraceBehavior [ RunTime:0.001000s ]
INFO: [ app_end ] --END-- [ RunTime:0.001000s ]

[ 2018-03-30T22:01:09+08:00 ] ::1 /test/index.php/Index/main.html
INFO: [ app_init ] --START--
INFO: Run Behavior\BuildLiteBehavior [ RunTime:0.000000s ]
INFO: [ app_init ] --END-- [ RunTime:0.001000s ]
INFO: [ app_begin ] --START--
INFO: Run Behavior\ReadHtmlCacheBehavior [ RunTime:0.001000s ]
INFO: [ app_begin ] --END-- [ RunTime:0.001000s ]
INFO: [ action_begin ] --START--
SQL: SHOW COLUMNS FROM `admin_auth_rule` [ RunTime:0.0360s ]
SQL: SELECT * FROM `admin_auth_rule` WHERE `menu_name` = 'Index/main' AND `status` = 1 LIMIT 1   [ RunTime:0.0340s ]
INFO: Run Admin\Behaviors\OptionRecordBehavior [ RunTime:0.245000s ]
INFO: [ action_begin ] --END-- [ RunTime:0.245000s ]
INFO: [ view_parse ] --START--
INFO: [ template_filter ] --START--
INFO: Run Behavior\ContentReplaceBehavior [ RunTime:0.000000s ]
INFO: [ template_filter ] --END-- [ RunTime:0.000000s ]
INFO: Run Behavior\ParseTemplateBehavior [ RunTime:0.009000s ]
INFO: [ view_parse ] --END-- [ RunTime:0.009000s ]
INFO: [ view_filter ] --START--
INFO: Run Behavior\WriteHtmlCacheBehavior [ RunTime:0.001000s ]
INFO: [ view_filter ] --END-- [ RunTime:0.001000s ]
INFO: [ app_end ] --START--
INFO: Run Behavior\ShowPageTraceBehavior [ RunTime:0.001000s ]
INFO: [ app_end ] --END-- [ RunTime:0.001000s ]

[ 2018-03-30T22:01:15+08:00 ] ::1 /test/index.php/Menu/index.html
INFO: [ app_init ] --START--
INFO: Run Behavior\BuildLiteBehavior [ RunTime:0.000000s ]
INFO: [ app_init ] --END-- [ RunTime:0.001000s ]
INFO: [ app_begin ] --START--
INFO: Run Behavior\ReadHtmlCacheBehavior [ RunTime:0.001000s ]
INFO: [ app_begin ] --END-- [ RunTime:0.001000s ]
INFO: [ action_begin ] --START--
SQL: SHOW COLUMNS FROM `admin_auth_rule` [ RunTime:0.0370s ]
SQL: SELECT * FROM `admin_auth_rule` WHERE `menu_name` = 'Menu/index' AND `status` = 1 LIMIT 1   [ RunTime:0.0370s ]
INFO: Run Admin\Behaviors\OptionRecordBehavior [ RunTime:0.235000s ]
INFO: [ action_begin ] --END-- [ RunTime:0.235000s ]
SQL: SHOW COLUMNS FROM `admin_auth_group_access` [ RunTime:0.0370s ]
SQL: SELECT `uid`,`group_id`,`title`,`rules` FROM admin_auth_group_access a INNER JOIN admin_auth_group g on a.group_id=g.id  WHERE ( a.uid='15' and g.status='1' )  [ RunTime:0.0370s ]
SQL: SHOW COLUMNS FROM `admin_auth_rule` [ RunTime:0.0370s ]
SQL: SELECT `condition`,`menu_name` FROM `admin_auth_rule` WHERE `id` IN ('2','36','14','21','24','25','26','27','22','28','29','30','31','23','32','33','34','35') AND `type` = 1 AND `status` = 1  [ RunTime:0.0370s ]
SQL: SELECT * FROM `admin_auth_rule` WHERE `status` = 1 AND `is_menu` = 1  [ RunTime:0.0370s ]
INFO: [ view_parse ] --START--
INFO: [ template_filter ] --START--
INFO: Run Behavior\ContentReplaceBehavior [ RunTime:0.000000s ]
INFO: [ template_filter ] --END-- [ RunTime:0.000000s ]
NOTIC: [8] Undefined offset: 1 E:\hisiphp\Application\Runtime\Cache\Admin\b956215329b6f9aca22277599a4efdfc.php 第 40 行.
NOTIC: [8] Undefined offset: 1 E:\hisiphp\Application\Runtime\Cache\Admin\b956215329b6f9aca22277599a4efdfc.php 第 40 行.
NOTIC: [8] Undefined variable: page E:\hisiphp\Application\Runtime\Cache\Admin\b956215329b6f9aca22277599a4efdfc.php 第 59 行.
INFO: Run Behavior\ParseTemplateBehavior [ RunTime:0.012000s ]
INFO: [ view_parse ] --END-- [ RunTime:0.012000s ]
INFO: [ view_filter ] --START--
INFO: Run Behavior\WriteHtmlCacheBehavior [ RunTime:0.001000s ]
INFO: [ view_filter ] --END-- [ RunTime:0.001000s ]
INFO: [ app_end ] --START--
INFO: Run Behavior\ShowPageTraceBehavior [ RunTime:0.001000s ]
INFO: [ app_end ] --END-- [ RunTime:0.001000s ]

[ 2018-03-30T22:01:16+08:00 ] ::1 /test/index.php/AuthGroup/authGroupList.html
INFO: [ app_init ] --START--
INFO: Run Behavior\BuildLiteBehavior [ RunTime:0.000000s ]
INFO: [ app_init ] --END-- [ RunTime:0.000000s ]
INFO: [ app_begin ] --START--
INFO: Run Behavior\ReadHtmlCacheBehavior [ RunTime:0.001000s ]
INFO: [ app_begin ] --END-- [ RunTime:0.002000s ]
INFO: [ action_begin ] --START--
SQL: SHOW COLUMNS FROM `admin_auth_rule` [ RunTime:0.0370s ]
SQL: SELECT * FROM `admin_auth_rule` WHERE `menu_name` = 'AuthGroup/authGroupList' AND `status` = 1 LIMIT 1   [ RunTime:0.0360s ]
INFO: Run Admin\Behaviors\OptionRecordBehavior [ RunTime:0.232000s ]
INFO: [ action_begin ] --END-- [ RunTime:0.232000s ]
SQL: SHOW COLUMNS FROM `admin_auth_group_access` [ RunTime:0.0360s ]
SQL: SELECT `uid`,`group_id`,`title`,`rules` FROM admin_auth_group_access a INNER JOIN admin_auth_group g on a.group_id=g.id  WHERE ( a.uid='15' and g.status='1' )  [ RunTime:0.0360s ]
SQL: SHOW COLUMNS FROM `admin_auth_rule` [ RunTime:0.0360s ]
SQL: SELECT `condition`,`menu_name` FROM `admin_auth_rule` WHERE `id` IN ('2','36','14','21','24','25','26','27','22','28','29','30','31','23','32','33','34','35') AND `type` = 1 AND `status` = 1  [ RunTime:0.0370s ]
SQL: SHOW COLUMNS FROM `admin_auth_group` [ RunTime:0.0370s ]
SQL: SELECT COUNT(*) AS tp_count FROM `admin_auth_group` WHERE `status` = 1 LIMIT 1   [ RunTime:0.0350s ]
SQL: SELECT * FROM `admin_auth_group` WHERE `status` = 1 ORDER BY is_manage DESC,id DESC LIMIT 0,15   [ RunTime:0.0360s ]
INFO: [ view_parse ] --START--
INFO: [ template_filter ] --START--
INFO: Run Behavior\ContentReplaceBehavior [ RunTime:0.000000s ]
INFO: [ template_filter ] --END-- [ RunTime:0.000000s ]
INFO: Run Behavior\ParseTemplateBehavior [ RunTime:0.012000s ]
INFO: [ view_parse ] --END-- [ RunTime:0.012000s ]
INFO: [ view_filter ] --START--
INFO: Run Behavior\WriteHtmlCacheBehavior [ RunTime:0.000000s ]
INFO: [ view_filter ] --END-- [ RunTime:0.001000s ]
INFO: [ app_end ] --START--
INFO: Run Behavior\ShowPageTraceBehavior [ RunTime:0.001000s ]
INFO: [ app_end ] --END-- [ RunTime:0.001000s ]

[ 2018-03-30T22:01:18+08:00 ] ::1 /test/index.php/User/index.html
INFO: [ app_init ] --START--
INFO: Run Behavior\BuildLiteBehavior [ RunTime:0.000000s ]
INFO: [ app_init ] --END-- [ RunTime:0.000000s ]
INFO: [ app_begin ] --START--
INFO: Run Behavior\ReadHtmlCacheBehavior [ RunTime:0.001000s ]
INFO: [ app_begin ] --END-- [ RunTime:0.001000s ]
INFO: [ action_begin ] --START--
SQL: SHOW COLUMNS FROM `admin_auth_rule` [ RunTime:0.0370s ]
SQL: SELECT * FROM `admin_auth_rule` WHERE `menu_name` = 'User/index' AND `status` = 1 LIMIT 1   [ RunTime:0.0360s ]
INFO: Run Admin\Behaviors\OptionRecordBehavior [ RunTime:0.234000s ]
INFO: [ action_begin ] --END-- [ RunTime:0.234000s ]
SQL: SHOW COLUMNS FROM `admin_auth_group_access` [ RunTime:0.0360s ]
SQL: SELECT `uid`,`group_id`,`title`,`rules` FROM admin_auth_group_access a INNER JOIN admin_auth_group g on a.group_id=g.id  WHERE ( a.uid='15' and g.status='1' )  [ RunTime:0.0370s ]
SQL: SHOW COLUMNS FROM `admin_auth_rule` [ RunTime:0.0360s ]
SQL: SELECT `condition`,`menu_name` FROM `admin_auth_rule` WHERE `id` IN ('2','36','14','21','24','25','26','27','22','28','29','30','31','23','32','33','34','35') AND `type` = 1 AND `status` = 1  [ RunTime:0.0360s ]
SQL: SHOW COLUMNS FROM `admin_user` [ RunTime:0.0370s ]
SQL: SELECT COUNT(*) AS tp_count FROM `admin_user` WHERE `status` = 1 LIMIT 1   [ RunTime:0.0360s ]
SQL: SELECT * FROM `admin_user` WHERE `status` = 1 LIMIT 0,10   [ RunTime:0.0350s ]
INFO: [ view_parse ] --START--
INFO: [ template_filter ] --START--
INFO: Run Behavior\ContentReplaceBehavior [ RunTime:0.000000s ]
INFO: [ template_filter ] --END-- [ RunTime:0.000000s ]
INFO: Run Behavior\ParseTemplateBehavior [ RunTime:0.010000s ]
INFO: [ view_parse ] --END-- [ RunTime:0.010000s ]
INFO: [ view_filter ] --START--
INFO: Run Behavior\WriteHtmlCacheBehavior [ RunTime:0.000000s ]
INFO: [ view_filter ] --END-- [ RunTime:0.001000s ]
INFO: [ app_end ] --START--
INFO: Run Behavior\ShowPageTraceBehavior [ RunTime:0.000000s ]
INFO: [ app_end ] --END-- [ RunTime:0.001000s ]

[ 2018-03-30T22:01:28+08:00 ] ::1 /test/index.php/Race/index.html
INFO: [ app_init ] --START--
INFO: Run Behavior\BuildLiteBehavior [ RunTime:0.000000s ]
INFO: [ app_init ] --END-- [ RunTime:0.001000s ]
INFO: [ app_begin ] --START--
INFO: Run Behavior\ReadHtmlCacheBehavior [ RunTime:0.001000s ]
INFO: [ app_begin ] --END-- [ RunTime:0.001000s ]
ERR: 无法加载控制器:Race

[ 2018-03-30T22:01:37+08:00 ] ::1 /test/index.php/AuthGroup/giveRole.html?user_id=15
INFO: [ app_init ] --START--
INFO: Run Behavior\BuildLiteBehavior [ RunTime:0.000000s ]
INFO: [ app_init ] --END-- [ RunTime:0.001000s ]
INFO: [ app_begin ] --START--
INFO: Run Behavior\ReadHtmlCacheBehavior [ RunTime:0.001000s ]
INFO: [ app_begin ] --END-- [ RunTime:0.001000s ]
INFO: [ action_begin ] --START--
SQL: SHOW COLUMNS FROM `admin_auth_rule` [ RunTime:0.0370s ]
SQL: SELECT * FROM `admin_auth_rule` WHERE `menu_name` = 'AuthGroup/giveRole' AND `status` = 1 LIMIT 1   [ RunTime:0.0370s ]
INFO: Run Admin\Behaviors\OptionRecordBehavior [ RunTime:0.233000s ]
INFO: [ action_begin ] --END-- [ RunTime:0.233000s ]
SQL: SHOW COLUMNS FROM `admin_auth_group_access` [ RunTime:0.0370s ]
SQL: SELECT `uid`,`group_id`,`title`,`rules` FROM admin_auth_group_access a INNER JOIN admin_auth_group g on a.group_id=g.id  WHERE ( a.uid='15' and g.status='1' )  [ RunTime:0.0360s ]
SQL: SHOW COLUMNS FROM `admin_auth_rule` [ RunTime:0.0370s ]
SQL: SELECT `condition`,`menu_name` FROM `admin_auth_rule` WHERE `id` IN ('2','36','14','21','24','25','26','27','22','28','29','30','31','23','32','33','34','35') AND `type` = 1 AND `status` = 1  [ RunTime:0.0360s ]
SQL: SHOW COLUMNS FROM `admin_auth_group` [ RunTime:0.0380s ]
SQL: SELECT COUNT(*) AS tp_count FROM `admin_auth_group` WHERE `status` = 1 LIMIT 1   [ RunTime:0.0360s ]
SQL: SELECT a.*,b.uid FROM admin_auth_group a LEFT JOIN admin_auth_group_access b ON a.id=b.group_id AND b.uid=15  WHERE a.status = 1 ORDER BY a.is_manage DESC,a.id DESC  [ RunTime:0.0360s ]
INFO: [ view_parse ] --START--
INFO: [ template_filter ] --START--
INFO: Run Behavior\ContentReplaceBehavior [ RunTime:0.000000s ]
INFO: [ template_filter ] --END-- [ RunTime:0.000000s ]
INFO: Run Behavior\ParseTemplateBehavior [ RunTime:0.009000s ]
INFO: [ view_parse ] --END-- [ RunTime:0.009000s ]
INFO: [ view_filter ] --START--
INFO: Run Behavior\WriteHtmlCacheBehavior [ RunTime:0.000000s ]
INFO: [ view_filter ] --END-- [ RunTime:0.000000s ]
INFO: [ app_end ] --START--
INFO: Run Behavior\ShowPageTraceBehavior [ RunTime:0.000000s ]
INFO: [ app_end ] --END-- [ RunTime:0.000000s ]

[ 2018-03-30T22:01:42+08:00 ] ::1 /test/index.php/AuthGroup/giveRole.html
INFO: [ app_init ] --START--
INFO: Run Behavior\BuildLiteBehavior [ RunTime:0.000000s ]
INFO: [ app_init ] --END-- [ RunTime:0.001000s ]
INFO: [ app_begin ] --START--
INFO: Run Behavior\ReadHtmlCacheBehavior [ RunTime:0.001000s ]
INFO: [ app_begin ] --END-- [ RunTime:0.001000s ]
INFO: [ action_begin ] --START--
SQL: SHOW COLUMNS FROM `admin_auth_rule` [ RunTime:0.0370s ]
SQL: SELECT * FROM `admin_auth_rule` WHERE `menu_name` = 'AuthGroup/giveRole' AND `status` = 1 LIMIT 1   [ RunTime:0.0370s ]
INFO: Run Admin\Behaviors\OptionRecordBehavior [ RunTime:0.232000s ]
INFO: [ action_begin ] --END-- [ RunTime:0.232000s ]
SQL: SHOW COLUMNS FROM `admin_auth_group_access` [ RunTime:0.0360s ]
SQL: SELECT `uid`,`group_id`,`title`,`rules` FROM admin_auth_group_access a INNER JOIN admin_auth_group g on a.group_id=g.id  WHERE ( a.uid='15' and g.status='1' )  [ RunTime:0.0360s ]
SQL: SHOW COLUMNS FROM `admin_auth_rule` [ RunTime:0.0370s ]
SQL: SELECT `condition`,`menu_name` FROM `admin_auth_rule` WHERE `id` IN ('2','36','14','21','24','25','26','27','22','28','29','30','31','23','32','33','34','35') AND `type` = 1 AND `status` = 1  [ RunTime:0.0360s ]
SQL: SHOW COLUMNS FROM `admin_auth_group_access` [ RunTime:0.0370s ]
NOTIC: [2] Illegal offset type in isset or empty E:\hisiphp\ThinkPHP\Library\Think\Model.class.php 第 511 行.
SQL: DELETE FROM `admin_auth_group_access` WHERE `uid` = 15 [ RunTime:0.0350s ]
SQL: INSERT INTO `admin_auth_group_access` (`uid`,`group_id`) VALUES ('15','27') [ RunTime:0.0350s ]

[ 2018-03-30T22:01:45+08:00 ] ::1 /test/index.php/User/index.html
INFO: [ app_init ] --START--
INFO: Run Behavior\BuildLiteBehavior [ RunTime:0.000000s ]
INFO: [ app_init ] --END-- [ RunTime:0.001000s ]
INFO: [ app_begin ] --START--
INFO: Run Behavior\ReadHtmlCacheBehavior [ RunTime:0.001000s ]
INFO: [ app_begin ] --END-- [ RunTime:0.001000s ]
INFO: [ action_begin ] --START--
SQL: SHOW COLUMNS FROM `admin_auth_rule` [ RunTime:0.0380s ]
SQL: SELECT * FROM `admin_auth_rule` WHERE `menu_name` = 'User/index' AND `status` = 1 LIMIT 1   [ RunTime:0.0380s ]
INFO: Run Admin\Behaviors\OptionRecordBehavior [ RunTime:0.239000s ]
INFO: [ action_begin ] --END-- [ RunTime:0.239000s ]
SQL: SHOW COLUMNS FROM `admin_auth_group_access` [ RunTime:0.0520s ]
SQL: SELECT `uid`,`group_id`,`title`,`rules` FROM admin_auth_group_access a INNER JOIN admin_auth_group g on a.group_id=g.id  WHERE ( a.uid='15' and g.status='1' )  [ RunTime:0.0380s ]
SQL: SHOW COLUMNS FROM `admin_auth_rule` [ RunTime:0.0380s ]
SQL: SELECT `condition`,`menu_name` FROM `admin_auth_rule` WHERE `id` IN ('2','36','14','21','24','25','26','27','22','28','29','30','31','23','32','33','34','35') AND `type` = 1 AND `status` = 1  [ RunTime:0.0370s ]
SQL: SHOW COLUMNS FROM `admin_user` [ RunTime:0.0380s ]
SQL: SELECT COUNT(*) AS tp_count FROM `admin_user` WHERE `status` = 1 LIMIT 1   [ RunTime:0.0390s ]
SQL: SELECT * FROM `admin_user` WHERE `status` = 1 LIMIT 0,10   [ RunTime:0.0360s ]
INFO: [ view_parse ] --START--
INFO: [ template_filter ] --START--
INFO: Run Behavior\ContentReplaceBehavior [ RunTime:0.000000s ]
INFO: [ template_filter ] --END-- [ RunTime:0.000000s ]
INFO: Run Behavior\ParseTemplateBehavior [ RunTime:0.013000s ]
INFO: [ view_parse ] --END-- [ RunTime:0.013000s ]
INFO: [ view_filter ] --START--
INFO: Run Behavior\WriteHtmlCacheBehavior [ RunTime:0.000000s ]
INFO: [ view_filter ] --END-- [ RunTime:0.000000s ]
INFO: [ app_end ] --START--
INFO: Run Behavior\ShowPageTraceBehavior [ RunTime:0.001000s ]
INFO: [ app_end ] --END-- [ RunTime:0.001000s ]

[ 2018-03-30T22:01:48+08:00 ] ::1 /test/index.php/User/addUser.html
INFO: [ app_init ] --START--
INFO: Run Behavior\BuildLiteBehavior [ RunTime:0.000000s ]
INFO: [ app_init ] --END-- [ RunTime:0.001000s ]
INFO: [ app_begin ] --START--
INFO: Run Behavior\ReadHtmlCacheBehavior [ RunTime:0.001000s ]
INFO: [ app_begin ] --END-- [ RunTime:0.001000s ]
INFO: [ action_begin ] --START--
SQL: SHOW COLUMNS FROM `admin_auth_rule` [ RunTime:0.0370s ]
SQL: SELECT * FROM `admin_auth_rule` WHERE `menu_name` = 'User/addUser' AND `status` = 1 LIMIT 1   [ RunTime:0.0370s ]
INFO: Run Admin\Behaviors\OptionRecordBehavior [ RunTime:0.233000s ]
INFO: [ action_begin ] --END-- [ RunTime:0.233000s ]
SQL: SHOW COLUMNS FROM `admin_auth_group_access` [ RunTime:0.0370s ]
SQL: SELECT `uid`,`group_id`,`title`,`rules` FROM admin_auth_group_access a INNER JOIN admin_auth_group g on a.group_id=g.id  WHERE ( a.uid='15' and g.status='1' )  [ RunTime:0.0360s ]
SQL: SHOW COLUMNS FROM `admin_auth_rule` [ RunTime:0.0370s ]
SQL: SELECT `condition`,`menu_name` FROM `admin_auth_rule` WHERE `id` IN ('2','36','14','21','24','25','26','27','22','28','29','30','31','23','32','33','34','35') AND `type` = 1 AND `status` = 1  [ RunTime:0.0370s ]
SQL: SHOW COLUMNS FROM `admin_user` [ RunTime:0.0370s ]
INFO: [ view_parse ] --START--
INFO: [ template_filter ] --START--
INFO: Run Behavior\ContentReplaceBehavior [ RunTime:0.000000s ]
INFO: [ template_filter ] --END-- [ RunTime:0.000000s ]
INFO: Run Behavior\ParseTemplateBehavior [ RunTime:0.010000s ]
INFO: [ view_parse ] --END-- [ RunTime:0.010000s ]
INFO: [ view_filter ] --START--
INFO: Run Behavior\WriteHtmlCacheBehavior [ RunTime:0.002000s ]
INFO: [ view_filter ] --END-- [ RunTime:0.002000s ]
INFO: [ app_end ] --START--
INFO: Run Behavior\ShowPageTraceBehavior [ RunTime:0.001000s ]
INFO: [ app_end ] --END-- [ RunTime:0.002000s ]

[ 2018-03-30T22:02:38+08:00 ] ::1 /test/index.php/AuthGroup/addGroup.html
INFO: [ app_init ] --START--
INFO: Run Behavior\BuildLiteBehavior [ RunTime:0.000000s ]
INFO: [ app_init ] --END-- [ RunTime:0.001000s ]
INFO: [ app_begin ] --START--
INFO: Run Behavior\ReadHtmlCacheBehavior [ RunTime:0.001000s ]
INFO: [ app_begin ] --END-- [ RunTime:0.001000s ]
INFO: [ action_begin ] --START--
SQL: SHOW COLUMNS FROM `admin_auth_rule` [ RunTime:0.0360s ]
SQL: SELECT * FROM `admin_auth_rule` WHERE `menu_name` = 'AuthGroup/addGroup' AND `status` = 1 LIMIT 1   [ RunTime:0.0360s ]
INFO: Run Admin\Behaviors\OptionRecordBehavior [ RunTime:0.230000s ]
INFO: [ action_begin ] --END-- [ RunTime:0.230000s ]
SQL: SHOW COLUMNS FROM `admin_auth_group_access` [ RunTime:0.0370s ]
SQL: SELECT `uid`,`group_id`,`title`,`rules` FROM admin_auth_group_access a INNER JOIN admin_auth_group g on a.group_id=g.id  WHERE ( a.uid='15' and g.status='1' )  [ RunTime:0.0360s ]
SQL: SHOW COLUMNS FROM `admin_auth_rule` [ RunTime:0.0370s ]
SQL: SELECT `condition`,`menu_name` FROM `admin_auth_rule` WHERE `id` IN ('2','36','14','21','24','25','26','27','22','28','29','30','31','23','32','33','34','35') AND `type` = 1 AND `status` = 1  [ RunTime:0.0360s ]
INFO: [ view_parse ] --START--
INFO: [ template_filter ] --START--
INFO: Run Behavior\ContentReplaceBehavior [ RunTime:0.000000s ]
INFO: [ template_filter ] --END-- [ RunTime:0.001000s ]
INFO: Run Behavior\ParseTemplateBehavior [ RunTime:0.008000s ]
INFO: [ view_parse ] --END-- [ RunTime:0.008000s ]
INFO: [ view_filter ] --START--
INFO: Run Behavior\WriteHtmlCacheBehavior [ RunTime:0.001000s ]
INFO: [ view_filter ] --END-- [ RunTime:0.001000s ]
INFO: [ app_end ] --START--
INFO: Run Behavior\ShowPageTraceBehavior [ RunTime:0.001000s ]
INFO: [ app_end ] --END-- [ RunTime:0.001000s ]

[ 2018-03-30T22:02:50+08:00 ] ::1 /test/index.php/AuthGroup/addGroup.html
INFO: [ app_init ] --START--
INFO: Run Behavior\BuildLiteBehavior [ RunTime:0.000000s ]
INFO: [ app_init ] --END-- [ RunTime:0.001000s ]
INFO: [ app_begin ] --START--
INFO: Run Behavior\ReadHtmlCacheBehavior [ RunTime:0.001000s ]
INFO: [ app_begin ] --END-- [ RunTime:0.001000s ]
INFO: [ action_begin ] --START--
SQL: SHOW COLUMNS FROM `admin_auth_rule` [ RunTime:0.0380s ]
SQL: SELECT * FROM `admin_auth_rule` WHERE `menu_name` = 'AuthGroup/addGroup' AND `status` = 1 LIMIT 1   [ RunTime:0.0370s ]
INFO: Run Admin\Behaviors\OptionRecordBehavior [ RunTime:0.234000s ]
INFO: [ action_begin ] --END-- [ RunTime:0.234000s ]
SQL: SHOW COLUMNS FROM `admin_auth_group_access` [ RunTime:0.0390s ]
SQL: SELECT `uid`,`group_id`,`title`,`rules` FROM admin_auth_group_access a INNER JOIN admin_auth_group g on a.group_id=g.id  WHERE ( a.uid='15' and g.status='1' )  [ RunTime:0.0370s ]
SQL: SHOW COLUMNS FROM `admin_auth_rule` [ RunTime:0.0370s ]
SQL: SELECT `condition`,`menu_name` FROM `admin_auth_rule` WHERE `id` IN ('2','36','14','21','24','25','26','27','22','28','29','30','31','23','32','33','34','35') AND `type` = 1 AND `status` = 1  [ RunTime:0.0370s ]
SQL: SHOW COLUMNS FROM `admin_auth_group` [ RunTime:0.0370s ]
SQL: INSERT INTO `admin_auth_group` (`title`,`status`,`rules`) VALUES ('项目经理','1','') [ RunTime:0.0370s ]

[ 2018-03-30T22:02:53+08:00 ] ::1 /test/index.php/AuthGroup/authGroupList.html
INFO: [ app_init ] --START--
INFO: Run Behavior\BuildLiteBehavior [ RunTime:0.000000s ]
INFO: [ app_init ] --END-- [ RunTime:0.001000s ]
INFO: [ app_begin ] --START--
INFO: Run Behavior\ReadHtmlCacheBehavior [ RunTime:0.001000s ]
INFO: [ app_begin ] --END-- [ RunTime:0.001000s ]
INFO: [ action_begin ] --START--
SQL: SHOW COLUMNS FROM `admin_auth_rule` [ RunTime:0.0350s ]
SQL: SELECT * FROM `admin_auth_rule` WHERE `menu_name` = 'AuthGroup/authGroupList' AND `status` = 1 LIMIT 1   [ RunTime:0.0350s ]
INFO: Run Admin\Behaviors\OptionRecordBehavior [ RunTime:0.225000s ]
INFO: [ action_begin ] --END-- [ RunTime:0.225000s ]
SQL: SHOW COLUMNS FROM `admin_auth_group_access` [ RunTime:0.0350s ]
SQL: SELECT `uid`,`group_id`,`title`,`rules` FROM admin_auth_group_access a INNER JOIN admin_auth_group g on a.group_id=g.id  WHERE ( a.uid='15' and g.status='1' )  [ RunTime:0.0350s ]
SQL: SHOW COLUMNS FROM `admin_auth_rule` [ RunTime:0.0350s ]
SQL: SELECT `condition`,`menu_name` FROM `admin_auth_rule` WHERE `id` IN ('2','36','14','21','24','25','26','27','22','28','29','30','31','23','32','33','34','35') AND `type` = 1 AND `status` = 1  [ RunTime:0.0350s ]
SQL: SHOW COLUMNS FROM `admin_auth_group` [ RunTime:0.0350s ]
SQL: SELECT COUNT(*) AS tp_count FROM `admin_auth_group` WHERE `status` = 1 LIMIT 1   [ RunTime:0.0350s ]
SQL: SELECT * FROM `admin_auth_group` WHERE `status` = 1 ORDER BY is_manage DESC,id DESC LIMIT 0,15   [ RunTime:0.0340s ]
INFO: [ view_parse ] --START--
INFO: [ template_filter ] --START--
INFO: Run Behavior\ContentReplaceBehavior [ RunTime:0.000000s ]
INFO: [ template_filter ] --END-- [ RunTime:0.000000s ]
INFO: Run Behavior\ParseTemplateBehavior [ RunTime:0.010000s ]
INFO: [ view_parse ] --END-- [ RunTime:0.010000s ]
INFO: [ view_filter ] --START--
INFO: Run Behavior\WriteHtmlCacheBehavior [ RunTime:0.001000s ]
INFO: [ view_filter ] --END-- [ RunTime:0.001000s ]
INFO: [ app_end ] --START--
INFO: Run Behavior\ShowPageTraceBehavior [ RunTime:0.001000s ]
INFO: [ app_end ] --END-- [ RunTime:0.001000s ]

[ 2018-03-30T22:02:56+08:00 ] ::1 /test/index.php/AuthGroup/ruleGroup/role_id/29.html
INFO: [ app_init ] --START--
INFO: Run Behavior\BuildLiteBehavior [ RunTime:0.000000s ]
INFO: [ app_init ] --END-- [ RunTime:0.000000s ]
INFO: [ app_begin ] --START--
INFO: Run Behavior\ReadHtmlCacheBehavior [ RunTime:0.001000s ]
INFO: [ app_begin ] --END-- [ RunTime:0.001000s ]
INFO: [ action_begin ] --START--
SQL: SHOW COLUMNS FROM `admin_auth_rule` [ RunTime:0.0350s ]
SQL: SELECT * FROM `admin_auth_rule` WHERE `menu_name` = 'AuthGroup/ruleGroup' AND `status` = 1 LIMIT 1   [ RunTime:0.0350s ]
INFO: Run Admin\Behaviors\OptionRecordBehavior [ RunTime:0.225000s ]
INFO: [ action_begin ] --END-- [ RunTime:0.225000s ]
SQL: SHOW COLUMNS FROM `admin_auth_group_access` [ RunTime:0.0360s ]
SQL: SELECT `uid`,`group_id`,`title`,`rules` FROM admin_auth_group_access a INNER JOIN admin_auth_group g on a.group_id=g.id  WHERE ( a.uid='15' and g.status='1' )  [ RunTime:0.0350s ]
SQL: SHOW COLUMNS FROM `admin_auth_rule` [ RunTime:0.0360s ]
SQL: SELECT `condition`,`menu_name` FROM `admin_auth_rule` WHERE `id` IN ('2','36','14','21','24','25','26','27','22','28','29','30','31','23','32','33','34','35') AND `type` = 1 AND `status` = 1  [ RunTime:0.0350s ]
SQL: SHOW COLUMNS FROM `admin_auth_group` [ RunTime:0.0350s ]
SQL: SELECT * FROM `admin_auth_rule` WHERE `status` = 1  [ RunTime:0.0340s ]
SQL: SELECT * FROM `admin_auth_group` WHERE `id` = 29 AND `status` = 1 LIMIT 1   [ RunTime:0.0340s ]
INFO: [ view_parse ] --START--
INFO: [ template_filter ] --START--
INFO: Run Behavior\ContentReplaceBehavior [ RunTime:0.000000s ]
INFO: [ template_filter ] --END-- [ RunTime:0.000000s ]
NOTIC: [8] Undefined variable: rulesArr E:\hisiphp\Application\Runtime\Cache\Admin\71433f1290cc164b549c31c545d4fdbb.php 第 24 行.
NOTIC: [2] in_array() expects parameter 2 to be array, null given E:\hisiphp\Application\Runtime\Cache\Admin\71433f1290cc164b549c31c545d4fdbb.php 第 24 行.
NOTIC: [8] Undefined variable: rulesArr E:\hisiphp\Application\Runtime\Cache\Admin\71433f1290cc164b549c31c545d4fdbb.php 第 26 行.
NOTIC: [2] in_array() expects parameter 2 to be array, null given E:\hisiphp\Application\Runtime\Cache\Admin\71433f1290cc164b549c31c545d4fdbb.php 第 26 行.
NOTIC: [8] Undefined variable: rulesArr E:\hisiphp\Application\Runtime\Cache\Admin\71433f1290cc164b549c31c545d4fdbb.php 第 24 行.
NOTIC: [2] in_array() expects parameter 2 to be array, null given E:\hisiphp\Application\Runtime\Cache\Admin\71433f1290cc164b549c31c545d4fdbb.php 第 24 行.
NOTIC: [8] Undefined variable: rulesArr E:\hisiphp\Application\Runtime\Cache\Admin\71433f1290cc164b549c31c545d4fdbb.php 第 26 行.
NOTIC: [2] in_array() expects parameter 2 to be array, null given E:\hisiphp\Application\Runtime\Cache\Admin\71433f1290cc164b549c31c545d4fdbb.php 第 26 行.
NOTIC: [8] Undefined variable: rulesArr E:\hisiphp\Application\Runtime\Cache\Admin\71433f1290cc164b549c31c545d4fdbb.php 第 28 行.
NOTIC: [2] in_array() expects parameter 2 to be array, null given E:\hisiphp\Application\Runtime\Cache\Admin\71433f1290cc164b549c31c545d4fdbb.php 第 28 行.
NOTIC: [8] Undefined variable: rulesArr E:\hisiphp\Application\Runtime\Cache\Admin\71433f1290cc164b549c31c545d4fdbb.php 第 28 行.
NOTIC: [2] in_array() expects parameter 2 to be array, null given E:\hisiphp\Application\Runtime\Cache\Admin\71433f1290cc164b549c31c545d4fdbb.php 第 28 行.
NOTIC: [8] Undefined variable: rulesArr E:\hisiphp\Application\Runtime\Cache\Admin\71433f1290cc164b549c31c545d4fdbb.php 第 28 行.
NOTIC: [2] in_array() expects parameter 2 to be array, null given E:\hisiphp\Application\Runtime\Cache\Admin\71433f1290cc164b549c31c545d4fdbb.php 第 28 行.
NOTIC: [8] Undefined variable: rulesArr E:\hisiphp\Application\Runtime\Cache\Admin\71433f1290cc164b549c31c545d4fdbb.php 第 28 行.
NOTIC: [2] in_array() expects parameter 2 to be array, null given E:\hisiphp\Application\Runtime\Cache\Admin\71433f1290cc164b549c31c545d4fdbb.php 第 28 行.
NOTIC: [8] Undefined variable: rulesArr E:\hisiphp\Application\Runtime\Cache\Admin\71433f1290cc164b549c31c545d4fdbb.php 第 26 行.
NOTIC: [2] in_array() expects parameter 2 to be array, null given E:\hisiphp\Application\Runtime\Cache\Admin\71433f1290cc164b549c31c545d4fdbb.php 第 26 行.
NOTIC: [8] Undefined variable: rulesArr E:\hisiphp\Application\Runtime\Cache\Admin\71433f1290cc164b549c31c545d4fdbb.php 第 28 行.
NOTIC: [2] in_array() expects parameter 2 to be array, null given E:\hisiphp\Application\Runtime\Cache\Admin\71433f1290cc164b549c31c545d4fdbb.php 第 28 行.
NOTIC: [8] Undefined variable: rulesArr E:\hisiphp\Application\Runtime\Cache\Admin\71433f1290cc164b549c31c545d4fdbb.php 第 28 行.
NOTIC: [2] in_array() expects parameter 2 to be array, null given E:\hisiphp\Application\Runtime\Cache\Admin\71433f1290cc164b549c31c545d4fdbb.php 第 28 行.
NOTIC: [8] Undefined variable: rulesArr E:\hisiphp\Application\Runtime\Cache\Admin\71433f1290cc164b549c31c545d4fdbb.php 第 28 行.
NOTIC: [2] in_array() expects parameter 2 to be array, null given E:\hisiphp\Application\Runtime\Cache\Admin\71433f1290cc164b549c31c545d4fdbb.php 第 28 行.
NOTIC: [8] Undefined variable: rulesArr E:\hisiphp\Application\Runtime\Cache\Admin\71433f1290cc164b549c31c545d4fdbb.php 第 28 行.
NOTIC: [2] in_array() expects parameter 2 to be array, null given E:\hisiphp\Application\Runtime\Cache\Admin\71433f1290cc164b549c31c545d4fdbb.php 第 28 行.
NOTIC: [8] Undefined variable: rulesArr E:\hisiphp\Application\Runtime\Cache\Admin\71433f1290cc164b549c31c545d4fdbb.php 第 26 行.
NOTIC: [2] in_array() expects parameter 2 to be array, null given E:\hisiphp\Application\Runtime\Cache\Admin\71433f1290cc164b549c31c545d4fdbb.php 第 26 行.
NOTIC: [8] Undefined variable: rulesArr E:\hisiphp\Application\Runtime\Cache\Admin\71433f1290cc164b549c31c545d4fdbb.php 第 28 行.
NOTIC: [2] in_array() expects parameter 2 to be array, null given E:\hisiphp\Application\Runtime\Cache\Admin\71433f1290cc164b549c31c545d4fdbb.php 第 28 行.
NOTIC: [8] Undefined variable: rulesArr E:\hisiphp\Application\Runtime\Cache\Admin\71433f1290cc164b549c31c545d4fdbb.php 第 28 行.
NOTIC: [2] in_array() expects parameter 2 to be array, null given E:\hisiphp\Application\Runtime\Cache\Admin\71433f1290cc164b549c31c545d4fdbb.php 第 28 行.
NOTIC: [8] Undefined variable: rulesArr E:\hisiphp\Application\Runtime\Cache\Admin\71433f1290cc164b549c31c545d4fdbb.php 第 28 行.
NOTIC: [2] in_array() expects parameter 2 to be array, null given E:\hisiphp\Application\Runtime\Cache\Admin\71433f1290cc164b549c31c545d4fdbb.php 第 28 行.
NOTIC: [8] Undefined variable: rulesArr E:\hisiphp\Application\Runtime\Cache\Admin\71433f1290cc164b549c31c545d4fdbb.php 第 28 行.
NOTIC: [2] in_array() expects parameter 2 to be array, null given E:\hisiphp\Application\Runtime\Cache\Admin\71433f1290cc164b549c31c545d4fdbb.php 第 28 行.
INFO: Run Behavior\ParseTemplateBehavior [ RunTime:0.013000s ]
INFO: [ view_parse ] --END-- [ RunTime:0.013000s ]
INFO: [ view_filter ] --START--
INFO: Run Behavior\WriteHtmlCacheBehavior [ RunTime:0.000000s ]
INFO: [ view_filter ] --END-- [ RunTime:0.000000s ]
INFO: [ app_end ] --START--
INFO: Run Behavior\ShowPageTraceBehavior [ RunTime:0.000000s ]
INFO: [ app_end ] --END-- [ RunTime:0.000000s ]

[ 2018-03-30T22:03:04+08:00 ] ::1 /test/index.php/AuthGroup/ruleGroup.html
INFO: [ app_init ] --START--
INFO: Run Behavior\BuildLiteBehavior [ RunTime:0.000000s ]
INFO: [ app_init ] --END-- [ RunTime:0.000000s ]
INFO: [ app_begin ] --START--
INFO: Run Behavior\ReadHtmlCacheBehavior [ RunTime:0.000000s ]
INFO: [ app_begin ] --END-- [ RunTime:0.000000s ]
INFO: [ action_begin ] --START--
SQL: SHOW COLUMNS FROM `admin_auth_rule` [ RunTime:0.0380s ]
SQL: SELECT * FROM `admin_auth_rule` WHERE `menu_name` = 'AuthGroup/ruleGroup' AND `status` = 1 LIMIT 1   [ RunTime:0.0390s ]
INFO: Run Admin\Behaviors\OptionRecordBehavior [ RunTime:0.240000s ]
INFO: [ action_begin ] --END-- [ RunTime:0.240000s ]
SQL: SHOW COLUMNS FROM `admin_auth_group_access` [ RunTime:0.0390s ]
SQL: SELECT `uid`,`group_id`,`title`,`rules` FROM admin_auth_group_access a INNER JOIN admin_auth_group g on a.group_id=g.id  WHERE ( a.uid='15' and g.status='1' )  [ RunTime:0.0380s ]
SQL: SHOW COLUMNS FROM `admin_auth_rule` [ RunTime:0.0390s ]
SQL: SELECT `condition`,`menu_name` FROM `admin_auth_rule` WHERE `id` IN ('2','36','14','21','24','25','26','27','22','28','29','30','31','23','32','33','34','35') AND `type` = 1 AND `status` = 1  [ RunTime:0.0380s ]
SQL: SHOW COLUMNS FROM `admin_auth_group` [ RunTime:0.0380s ]
SQL: UPDATE `admin_auth_group` SET `rules`='14,21,24,25,26,27,22,28,29,30,31,23,32,33,34,35' WHERE `id` = 29 [ RunTime:0.0370s ]

[ 2018-03-30T22:06:51+08:00 ] ::1 /test/
INFO: [ app_init ] --START--
INFO: Run Behavior\BuildLiteBehavior [ RunTime:0.000000s ]
INFO: [ app_init ] --END-- [ RunTime:0.000000s ]
INFO: [ app_begin ] --START--
INFO: Run Behavior\ReadHtmlCacheBehavior [ RunTime:0.000000s ]
INFO: [ app_begin ] --END-- [ RunTime:0.001000s ]
INFO: [ action_begin ] --START--
SQL: SHOW COLUMNS FROM `admin_auth_rule` [ RunTime:0.0350s ]
SQL: SELECT * FROM `admin_auth_rule` WHERE `menu_name` = 'Index/index' AND `status` = 1 LIMIT 1   [ RunTime:0.0350s ]
INFO: Run Admin\Behaviors\OptionRecordBehavior [ RunTime:0.228000s ]
INFO: [ action_begin ] --END-- [ RunTime:0.228000s ]
SQL: SHOW COLUMNS FROM `admin_auth_group_access` [ RunTime:0.0340s ]
SQL: SELECT b.rules FROM admin_auth_group_access a LEFT JOIN admin_auth_group b ON b.id=a.group_id  WHERE a.uid = '15'  [ RunTime:0.0340s ]
SQL: SHOW COLUMNS FROM `admin_auth_rule` [ RunTime:0.0360s ]
SQL: SELECT * FROM `admin_auth_rule` WHERE `id` IN ('2','36','14','21','24','25','26','27','22','28','29','30','31','23','32','33','34','35') AND `is_menu` = 1 AND `status` = 1  [ RunTime:0.0350s ]
INFO: [ view_parse ] --START--
INFO: [ template_filter ] --START--
INFO: Run Behavior\ContentReplaceBehavior [ RunTime:0.000000s ]
INFO: [ template_filter ] --END-- [ RunTime:0.000000s ]
INFO: Run Behavior\ParseTemplateBehavior [ RunTime:0.019000s ]
INFO: [ view_parse ] --END-- [ RunTime:0.019000s ]
INFO: [ view_filter ] --START--
INFO: Run Behavior\WriteHtmlCacheBehavior [ RunTime:0.001000s ]
INFO: [ view_filter ] --END-- [ RunTime:0.001000s ]
INFO: [ app_end ] --START--
INFO: Run Behavior\ShowPageTraceBehavior [ RunTime:0.001000s ]
INFO: [ app_end ] --END-- [ RunTime:0.001000s ]

[ 2018-03-30T22:06:52+08:00 ] ::1 /test/index.php/Index/main.html
INFO: [ app_init ] --START--
INFO: Run Behavior\BuildLiteBehavior [ RunTime:0.000000s ]
INFO: [ app_init ] --END-- [ RunTime:0.001000s ]
INFO: [ app_begin ] --START--
INFO: Run Behavior\ReadHtmlCacheBehavior [ RunTime:0.001000s ]
INFO: [ app_begin ] --END-- [ RunTime:0.001000s ]
INFO: [ action_begin ] --START--
SQL: SHOW COLUMNS FROM `admin_auth_rule` [ RunTime:0.0360s ]
SQL: SELECT * FROM `admin_auth_rule` WHERE `menu_name` = 'Index/main' AND `status` = 1 LIMIT 1   [ RunTime:0.0400s ]
INFO: Run Admin\Behaviors\OptionRecordBehavior [ RunTime:0.249000s ]
INFO: [ action_begin ] --END-- [ RunTime:0.250000s ]
INFO: [ view_parse ] --START--
INFO: [ template_filter ] --START--
INFO: Run Behavior\ContentReplaceBehavior [ RunTime:0.000000s ]
INFO: [ template_filter ] --END-- [ RunTime:0.006000s ]
INFO: Run Behavior\ParseTemplateBehavior [ RunTime:0.016000s ]
INFO: [ view_parse ] --END-- [ RunTime:0.016000s ]
INFO: [ view_filter ] --START--
INFO: Run Behavior\WriteHtmlCacheBehavior [ RunTime:0.001000s ]
INFO: [ view_filter ] --END-- [ RunTime:0.001000s ]
INFO: [ app_end ] --START--
INFO: Run Behavior\ShowPageTraceBehavior [ RunTime:0.001000s ]
INFO: [ app_end ] --END-- [ RunTime:0.001000s ]

[ 2018-03-30T22:06:55+08:00 ] ::1 /test/index.php/Menu/index.html
INFO: [ app_init ] --START--
INFO: Run Behavior\BuildLiteBehavior [ RunTime:0.000000s ]
INFO: [ app_init ] --END-- [ RunTime:0.000000s ]
INFO: [ app_begin ] --START--
INFO: Run Behavior\ReadHtmlCacheBehavior [ RunTime:0.000000s ]
INFO: [ app_begin ] --END-- [ RunTime:0.001000s ]
INFO: [ action_begin ] --START--
SQL: SHOW COLUMNS FROM `admin_auth_rule` [ RunTime:0.0360s ]
SQL: SELECT * FROM `admin_auth_rule` WHERE `menu_name` = 'Menu/index' AND `status` = 1 LIMIT 1   [ RunTime:0.0370s ]
INFO: Run Admin\Behaviors\OptionRecordBehavior [ RunTime:0.231000s ]
INFO: [ action_begin ] --END-- [ RunTime:0.231000s ]
SQL: SHOW COLUMNS FROM `admin_auth_group_access` [ RunTime:0.0360s ]
SQL: SELECT `uid`,`group_id`,`title`,`rules` FROM admin_auth_group_access a INNER JOIN admin_auth_group g on a.group_id=g.id  WHERE ( a.uid='15' and g.status='1' )  [ RunTime:0.0360s ]
SQL: SHOW COLUMNS FROM `admin_auth_rule` [ RunTime:0.0360s ]
SQL: SELECT `condition`,`menu_name` FROM `admin_auth_rule` WHERE `id` IN ('2','36','14','21','24','25','26','27','22','28','29','30','31','23','32','33','34','35') AND `type` = 1 AND `status` = 1  [ RunTime:0.0360s ]
SQL: SELECT * FROM `admin_auth_rule` WHERE `status` = 1 AND `is_menu` = 1  [ RunTime:0.0360s ]
INFO: [ view_parse ] --START--
INFO: [ template_filter ] --START--
INFO: Run Behavior\ContentReplaceBehavior [ RunTime:0.000000s ]
INFO: [ template_filter ] --END-- [ RunTime:0.000000s ]
NOTIC: [8] Undefined offset: 1 E:\hisiphp\Application\Runtime\Cache\Admin\b956215329b6f9aca22277599a4efdfc.php 第 40 行.
NOTIC: [8] Undefined offset: 1 E:\hisiphp\Application\Runtime\Cache\Admin\b956215329b6f9aca22277599a4efdfc.php 第 40 行.
NOTIC: [8] Undefined variable: page E:\hisiphp\Application\Runtime\Cache\Admin\b956215329b6f9aca22277599a4efdfc.php 第 59 行.
INFO: Run Behavior\ParseTemplateBehavior [ RunTime:0.014000s ]
INFO: [ view_parse ] --END-- [ RunTime:0.014000s ]
INFO: [ view_filter ] --START--
INFO: Run Behavior\WriteHtmlCacheBehavior [ RunTime:0.000000s ]
INFO: [ view_filter ] --END-- [ RunTime:0.000000s ]
INFO: [ app_end ] --START--
INFO: Run Behavior\ShowPageTraceBehavior [ RunTime:0.001000s ]
INFO: [ app_end ] --END-- [ RunTime:0.001000s ]

[ 2018-03-30T22:07:06+08:00 ] ::1 /test/index.php/Menu/editMenu.html?id=2
INFO: [ app_init ] --START--
INFO: Run Behavior\BuildLiteBehavior [ RunTime:0.000000s ]
INFO: [ app_init ] --END-- [ RunTime:0.001000s ]
INFO: [ app_begin ] --START--
INFO: Run Behavior\ReadHtmlCacheBehavior [ RunTime:0.001000s ]
INFO: [ app_begin ] --END-- [ RunTime:0.001000s ]
INFO: [ action_begin ] --START--
SQL: SHOW COLUMNS FROM `admin_auth_rule` [ RunTime:0.0350s ]
SQL: SELECT * FROM `admin_auth_rule` WHERE `menu_name` = 'Menu/editMenu' AND `status` = 1 LIMIT 1   [ RunTime:0.0360s ]
INFO: Run Admin\Behaviors\OptionRecordBehavior [ RunTime:0.223000s ]
INFO: [ action_begin ] --END-- [ RunTime:0.223000s ]
SQL: SHOW COLUMNS FROM `admin_auth_group_access` [ RunTime:0.0350s ]
SQL: SELECT `uid`,`group_id`,`title`,`rules` FROM admin_auth_group_access a INNER JOIN admin_auth_group g on a.group_id=g.id  WHERE ( a.uid='15' and g.status='1' )  [ RunTime:0.0350s ]
SQL: SHOW COLUMNS FROM `admin_auth_rule` [ RunTime:0.0350s ]
SQL: SELECT `condition`,`menu_name` FROM `admin_auth_rule` WHERE `id` IN ('2','36','14','21','24','25','26','27','22','28','29','30','31','23','32','33','34','35') AND `type` = 1 AND `status` = 1  [ RunTime:0.0360s ]
SQL: SELECT * FROM `admin_auth_rule` WHERE `id` = 2 LIMIT 1   [ RunTime:0.0350s ]
INFO: [ view_parse ] --START--
INFO: [ template_filter ] --START--
INFO: Run Behavior\ContentReplaceBehavior [ RunTime:0.000000s ]
INFO: [ template_filter ] --END-- [ RunTime:0.000000s ]
NOTIC: [8] Undefined offset: 1 E:\hisiphp\Application\Runtime\Cache\Admin\7d03934630280821b77e8ee5c59ebf41.php 第 26 行.
INFO: Run Behavior\ParseTemplateBehavior [ RunTime:0.010000s ]
INFO: [ view_parse ] --END-- [ RunTime:0.010000s ]
INFO: [ view_filter ] --START--
INFO: Run Behavior\WriteHtmlCacheBehavior [ RunTime:0.001000s ]
INFO: [ view_filter ] --END-- [ RunTime:0.001000s ]
INFO: [ app_end ] --START--
INFO: Run Behavior\ShowPageTraceBehavior [ RunTime:0.001000s ]
INFO: [ app_end ] --END-- [ RunTime:0.001000s ]

[ 2018-03-30T22:09:27+08:00 ] ::1 /test/
INFO: [ app_init ] --START--
INFO: Run Behavior\BuildLiteBehavior [ RunTime:0.000000s ]
INFO: [ app_init ] --END-- [ RunTime:0.001000s ]
INFO: [ app_begin ] --START--
INFO: Run Behavior\ReadHtmlCacheBehavior [ RunTime:0.002000s ]
INFO: [ app_begin ] --END-- [ RunTime:0.002000s ]
INFO: [ action_begin ] --START--
SQL: SHOW COLUMNS FROM `admin_auth_rule` [ RunTime:0.0360s ]
SQL: SELECT * FROM `admin_auth_rule` WHERE `menu_name` = 'Index/index' AND `status` = 1 LIMIT 1   [ RunTime:0.0350s ]
INFO: Run Admin\Behaviors\OptionRecordBehavior [ RunTime:0.232000s ]
INFO: [ action_begin ] --END-- [ RunTime:0.232000s ]
SQL: SHOW COLUMNS FROM `admin_auth_group_access` [ RunTime:0.0360s ]
SQL: SELECT b.rules FROM admin_auth_group_access a LEFT JOIN admin_auth_group b ON b.id=a.group_id  WHERE a.uid = '15'  [ RunTime:0.0360s ]
SQL: SHOW COLUMNS FROM `admin_auth_rule` [ RunTime:0.0360s ]
SQL: SELECT * FROM `admin_auth_rule` WHERE `id` IN ('2','36','14','21','24','25','26','27','22','28','29','30','31','23','32','33','34','35') AND `is_menu` = 1 AND `status` = 1  [ RunTime:0.0360s ]
INFO: [ view_parse ] --START--
INFO: [ template_filter ] --START--
INFO: Run Behavior\ContentReplaceBehavior [ RunTime:0.000000s ]
INFO: [ template_filter ] --END-- [ RunTime:0.000000s ]
INFO: Run Behavior\ParseTemplateBehavior [ RunTime:0.017000s ]
INFO: [ view_parse ] --END-- [ RunTime:0.017000s ]
INFO: [ view_filter ] --START--
INFO: Run Behavior\WriteHtmlCacheBehavior [ RunTime:0.001000s ]
INFO: [ view_filter ] --END-- [ RunTime:0.001000s ]
INFO: [ app_end ] --START--
INFO: Run Behavior\ShowPageTraceBehavior [ RunTime:0.001000s ]
INFO: [ app_end ] --END-- [ RunTime:0.001000s ]

[ 2018-03-30T22:09:27+08:00 ] ::1 /test/index.php/Index/main.html
INFO: [ app_init ] --START--
INFO: Run Behavior\BuildLiteBehavior [ RunTime:0.000000s ]
INFO: [ app_init ] --END-- [ RunTime:0.001000s ]
INFO: [ app_begin ] --START--
INFO: Run Behavior\ReadHtmlCacheBehavior [ RunTime:0.000000s ]
INFO: [ app_begin ] --END-- [ RunTime:0.001000s ]
INFO: [ action_begin ] --START--
SQL: SHOW COLUMNS FROM `admin_auth_rule` [ RunTime:0.0360s ]
SQL: SELECT * FROM `admin_auth_rule` WHERE `menu_name` = 'Index/main' AND `status` = 1 LIMIT 1   [ RunTime:0.0360s ]
INFO: Run Admin\Behaviors\OptionRecordBehavior [ RunTime:0.231000s ]
INFO: [ action_begin ] --END-- [ RunTime:0.231000s ]
INFO: [ view_parse ] --START--
INFO: [ template_filter ] --START--
INFO: Run Behavior\ContentReplaceBehavior [ RunTime:0.000000s ]
INFO: [ template_filter ] --END-- [ RunTime:0.000000s ]
INFO: Run Behavior\ParseTemplateBehavior [ RunTime:0.013000s ]
INFO: [ view_parse ] --END-- [ RunTime:0.013000s ]
INFO: [ view_filter ] --START--
INFO: Run Behavior\WriteHtmlCacheBehavior [ RunTime:0.001000s ]
INFO: [ view_filter ] --END-- [ RunTime:0.001000s ]
INFO: [ app_end ] --START--
INFO: Run Behavior\ShowPageTraceBehavior [ RunTime:0.001000s ]
INFO: [ app_end ] --END-- [ RunTime:0.001000s ]

[ 2018-03-30T22:09:29+08:00 ] ::1 /test/index.php/Menu/index.html
INFO: [ app_init ] --START--
INFO: Run Behavior\BuildLiteBehavior [ RunTime:0.000000s ]
INFO: [ app_init ] --END-- [ RunTime:0.000000s ]
INFO: [ app_begin ] --START--
INFO: Run Behavior\ReadHtmlCacheBehavior [ RunTime:0.001000s ]
INFO: [ app_begin ] --END-- [ RunTime:0.002000s ]
INFO: [ action_begin ] --START--
SQL: SHOW COLUMNS FROM `admin_auth_rule` [ RunTime:0.0360s ]
SQL: SELECT * FROM `admin_auth_rule` WHERE `menu_name` = 'Menu/index' AND `status` = 1 LIMIT 1   [ RunTime:0.0360s ]
INFO: Run Admin\Behaviors\OptionRecordBehavior [ RunTime:0.229000s ]
INFO: [ action_begin ] --END-- [ RunTime:0.229000s ]
SQL: SHOW COLUMNS FROM `admin_auth_group_access` [ RunTime:0.0360s ]
SQL: SELECT `uid`,`group_id`,`title`,`rules` FROM admin_auth_group_access a INNER JOIN admin_auth_group g on a.group_id=g.id  WHERE ( a.uid='15' and g.status='1' )  [ RunTime:0.0360s ]
SQL: SHOW COLUMNS FROM `admin_auth_rule` [ RunTime:0.0360s ]
SQL: SELECT `condition`,`menu_name` FROM `admin_auth_rule` WHERE `id` IN ('2','36','14','21','24','25','26','27','22','28','29','30','31','23','32','33','34','35') AND `type` = 1 AND `status` = 1  [ RunTime:0.0350s ]
SQL: SELECT * FROM `admin_auth_rule` WHERE `status` = 1 AND `is_menu` = 1  [ RunTime:0.0360s ]
INFO: [ view_parse ] --START--
INFO: [ template_filter ] --START--
INFO: Run Behavior\ContentReplaceBehavior [ RunTime:0.000000s ]
INFO: [ template_filter ] --END-- [ RunTime:0.000000s ]
NOTIC: [8] Undefined offset: 1 E:\hisiphp\Application\Runtime\Cache\Admin\b956215329b6f9aca22277599a4efdfc.php 第 40 行.
NOTIC: [8] Undefined offset: 1 E:\hisiphp\Application\Runtime\Cache\Admin\b956215329b6f9aca22277599a4efdfc.php 第 40 行.
NOTIC: [8] Undefined variable: page E:\hisiphp\Application\Runtime\Cache\Admin\b956215329b6f9aca22277599a4efdfc.php 第 59 行.
INFO: Run Behavior\ParseTemplateBehavior [ RunTime:0.015000s ]
INFO: [ view_parse ] --END-- [ RunTime:0.015000s ]
INFO: [ view_filter ] --START--
INFO: Run Behavior\WriteHtmlCacheBehavior [ RunTime:0.000000s ]
INFO: [ view_filter ] --END-- [ RunTime:0.000000s ]
INFO: [ app_end ] --START--
INFO: Run Behavior\ShowPageTraceBehavior [ RunTime:0.001000s ]
INFO: [ app_end ] --END-- [ RunTime:0.001000s ]

[ 2018-03-30T22:09:38+08:00 ] ::1 /test/index.php/Menu/editMenu.html?id=36
INFO: [ app_init ] --START--
INFO: Run Behavior\BuildLiteBehavior [ RunTime:0.000000s ]
INFO: [ app_init ] --END-- [ RunTime:0.000000s ]
INFO: [ app_begin ] --START--
INFO: Run Behavior\ReadHtmlCacheBehavior [ RunTime:0.000000s ]
INFO: [ app_begin ] --END-- [ RunTime:0.001000s ]
INFO: [ action_begin ] --START--
SQL: SHOW COLUMNS FROM `admin_auth_rule` [ RunTime:0.0380s ]
SQL: SELECT * FROM `admin_auth_rule` WHERE `menu_name` = 'Menu/editMenu' AND `status` = 1 LIMIT 1   [ RunTime:0.0370s ]
INFO: Run Admin\Behaviors\OptionRecordBehavior [ RunTime:0.241000s ]
INFO: [ action_begin ] --END-- [ RunTime:0.241000s ]
SQL: SHOW COLUMNS FROM `admin_auth_group_access` [ RunTime:0.0390s ]
SQL: SELECT `uid`,`group_id`,`title`,`rules` FROM admin_auth_group_access a INNER JOIN admin_auth_group g on a.group_id=g.id  WHERE ( a.uid='15' and g.status='1' )  [ RunTime:0.0380s ]
SQL: SHOW COLUMNS FROM `admin_auth_rule` [ RunTime:0.0380s ]
SQL: SELECT `condition`,`menu_name` FROM `admin_auth_rule` WHERE `id` IN ('2','36','14','21','24','25','26','27','22','28','29','30','31','23','32','33','34','35') AND `type` = 1 AND `status` = 1  [ RunTime:0.0390s ]
SQL: SELECT * FROM `admin_auth_rule` WHERE `id` = 36 LIMIT 1   [ RunTime:0.0400s ]
INFO: [ view_parse ] --START--
INFO: [ template_filter ] --START--
INFO: Run Behavior\ContentReplaceBehavior [ RunTime:0.000000s ]
INFO: [ template_filter ] --END-- [ RunTime:0.000000s ]
INFO: Run Behavior\ParseTemplateBehavior [ RunTime:0.009000s ]
INFO: [ view_parse ] --END-- [ RunTime:0.009000s ]
INFO: [ view_filter ] --START--
INFO: Run Behavior\WriteHtmlCacheBehavior [ RunTime:0.000000s ]
INFO: [ view_filter ] --END-- [ RunTime:0.001000s ]
INFO: [ app_end ] --START--
INFO: Run Behavior\ShowPageTraceBehavior [ RunTime:0.001000s ]
INFO: [ app_end ] --END-- [ RunTime:0.001000s ]

[ 2018-03-30T22:09:44+08:00 ] ::1 /test/index.php/Menu/deleteMenu.html
INFO: [ app_init ] --START--
INFO: Run Behavior\BuildLiteBehavior [ RunTime:0.000000s ]
INFO: [ app_init ] --END-- [ RunTime:0.001000s ]
INFO: [ app_begin ] --START--
INFO: Run Behavior\ReadHtmlCacheBehavior [ RunTime:0.001000s ]
INFO: [ app_begin ] --END-- [ RunTime:0.001000s ]
INFO: [ action_begin ] --START--
SQL: SHOW COLUMNS FROM `admin_auth_rule` [ RunTime:0.0370s ]
SQL: SELECT * FROM `admin_auth_rule` WHERE `menu_name` = 'Menu/deleteMenu' AND `status` = 1 LIMIT 1   [ RunTime:0.0350s ]
INFO: Run Admin\Behaviors\OptionRecordBehavior [ RunTime:0.226000s ]
INFO: [ action_begin ] --END-- [ RunTime:0.226000s ]
SQL: SHOW COLUMNS FROM `admin_auth_group_access` [ RunTime:0.0350s ]
SQL: SELECT `uid`,`group_id`,`title`,`rules` FROM admin_auth_group_access a INNER JOIN admin_auth_group g on a.group_id=g.id  WHERE ( a.uid='15' and g.status='1' )  [ RunTime:0.0360s ]
SQL: SHOW COLUMNS FROM `admin_auth_rule` [ RunTime:0.0360s ]
SQL: SELECT `condition`,`menu_name` FROM `admin_auth_rule` WHERE `id` IN ('2','36','14','21','24','25','26','27','22','28','29','30','31','23','32','33','34','35') AND `type` = 1 AND `status` = 1  [ RunTime:0.0360s ]
SQL: SELECT * FROM `admin_auth_rule` WHERE `pid` = 36 AND `status` = 1 LIMIT 1   [ RunTime:0.0360s ]
SQL: UPDATE `admin_auth_rule` SET `status`='2' WHERE `id` = 36 [ RunTime:0.0340s ]

[ 2018-03-30T22:09:46+08:00 ] ::1 /test/index.php/Menu/index.html
INFO: [ app_init ] --START--
INFO: Run Behavior\BuildLiteBehavior [ RunTime:0.000000s ]
INFO: [ app_init ] --END-- [ RunTime:0.000000s ]
INFO: [ app_begin ] --START--
INFO: Run Behavior\ReadHtmlCacheBehavior [ RunTime:0.001000s ]
INFO: [ app_begin ] --END-- [ RunTime:0.001000s ]
INFO: [ action_begin ] --START--
SQL: SHOW COLUMNS FROM `admin_auth_rule` [ RunTime:0.0380s ]
SQL: SELECT * FROM `admin_auth_rule` WHERE `menu_name` = 'Menu/index' AND `status` = 1 LIMIT 1   [ RunTime:0.0380s ]
INFO: Run Admin\Behaviors\OptionRecordBehavior [ RunTime:0.243000s ]
INFO: [ action_begin ] --END-- [ RunTime:0.243000s ]
SQL: SHOW COLUMNS FROM `admin_auth_group_access` [ RunTime:0.0380s ]
SQL: SELECT `uid`,`group_id`,`title`,`rules` FROM admin_auth_group_access a INNER JOIN admin_auth_group g on a.group_id=g.id  WHERE ( a.uid='15' and g.status='1' )  [ RunTime:0.0380s ]
SQL: SHOW COLUMNS FROM `admin_auth_rule` [ RunTime:0.0390s ]
SQL: SELECT `condition`,`menu_name` FROM `admin_auth_rule` WHERE `id` IN ('2','36','14','21','24','25','26','27','22','28','29','30','31','23','32','33','34','35') AND `type` = 1 AND `status` = 1  [ RunTime:0.0380s ]
SQL: SELECT * FROM `admin_auth_rule` WHERE `status` = 1 AND `is_menu` = 1  [ RunTime:0.0380s ]
INFO: [ view_parse ] --START--
INFO: [ template_filter ] --START--
INFO: Run Behavior\ContentReplaceBehavior [ RunTime:0.000000s ]
INFO: [ template_filter ] --END-- [ RunTime:0.000000s ]
NOTIC: [8] Undefined offset: 1 E:\hisiphp\Application\Runtime\Cache\Admin\b956215329b6f9aca22277599a4efdfc.php 第 40 行.
NOTIC: [8] Undefined offset: 1 E:\hisiphp\Application\Runtime\Cache\Admin\b956215329b6f9aca22277599a4efdfc.php 第 40 行.
NOTIC: [8] Undefined variable: page E:\hisiphp\Application\Runtime\Cache\Admin\b956215329b6f9aca22277599a4efdfc.php 第 59 行.
INFO: Run Behavior\ParseTemplateBehavior [ RunTime:0.013000s ]
INFO: [ view_parse ] --END-- [ RunTime:0.013000s ]
INFO: [ view_filter ] --START--
INFO: Run Behavior\WriteHtmlCacheBehavior [ RunTime:0.001000s ]
INFO: [ view_filter ] --END-- [ RunTime:0.001000s ]
INFO: [ app_end ] --START--
INFO: Run Behavior\ShowPageTraceBehavior [ RunTime:0.001000s ]
INFO: [ app_end ] --END-- [ RunTime:0.001000s ]

[ 2018-03-30T22:10:23+08:00 ] ::1 /test/index.php/AuthGroup/authGroupList.html
INFO: [ app_init ] --START--
INFO: Run Behavior\BuildLiteBehavior [ RunTime:0.000000s ]
INFO: [ app_init ] --END-- [ RunTime:0.000000s ]
INFO: [ app_begin ] --START--
INFO: Run Behavior\ReadHtmlCacheBehavior [ RunTime:0.001000s ]
INFO: [ app_begin ] --END-- [ RunTime:0.001000s ]
INFO: [ action_begin ] --START--
SQL: SHOW COLUMNS FROM `admin_auth_rule` [ RunTime:0.0370s ]
SQL: SELECT * FROM `admin_auth_rule` WHERE `menu_name` = 'AuthGroup/authGroupList' AND `status` = 1 LIMIT 1   [ RunTime:0.0370s ]
INFO: Run Admin\Behaviors\OptionRecordBehavior [ RunTime:0.231000s ]
INFO: [ action_begin ] --END-- [ RunTime:0.231000s ]
SQL: SHOW COLUMNS FROM `admin_auth_group_access` [ RunTime:0.0370s ]
SQL: SELECT `uid`,`group_id`,`title`,`rules` FROM admin_auth_group_access a INNER JOIN admin_auth_group g on a.group_id=g.id  WHERE ( a.uid='15' and g.status='1' )  [ RunTime:0.0360s ]
SQL: SHOW COLUMNS FROM `admin_auth_rule` [ RunTime:0.0370s ]
SQL: SELECT `condition`,`menu_name` FROM `admin_auth_rule` WHERE `id` IN ('2','36','14','21','24','25','26','27','22','28','29','30','31','23','32','33','34','35') AND `type` = 1 AND `status` = 1  [ RunTime:0.0370s ]
SQL: SHOW COLUMNS FROM `admin_auth_group` [ RunTime:0.0370s ]
SQL: SELECT COUNT(*) AS tp_count FROM `admin_auth_group` WHERE `status` = 1 LIMIT 1   [ RunTime:0.0360s ]
SQL: SELECT * FROM `admin_auth_group` WHERE `status` = 1 ORDER BY is_manage DESC,id DESC LIMIT 0,15   [ RunTime:0.0360s ]
INFO: [ view_parse ] --START--
INFO: [ template_filter ] --START--
INFO: Run Behavior\ContentReplaceBehavior [ RunTime:0.000000s ]
INFO: [ template_filter ] --END-- [ RunTime:0.000000s ]
INFO: Run Behavior\ParseTemplateBehavior [ RunTime:0.013000s ]
INFO: [ view_parse ] --END-- [ RunTime:0.013000s ]
INFO: [ view_filter ] --START--
INFO: Run Behavior\WriteHtmlCacheBehavior [ RunTime:0.000000s ]
INFO: [ view_filter ] --END-- [ RunTime:0.000000s ]
INFO: [ app_end ] --START--
INFO: Run Behavior\ShowPageTraceBehavior [ RunTime:0.001000s ]
INFO: [ app_end ] --END-- [ RunTime:0.001000s ]

[ 2018-03-30T22:10:24+08:00 ] ::1 /test/index.php/User/index.html
INFO: [ app_init ] --START--
INFO: Run Behavior\BuildLiteBehavior [ RunTime:0.000000s ]
INFO: [ app_init ] --END-- [ RunTime:0.000000s ]
INFO: [ app_begin ] --START--
INFO: Run Behavior\ReadHtmlCacheBehavior [ RunTime:0.002000s ]
INFO: [ app_begin ] --END-- [ RunTime:0.002000s ]
INFO: [ action_begin ] --START--
SQL: SHOW COLUMNS FROM `admin_auth_rule` [ RunTime:0.0350s ]
SQL: SELECT * FROM `admin_auth_rule` WHERE `menu_name` = 'User/index' AND `status` = 1 LIMIT 1   [ RunTime:0.0350s ]
INFO: Run Admin\Behaviors\OptionRecordBehavior [ RunTime:0.226000s ]
INFO: [ action_begin ] --END-- [ RunTime:0.226000s ]
SQL: SHOW COLUMNS FROM `admin_auth_group_access` [ RunTime:0.0350s ]
SQL: SELECT `uid`,`group_id`,`title`,`rules` FROM admin_auth_group_access a INNER JOIN admin_auth_group g on a.group_id=g.id  WHERE ( a.uid='15' and g.status='1' )  [ RunTime:0.0360s ]
SQL: SHOW COLUMNS FROM `admin_auth_rule` [ RunTime:0.0360s ]
SQL: SELECT `condition`,`menu_name` FROM `admin_auth_rule` WHERE `id` IN ('2','36','14','21','24','25','26','27','22','28','29','30','31','23','32','33','34','35') AND `type` = 1 AND `status` = 1  [ RunTime:0.0350s ]
SQL: SHOW COLUMNS FROM `admin_user` [ RunTime:0.0350s ]
SQL: SELECT COUNT(*) AS tp_count FROM `admin_user` WHERE `status` = 1 LIMIT 1   [ RunTime:0.0340s ]
SQL: SELECT * FROM `admin_user` WHERE `status` = 1 LIMIT 0,10   [ RunTime:0.0340s ]
INFO: [ view_parse ] --START--
INFO: [ template_filter ] --START--
INFO: Run Behavior\ContentReplaceBehavior [ RunTime:0.000000s ]
INFO: [ template_filter ] --END-- [ RunTime:0.000000s ]
INFO: Run Behavior\ParseTemplateBehavior [ RunTime:0.011000s ]
INFO: [ view_parse ] --END-- [ RunTime:0.011000s ]
INFO: [ view_filter ] --START--
INFO: Run Behavior\WriteHtmlCacheBehavior [ RunTime:0.001000s ]
INFO: [ view_filter ] --END-- [ RunTime:0.001000s ]
INFO: [ app_end ] --START--
INFO: Run Behavior\ShowPageTraceBehavior [ RunTime:0.001000s ]
INFO: [ app_end ] --END-- [ RunTime:0.001000s ]

[ 2018-03-30T22:17:56+08:00 ] ::1 /test/index.php/User/editUser.html?user_id=15
INFO: [ app_init ] --START--
INFO: Run Behavior\BuildLiteBehavior [ RunTime:0.000000s ]
INFO: [ app_init ] --END-- [ RunTime:0.000000s ]
INFO: [ app_begin ] --START--
INFO: Run Behavior\ReadHtmlCacheBehavior [ RunTime:0.001000s ]
INFO: [ app_begin ] --END-- [ RunTime:0.001000s ]
INFO: [ action_begin ] --START--
SQL: SHOW COLUMNS FROM `admin_auth_rule` [ RunTime:0.0350s ]
SQL: SELECT * FROM `admin_auth_rule` WHERE `menu_name` = 'User/editUser' AND `status` = 1 LIMIT 1   [ RunTime:0.0350s ]
INFO: Run Admin\Behaviors\OptionRecordBehavior [ RunTime:0.225000s ]
INFO: [ action_begin ] --END-- [ RunTime:0.226000s ]
SQL: SHOW COLUMNS FROM `admin_auth_group_access` [ RunTime:0.0360s ]
SQL: SELECT `uid`,`group_id`,`title`,`rules` FROM admin_auth_group_access a INNER JOIN admin_auth_group g on a.group_id=g.id  WHERE ( a.uid='15' and g.status='1' )  [ RunTime:0.0350s ]
SQL: SHOW COLUMNS FROM `admin_auth_rule` [ RunTime:0.0350s ]
SQL: SELECT `condition`,`menu_name` FROM `admin_auth_rule` WHERE `id` IN ('2','36','14','21','24','25','26','27','22','28','29','30','31','23','32','33','34','35') AND `type` = 1 AND `status` = 1  [ RunTime:0.0360s ]
SQL: SHOW COLUMNS FROM `admin_user` [ RunTime:0.0360s ]
SQL: SELECT * FROM `admin_user` WHERE `id` = 15 AND `status` = 1 LIMIT 1   [ RunTime:0.0350s ]
INFO: [ view_parse ] --START--
INFO: [ template_filter ] --START--
INFO: Run Behavior\ContentReplaceBehavior [ RunTime:0.000000s ]
INFO: [ template_filter ] --END-- [ RunTime:0.000000s ]
INFO: Run Behavior\ParseTemplateBehavior [ RunTime:0.015000s ]
INFO: [ view_parse ] --END-- [ RunTime:0.015000s ]
INFO: [ view_filter ] --START--
INFO: Run Behavior\WriteHtmlCacheBehavior [ RunTime:0.001000s ]
INFO: [ view_filter ] --END-- [ RunTime:0.001000s ]
INFO: [ app_end ] --START--
INFO: Run Behavior\ShowPageTraceBehavior [ RunTime:0.001000s ]
INFO: [ app_end ] --END-- [ RunTime:0.001000s ]

[ 2018-03-30T22:32:24+08:00 ] ::1 /test/index.php/User/editUser.html?user_id=15
INFO: [ app_init ] --START--
INFO: Run Behavior\BuildLiteBehavior [ RunTime:0.000000s ]
INFO: [ app_init ] --END-- [ RunTime:0.001000s ]
INFO: [ app_begin ] --START--
INFO: Run Behavior\ReadHtmlCacheBehavior [ RunTime:0.001000s ]
INFO: [ app_begin ] --END-- [ RunTime:0.001000s ]
INFO: [ action_begin ] --START--
SQL: SHOW COLUMNS FROM `admin_auth_rule` [ RunTime:0.0380s ]
SQL: SELECT * FROM `admin_auth_rule` WHERE `menu_name` = 'User/editUser' AND `status` = 1 LIMIT 1   [ RunTime:0.0380s ]
INFO: Run Admin\Behaviors\OptionRecordBehavior [ RunTime:0.237000s ]
INFO: [ action_begin ] --END-- [ RunTime:0.237000s ]
SQL: SHOW COLUMNS FROM `admin_auth_group_access` [ RunTime:0.0370s ]
SQL: SELECT `uid`,`group_id`,`title`,`rules` FROM admin_auth_group_access a INNER JOIN admin_auth_group g on a.group_id=g.id  WHERE ( a.uid='15' and g.status='1' )  [ RunTime:0.0380s ]
SQL: SHOW COLUMNS FROM `admin_auth_rule` [ RunTime:0.0360s ]
SQL: SELECT `condition`,`menu_name` FROM `admin_auth_rule` WHERE `id` IN ('2','36','14','21','24','25','26','27','22','28','29','30','31','23','32','33','34','35') AND `type` = 1 AND `status` = 1  [ RunTime:0.0380s ]
SQL: SHOW COLUMNS FROM `admin_user` [ RunTime:0.0380s ]
SQL: SELECT * FROM `admin_user` WHERE `id` = 15 AND `status` = 1 LIMIT 1   [ RunTime:0.0370s ]
INFO: [ view_parse ] --START--
INFO: [ template_filter ] --START--
INFO: Run Behavior\ContentReplaceBehavior [ RunTime:0.000000s ]
INFO: [ template_filter ] --END-- [ RunTime:0.000000s ]
INFO: Run Behavior\ParseTemplateBehavior [ RunTime:0.009000s ]
INFO: [ view_parse ] --END-- [ RunTime:0.009000s ]
INFO: [ view_filter ] --START--
INFO: Run Behavior\WriteHtmlCacheBehavior [ RunTime:0.001000s ]
INFO: [ view_filter ] --END-- [ RunTime:0.001000s ]
INFO: [ app_end ] --START--
INFO: Run Behavior\ShowPageTraceBehavior [ RunTime:0.001000s ]
INFO: [ app_end ] --END-- [ RunTime:0.001000s ]

[ 2018-03-30T22:39:15+08:00 ] ::1 /test/index.php/Menu/addMenu.html?id=0
INFO: [ app_init ] --START--
INFO: Run Behavior\BuildLiteBehavior [ RunTime:0.000000s ]
INFO: [ app_init ] --END-- [ RunTime:0.000000s ]
INFO: [ app_begin ] --START--
INFO: Run Behavior\ReadHtmlCacheBehavior [ RunTime:0.001000s ]
INFO: [ app_begin ] --END-- [ RunTime:0.001000s ]
INFO: [ action_begin ] --START--
SQL: SHOW COLUMNS FROM `admin_auth_rule` [ RunTime:0.0380s ]
SQL: SELECT * FROM `admin_auth_rule` WHERE `menu_name` = 'Menu/addMenu' AND `status` = 1 LIMIT 1   [ RunTime:0.0380s ]
INFO: Run Admin\Behaviors\OptionRecordBehavior [ RunTime:0.240000s ]
INFO: [ action_begin ] --END-- [ RunTime:0.240000s ]
SQL: SHOW COLUMNS FROM `admin_auth_group_access` [ RunTime:0.0370s ]
SQL: SELECT `uid`,`group_id`,`title`,`rules` FROM admin_auth_group_access a INNER JOIN admin_auth_group g on a.group_id=g.id  WHERE ( a.uid='15' and g.status='1' )  [ RunTime:0.0380s ]
SQL: SHOW COLUMNS FROM `admin_auth_rule` [ RunTime:0.0390s ]
SQL: SELECT `condition`,`menu_name` FROM `admin_auth_rule` WHERE `id` IN ('2','36','14','21','24','25','26','27','22','28','29','30','31','23','32','33','34','35') AND `type` = 1 AND `status` = 1  [ RunTime:0.0370s ]
INFO: [ view_parse ] --START--
INFO: [ template_filter ] --START--
INFO: Run Behavior\ContentReplaceBehavior [ RunTime:0.000000s ]
INFO: [ template_filter ] --END-- [ RunTime:0.000000s ]
INFO: Run Behavior\ParseTemplateBehavior [ RunTime:0.010000s ]
INFO: [ view_parse ] --END-- [ RunTime:0.010000s ]
INFO: [ view_filter ] --START--
INFO: Run Behavior\WriteHtmlCacheBehavior [ RunTime:0.001000s ]
INFO: [ view_filter ] --END-- [ RunTime:0.001000s ]
INFO: [ app_end ] --START--
INFO: Run Behavior\ShowPageTraceBehavior [ RunTime:0.001000s ]
INFO: [ app_end ] --END-- [ RunTime:0.001000s ]

