[ 2018-04-05T21:18:09+08:00 ] ::1 /test/
INFO: [ app_init ] --START--
INFO: Run Behavior\BuildLiteBehavior [ RunTime:0.000000s ]
INFO: [ app_init ] --END-- [ RunTime:0.000000s ]
INFO: [ app_begin ] --START--
INFO: Run Behavior\ReadHtmlCacheBehavior [ RunTime:0.001000s ]
INFO: [ app_begin ] --END-- [ RunTime:0.001000s ]
INFO: [ action_begin ] --START--
SQL: SHOW COLUMNS FROM `admin_auth_rule` [ RunTime:0.0590s ]
SQL: SELECT * FROM `admin_auth_rule` WHERE `menu_name` = 'Index/index' AND `status` = 1 LIMIT 1   [ RunTime:0.0630s ]
INFO: Run Admin\Behaviors\OptionRecordBehavior [ RunTime:0.293000s ]
INFO: [ action_begin ] --END-- [ RunTime:0.294000s ]

[ 2018-04-05T21:18:09+08:00 ] ::1 /test/index.php/Login/login.html
INFO: [ app_init ] --START--
INFO: Run Behavior\BuildLiteBehavior [ RunTime:0.000000s ]
INFO: [ app_init ] --END-- [ RunTime:0.001000s ]
INFO: [ app_begin ] --START--
INFO: Run Behavior\ReadHtmlCacheBehavior [ RunTime:0.001000s ]
INFO: [ app_begin ] --END-- [ RunTime:0.001000s ]
INFO: [ action_begin ] --START--
SQL: SHOW COLUMNS FROM `admin_auth_rule` [ RunTime:0.0340s ]
SQL: SELECT * FROM `admin_auth_rule` WHERE `menu_name` = 'Login/login' AND `status` = 1 LIMIT 1   [ RunTime:0.0350s ]
INFO: Run Admin\Behaviors\OptionRecordBehavior [ RunTime:0.225000s ]
INFO: [ action_begin ] --END-- [ RunTime:0.225000s ]
INFO: [ view_parse ] --START--
INFO: [ template_filter ] --START--
INFO: Run Behavior\ContentReplaceBehavior [ RunTime:0.000000s ]
INFO: [ template_filter ] --END-- [ RunTime:0.000000s ]
INFO: Run Behavior\ParseTemplateBehavior [ RunTime:0.015000s ]
INFO: [ view_parse ] --END-- [ RunTime:0.015000s ]
INFO: [ view_filter ] --START--
INFO: Run Behavior\WriteHtmlCacheBehavior [ RunTime:0.001000s ]
INFO: [ view_filter ] --END-- [ RunTime:0.001000s ]
INFO: [ app_end ] --START--
INFO: Run Behavior\ShowPageTraceBehavior [ RunTime:0.001000s ]
INFO: [ app_end ] --END-- [ RunTime:0.001000s ]

[ 2018-04-05T21:18:10+08:00 ] ::1 /test/index.php/Login/verify.html
INFO: [ app_init ] --START--
INFO: Run Behavior\BuildLiteBehavior [ RunTime:0.000000s ]
INFO: [ app_init ] --END-- [ RunTime:0.000000s ]
INFO: [ app_begin ] --START--
INFO: Run Behavior\ReadHtmlCacheBehavior [ RunTime:0.001000s ]
INFO: [ app_begin ] --END-- [ RunTime:0.001000s ]
INFO: [ action_begin ] --START--
SQL: SHOW COLUMNS FROM `admin_auth_rule` [ RunTime:0.0380s ]
SQL: SELECT * FROM `admin_auth_rule` WHERE `menu_name` = 'Login/verify' AND `status` = 1 LIMIT 1   [ RunTime:0.0370s ]
INFO: Run Admin\Behaviors\OptionRecordBehavior [ RunTime:0.241000s ]
INFO: [ action_begin ] --END-- [ RunTime:0.241000s ]
INFO: [ app_end ] --START--
INFO: Run Behavior\ShowPageTraceBehavior [ RunTime:0.001000s ]
INFO: [ app_end ] --END-- [ RunTime:0.001000s ]

[ 2018-04-05T21:18:30+08:00 ] ::1 /test/index.php/Login/verify.html?0.8659851357395425
INFO: [ app_init ] --START--
INFO: Run Behavior\BuildLiteBehavior [ RunTime:0.000000s ]
INFO: [ app_init ] --END-- [ RunTime:0.000000s ]
INFO: [ app_begin ] --START--
INFO: Run Behavior\ReadHtmlCacheBehavior [ RunTime:0.001000s ]
INFO: [ app_begin ] --END-- [ RunTime:0.001000s ]
INFO: [ action_begin ] --START--
SQL: SHOW COLUMNS FROM `admin_auth_rule` [ RunTime:0.0370s ]
SQL: SELECT * FROM `admin_auth_rule` WHERE `menu_name` = 'Login/verify' AND `status` = 1 LIMIT 1   [ RunTime:0.0370s ]
INFO: Run Admin\Behaviors\OptionRecordBehavior [ RunTime:0.250000s ]
INFO: [ action_begin ] --END-- [ RunTime:0.250000s ]
INFO: [ app_end ] --START--
INFO: Run Behavior\ShowPageTraceBehavior [ RunTime:0.001000s ]
INFO: [ app_end ] --END-- [ RunTime:0.001000s ]

[ 2018-04-05T21:18:34+08:00 ] ::1 /test/index.php/Login/doLogin.html
INFO: [ app_init ] --START--
INFO: Run Behavior\BuildLiteBehavior [ RunTime:0.000000s ]
INFO: [ app_init ] --END-- [ RunTime:0.001000s ]
INFO: [ app_begin ] --START--
INFO: Run Behavior\ReadHtmlCacheBehavior [ RunTime:0.001000s ]
INFO: [ app_begin ] --END-- [ RunTime:0.001000s ]
INFO: [ action_begin ] --START--
SQL: SHOW COLUMNS FROM `admin_auth_rule` [ RunTime:0.0370s ]
SQL: SELECT * FROM `admin_auth_rule` WHERE `menu_name` = 'Login/doLogin' AND `status` = 1 LIMIT 1   [ RunTime:0.0360s ]
INFO: Run Admin\Behaviors\OptionRecordBehavior [ RunTime:0.249000s ]
INFO: [ action_begin ] --END-- [ RunTime:0.249000s ]
SQL: SHOW COLUMNS FROM `admin_user` [ RunTime:0.0370s ]
SQL: SELECT * FROM `admin_user` WHERE `user_name` = 'yongcheng.wang' AND `password` = 'e10adc3949ba59abbe56e057f20f883e' AND `status` = 1 LIMIT 1   [ RunTime:0.0380s ]

[ 2018-04-05T21:18:34+08:00 ] ::1 /test/index.php/Login/verify.html?0.8659851357395425?0.30936749353953896
INFO: [ app_init ] --START--
INFO: Run Behavior\BuildLiteBehavior [ RunTime:0.000000s ]
INFO: [ app_init ] --END-- [ RunTime:0.000000s ]
INFO: [ app_begin ] --START--
INFO: Run Behavior\ReadHtmlCacheBehavior [ RunTime:0.002000s ]
INFO: [ app_begin ] --END-- [ RunTime:0.002000s ]
INFO: [ action_begin ] --START--
SQL: SHOW COLUMNS FROM `admin_auth_rule` [ RunTime:0.0380s ]
SQL: SELECT * FROM `admin_auth_rule` WHERE `menu_name` = 'Login/verify' AND `status` = 1 LIMIT 1   [ RunTime:0.0370s ]
INFO: Run Admin\Behaviors\OptionRecordBehavior [ RunTime:0.234000s ]
INFO: [ action_begin ] --END-- [ RunTime:0.234000s ]
INFO: [ app_end ] --START--
INFO: Run Behavior\ShowPageTraceBehavior [ RunTime:0.001000s ]
INFO: [ app_end ] --END-- [ RunTime:0.001000s ]

[ 2018-04-05T21:18:43+08:00 ] ::1 /test/index.php/Login/doLogin.html
INFO: [ app_init ] --START--
INFO: Run Behavior\BuildLiteBehavior [ RunTime:0.000000s ]
INFO: [ app_init ] --END-- [ RunTime:0.001000s ]
INFO: [ app_begin ] --START--
INFO: Run Behavior\ReadHtmlCacheBehavior [ RunTime:0.001000s ]
INFO: [ app_begin ] --END-- [ RunTime:0.001000s ]
INFO: [ action_begin ] --START--
SQL: SHOW COLUMNS FROM `admin_auth_rule` [ RunTime:0.0360s ]
SQL: SELECT * FROM `admin_auth_rule` WHERE `menu_name` = 'Login/doLogin' AND `status` = 1 LIMIT 1   [ RunTime:0.0350s ]
INFO: Run Admin\Behaviors\OptionRecordBehavior [ RunTime:0.231000s ]
INFO: [ action_begin ] --END-- [ RunTime:0.231000s ]
SQL: SHOW COLUMNS FROM `admin_user` [ RunTime:0.0350s ]
SQL: SELECT * FROM `admin_user` WHERE `user_name` = 'admin' AND `password` = 'e10adc3949ba59abbe56e057f20f883e' AND `status` = 1 LIMIT 1   [ RunTime:0.0350s ]
SQL: UPDATE `admin_user` SET `lastlogin_time`='1522934323' WHERE `id` = 15 [ RunTime:0.0880s ]

[ 2018-04-05T21:18:44+08:00 ] ::1 /test/index.php/Index/index.html
INFO: [ app_init ] --START--
INFO: Run Behavior\BuildLiteBehavior [ RunTime:0.000000s ]
INFO: [ app_init ] --END-- [ RunTime:0.001000s ]
INFO: [ app_begin ] --START--
INFO: Run Behavior\ReadHtmlCacheBehavior [ RunTime:0.002000s ]
INFO: [ app_begin ] --END-- [ RunTime:0.002000s ]
INFO: [ action_begin ] --START--
SQL: SHOW COLUMNS FROM `admin_auth_rule` [ RunTime:0.0390s ]
SQL: SELECT * FROM `admin_auth_rule` WHERE `menu_name` = 'Index/index' AND `status` = 1 LIMIT 1   [ RunTime:0.0360s ]
INFO: Run Admin\Behaviors\OptionRecordBehavior [ RunTime:0.244000s ]
INFO: [ action_begin ] --END-- [ RunTime:0.244000s ]
SQL: SHOW COLUMNS FROM `admin_auth_group_access` [ RunTime:0.0360s ]
SQL: SELECT b.rules FROM admin_auth_group_access a LEFT JOIN admin_auth_group b ON b.id=a.group_id  WHERE a.uid = '15'  [ RunTime:0.0660s ]
SQL: SHOW COLUMNS FROM `admin_auth_rule` [ RunTime:0.0370s ]
SQL: SELECT * FROM `admin_auth_rule` WHERE `id` IN ('2','14','21','24','25','26','27','22','28','29','30','31','23','33','35','37','39','40','38','32') AND `is_menu` = 1 AND `status` = 1  [ RunTime:0.0360s ]
INFO: [ view_parse ] --START--
INFO: [ template_filter ] --START--
INFO: Run Behavior\ContentReplaceBehavior [ RunTime:0.001000s ]
INFO: [ template_filter ] --END-- [ RunTime:0.001000s ]
INFO: Run Behavior\ParseTemplateBehavior [ RunTime:0.022000s ]
INFO: [ view_parse ] --END-- [ RunTime:0.022000s ]
INFO: [ view_filter ] --START--
INFO: Run Behavior\WriteHtmlCacheBehavior [ RunTime:0.001000s ]
INFO: [ view_filter ] --END-- [ RunTime:0.001000s ]
INFO: [ app_end ] --START--
INFO: Run Behavior\ShowPageTraceBehavior [ RunTime:0.002000s ]
INFO: [ app_end ] --END-- [ RunTime:0.002000s ]

[ 2018-04-05T21:18:44+08:00 ] ::1 /test/index.php/Index/main.html
INFO: [ app_init ] --START--
INFO: Run Behavior\BuildLiteBehavior [ RunTime:0.000000s ]
INFO: [ app_init ] --END-- [ RunTime:0.000000s ]
INFO: [ app_begin ] --START--
INFO: Run Behavior\ReadHtmlCacheBehavior [ RunTime:0.001000s ]
INFO: [ app_begin ] --END-- [ RunTime:0.001000s ]
INFO: [ action_begin ] --START--
SQL: SHOW COLUMNS FROM `admin_auth_rule` [ RunTime:0.0370s ]
SQL: SELECT * FROM `admin_auth_rule` WHERE `menu_name` = 'Index/main' AND `status` = 1 LIMIT 1   [ RunTime:0.0350s ]
INFO: Run Admin\Behaviors\OptionRecordBehavior [ RunTime:0.232000s ]
INFO: [ action_begin ] --END-- [ RunTime:0.232000s ]
INFO: [ view_parse ] --START--
INFO: [ template_filter ] --START--
INFO: Run Behavior\ContentReplaceBehavior [ RunTime:0.000000s ]
INFO: [ template_filter ] --END-- [ RunTime:0.000000s ]
INFO: Run Behavior\ParseTemplateBehavior [ RunTime:0.011000s ]
INFO: [ view_parse ] --END-- [ RunTime:0.011000s ]
INFO: [ view_filter ] --START--
INFO: Run Behavior\WriteHtmlCacheBehavior [ RunTime:0.001000s ]
INFO: [ view_filter ] --END-- [ RunTime:0.001000s ]
INFO: [ app_end ] --START--
INFO: Run Behavior\ShowPageTraceBehavior [ RunTime:0.001000s ]
INFO: [ app_end ] --END-- [ RunTime:0.001000s ]

[ 2018-04-05T21:18:47+08:00 ] ::1 /test/index.php/Task/taskList.html
INFO: [ app_init ] --START--
INFO: Run Behavior\BuildLiteBehavior [ RunTime:0.000000s ]
INFO: [ app_init ] --END-- [ RunTime:0.001000s ]
INFO: [ app_begin ] --START--
INFO: Run Behavior\ReadHtmlCacheBehavior [ RunTime:0.001000s ]
INFO: [ app_begin ] --END-- [ RunTime:0.001000s ]
INFO: [ action_begin ] --START--
SQL: SHOW COLUMNS FROM `admin_auth_rule` [ RunTime:0.0380s ]
SQL: SELECT * FROM `admin_auth_rule` WHERE `menu_name` = 'Task/taskList' AND `status` = 1 LIMIT 1   [ RunTime:0.0390s ]
INFO: Run Admin\Behaviors\OptionRecordBehavior [ RunTime:0.241000s ]
INFO: [ action_begin ] --END-- [ RunTime:0.241000s ]
NOTIC: [2048] Declaration of Admin\Model\AdminTaskListModel::Create() should be compatible with Think\Model::create($data = '', $type = '') E:\hisiphp\Application\Admin\Model\AdminTaskListModel.class.php 第 71 行.
SQL: SHOW COLUMNS FROM `admin_task_list` [ RunTime:0.0380s ]
SQL: SHOW COLUMNS FROM `admin_task` [ RunTime:0.0380s ]
SQL: SELECT * FROM `admin_task`  [ RunTime:0.0380s ]
SQL: SHOW COLUMNS FROM `admin_user` [ RunTime:0.0380s ]
SQL: SELECT `id`,`user_name` FROM `admin_user`  [ RunTime:0.0380s ]
INFO: [ view_parse ] --START--
INFO: [ template_filter ] --START--
INFO: Run Behavior\ContentReplaceBehavior [ RunTime:0.000000s ]
INFO: [ template_filter ] --END-- [ RunTime:0.000000s ]
NOTIC: [8] Undefined index: changeid E:\hisiphp\Application\Runtime\Cache\Admin\e1d714e59a373a997f4e291727fb2a6e.php 第 74 行.
INFO: Run Behavior\ParseTemplateBehavior [ RunTime:0.016000s ]
INFO: [ view_parse ] --END-- [ RunTime:0.016000s ]
INFO: [ view_filter ] --START--
INFO: Run Behavior\WriteHtmlCacheBehavior [ RunTime:0.001000s ]
INFO: [ view_filter ] --END-- [ RunTime:0.001000s ]
INFO: [ app_end ] --START--
INFO: Run Behavior\ShowPageTraceBehavior [ RunTime:0.001000s ]
INFO: [ app_end ] --END-- [ RunTime:0.001000s ]

[ 2018-04-05T21:47:18+08:00 ] ::1 /test/index.php/Task/taskList.html
INFO: [ app_init ] --START--
INFO: Run Behavior\BuildLiteBehavior [ RunTime:0.000000s ]
INFO: [ app_init ] --END-- [ RunTime:0.000000s ]
INFO: [ app_begin ] --START--
INFO: Run Behavior\ReadHtmlCacheBehavior [ RunTime:0.001000s ]
INFO: [ app_begin ] --END-- [ RunTime:0.001000s ]
INFO: [ action_begin ] --START--
SQL: SHOW COLUMNS FROM `admin_auth_rule` [ RunTime:0.0370s ]
SQL: SELECT * FROM `admin_auth_rule` WHERE `menu_name` = 'Task/taskList' AND `status` = 1 LIMIT 1   [ RunTime:0.0360s ]
INFO: Run Admin\Behaviors\OptionRecordBehavior [ RunTime:0.240000s ]
INFO: [ action_begin ] --END-- [ RunTime:0.240000s ]
NOTIC: [2048] Declaration of Admin\Model\AdminTaskListModel::Create() should be compatible with Think\Model::create($data = '', $type = '') E:\hisiphp\Application\Admin\Model\AdminTaskListModel.class.php 第 71 行.
SQL: SHOW COLUMNS FROM `admin_task_list` [ RunTime:0.0350s ]
SQL: SHOW COLUMNS FROM `admin_task` [ RunTime:0.0370s ]
SQL: SELECT * FROM `admin_task` INNER JOIN admin_user   [ RunTime:0.0370s ]
SQL: SHOW COLUMNS FROM `admin_user` [ RunTime:0.0370s ]
SQL: SELECT `id`,`user_name` FROM `admin_user`  [ RunTime:0.0360s ]
INFO: [ view_parse ] --START--
INFO: [ template_filter ] --START--
INFO: Run Behavior\ContentReplaceBehavior [ RunTime:0.000000s ]
INFO: [ template_filter ] --END-- [ RunTime:0.000000s ]
INFO: Run Behavior\ParseTemplateBehavior [ RunTime:0.016000s ]
INFO: [ view_parse ] --END-- [ RunTime:0.017000s ]
INFO: [ view_filter ] --START--
INFO: Run Behavior\WriteHtmlCacheBehavior [ RunTime:0.001000s ]
INFO: [ view_filter ] --END-- [ RunTime:0.001000s ]
INFO: [ app_end ] --START--
INFO: Run Behavior\ShowPageTraceBehavior [ RunTime:0.001000s ]
INFO: [ app_end ] --END-- [ RunTime:0.001000s ]

[ 2018-04-05T21:47:41+08:00 ] ::1 /test/index.php/Task/taskList.html
INFO: [ app_init ] --START--
INFO: Run Behavior\BuildLiteBehavior [ RunTime:0.000000s ]
INFO: [ app_init ] --END-- [ RunTime:0.000000s ]
INFO: [ app_begin ] --START--
INFO: Run Behavior\ReadHtmlCacheBehavior [ RunTime:0.001000s ]
INFO: [ app_begin ] --END-- [ RunTime:0.001000s ]
INFO: [ action_begin ] --START--
SQL: SHOW COLUMNS FROM `admin_auth_rule` [ RunTime:0.0740s ]
SQL: SELECT * FROM `admin_auth_rule` WHERE `menu_name` = 'Task/taskList' AND `status` = 1 LIMIT 1   [ RunTime:0.0790s ]
INFO: Run Admin\Behaviors\OptionRecordBehavior [ RunTime:0.475000s ]
INFO: [ action_begin ] --END-- [ RunTime:0.475000s ]
NOTIC: [2048] Declaration of Admin\Model\AdminTaskListModel::Create() should be compatible with Think\Model::create($data = '', $type = '') E:\hisiphp\Application\Admin\Model\AdminTaskListModel.class.php 第 71 行.
SQL: SHOW COLUMNS FROM `admin_task_list` [ RunTime:0.0800s ]
SQL: SHOW COLUMNS FROM `admin_task` [ RunTime:0.0800s ]
SQL: SELECT * FROM `admin_task` INNER JOIN admin_user   [ RunTime:0.0860s ]
SQL: SHOW COLUMNS FROM `admin_user` [ RunTime:0.0860s ]
SQL: SELECT `id`,`user_name` FROM `admin_user`  [ RunTime:0.0850s ]
INFO: [ view_parse ] --START--
INFO: [ template_filter ] --START--
INFO: Run Behavior\ContentReplaceBehavior [ RunTime:0.001000s ]
INFO: [ template_filter ] --END-- [ RunTime:0.001000s ]
INFO: Run Behavior\ParseTemplateBehavior [ RunTime:0.015000s ]
INFO: [ view_parse ] --END-- [ RunTime:0.015000s ]
INFO: [ view_filter ] --START--
INFO: Run Behavior\WriteHtmlCacheBehavior [ RunTime:0.001000s ]
INFO: [ view_filter ] --END-- [ RunTime:0.001000s ]
INFO: [ app_end ] --START--
INFO: Run Behavior\ShowPageTraceBehavior [ RunTime:0.001000s ]
INFO: [ app_end ] --END-- [ RunTime:0.001000s ]

[ 2018-04-05T21:51:26+08:00 ] ::1 /test/index.php/Task/taskList.html
INFO: [ app_init ] --START--
INFO: Run Behavior\BuildLiteBehavior [ RunTime:0.000000s ]
INFO: [ app_init ] --END-- [ RunTime:0.000000s ]
INFO: [ app_begin ] --START--
INFO: Run Behavior\ReadHtmlCacheBehavior [ RunTime:0.002000s ]
INFO: [ app_begin ] --END-- [ RunTime:0.002000s ]
INFO: [ action_begin ] --START--
SQL: SHOW COLUMNS FROM `admin_auth_rule` [ RunTime:0.0840s ]
SQL: SELECT * FROM `admin_auth_rule` WHERE `menu_name` = 'Task/taskList' AND `status` = 1 LIMIT 1   [ RunTime:0.3790s ]
INFO: Run Admin\Behaviors\OptionRecordBehavior [ RunTime:0.778000s ]
INFO: [ action_begin ] --END-- [ RunTime:0.778000s ]
NOTIC: [2048] Declaration of Admin\Model\AdminTaskListModel::Create() should be compatible with Think\Model::create($data = '', $type = '') E:\hisiphp\Application\Admin\Model\AdminTaskListModel.class.php 第 71 行.
SQL: SHOW COLUMNS FROM `admin_task_list` [ RunTime:0.0820s ]
SQL: SHOW COLUMNS FROM `admin_task` [ RunTime:0.0820s ]
SQL: SELECT a.id as id,e.name as tid,b.user_name as createid,c.user_name as exeid,d.user_name as checkid,a.time as time,a.state as state FROM admin_task as a left join admin_user as b ON a.createid = b.id left join admin_user as c ON a.exeid = c.id left join admin_user as d ON a.checkid = d.id left join admin_task_list as e ON a.tid = e.id   [ RunTime:0.0810s ]
SQL: SHOW COLUMNS FROM `admin_user` [ RunTime:0.0740s ]
SQL: SELECT `id`,`user_name` FROM `admin_user`  [ RunTime:0.0700s ]
INFO: [ view_parse ] --START--
INFO: [ template_filter ] --START--
INFO: Run Behavior\ContentReplaceBehavior [ RunTime:0.000000s ]
INFO: [ template_filter ] --END-- [ RunTime:0.000000s ]
INFO: Run Behavior\ParseTemplateBehavior [ RunTime:0.016000s ]
INFO: [ view_parse ] --END-- [ RunTime:0.017000s ]
INFO: [ view_filter ] --START--
INFO: Run Behavior\WriteHtmlCacheBehavior [ RunTime:0.000000s ]
INFO: [ view_filter ] --END-- [ RunTime:0.000000s ]
INFO: [ app_end ] --START--
INFO: Run Behavior\ShowPageTraceBehavior [ RunTime:0.001000s ]
INFO: [ app_end ] --END-- [ RunTime:0.001000s ]

[ 2018-04-05T21:53:13+08:00 ] ::1 /test/index.php/Task/index.html
INFO: [ app_init ] --START--
INFO: Run Behavior\BuildLiteBehavior [ RunTime:0.000000s ]
INFO: [ app_init ] --END-- [ RunTime:0.001000s ]
INFO: [ app_begin ] --START--
INFO: Run Behavior\ReadHtmlCacheBehavior [ RunTime:0.001000s ]
INFO: [ app_begin ] --END-- [ RunTime:0.001000s ]
INFO: [ action_begin ] --START--
SQL: SHOW COLUMNS FROM `admin_auth_rule` [ RunTime:0.0370s ]
SQL: SELECT * FROM `admin_auth_rule` WHERE `menu_name` = 'Task/index' AND `status` = 1 LIMIT 1   [ RunTime:0.0370s ]
INFO: Run Admin\Behaviors\OptionRecordBehavior [ RunTime:0.258000s ]
INFO: [ action_begin ] --END-- [ RunTime:0.258000s ]
NOTIC: [2048] Declaration of Admin\Model\AdminTaskListModel::Create() should be compatible with Think\Model::create($data = '', $type = '') E:\hisiphp\Application\Admin\Model\AdminTaskListModel.class.php 第 71 行.
SQL: SHOW COLUMNS FROM `admin_task_list` [ RunTime:0.0370s ]
SQL: SELECT COUNT(*) AS tp_count FROM `admin_task_list` WHERE `state` = 1 LIMIT 1   [ RunTime:0.0370s ]
SQL: SELECT * FROM `admin_task_list` WHERE `state` = 1 LIMIT 0,10   [ RunTime:0.0380s ]
INFO: [ view_parse ] --START--
INFO: [ template_filter ] --START--
INFO: Run Behavior\ContentReplaceBehavior [ RunTime:0.001000s ]
INFO: [ template_filter ] --END-- [ RunTime:0.001000s ]
NOTIC: [8] Undefined index: count E:\hisiphp\Application\Runtime\Cache\Admin\ef8368bcb55887278b31745283749320.php 第 37 行.
NOTIC: [8] Undefined index: count E:\hisiphp\Application\Runtime\Cache\Admin\ef8368bcb55887278b31745283749320.php 第 37 行.
INFO: Run Behavior\ParseTemplateBehavior [ RunTime:0.023000s ]
INFO: [ view_parse ] --END-- [ RunTime:0.023000s ]
INFO: [ view_filter ] --START--
INFO: Run Behavior\WriteHtmlCacheBehavior [ RunTime:0.001000s ]
INFO: [ view_filter ] --END-- [ RunTime:0.001000s ]
INFO: [ app_end ] --START--
INFO: Run Behavior\ShowPageTraceBehavior [ RunTime:0.001000s ]
INFO: [ app_end ] --END-- [ RunTime:0.001000s ]

[ 2018-04-05T21:53:16+08:00 ] ::1 /test/index.php/Task/SendTask.html
INFO: [ app_init ] --START--
INFO: Run Behavior\BuildLiteBehavior [ RunTime:0.000000s ]
INFO: [ app_init ] --END-- [ RunTime:0.002000s ]
INFO: [ app_begin ] --START--
INFO: Run Behavior\ReadHtmlCacheBehavior [ RunTime:0.001000s ]
INFO: [ app_begin ] --END-- [ RunTime:0.001000s ]
INFO: [ action_begin ] --START--
SQL: SHOW COLUMNS FROM `admin_auth_rule` [ RunTime:0.0370s ]
SQL: SELECT * FROM `admin_auth_rule` WHERE `menu_name` = 'Task/SendTask' AND `status` = 1 LIMIT 1   [ RunTime:0.0380s ]
INFO: Run Admin\Behaviors\OptionRecordBehavior [ RunTime:0.235000s ]
INFO: [ action_begin ] --END-- [ RunTime:0.235000s ]
NOTIC: [2048] Declaration of Admin\Model\AdminTaskListModel::Create() should be compatible with Think\Model::create($data = '', $type = '') E:\hisiphp\Application\Admin\Model\AdminTaskListModel.class.php 第 71 行.
SQL: SHOW COLUMNS FROM `admin_task_list` [ RunTime:0.0370s ]
SQL: SHOW COLUMNS FROM `admin_form_type` [ RunTime:0.0380s ]
SQL: SELECT * FROM `admin_form_type` WHERE `Tid` = 23  [ RunTime:0.0370s ]
SQL: SHOW COLUMNS FROM `admin_task_list` [ RunTime:0.0380s ]
SQL: SELECT `id`,`name` FROM `admin_task_list` WHERE `id` = 23 LIMIT 1   [ RunTime:0.0360s ]
SQL: SHOW COLUMNS FROM `admin_user` [ RunTime:0.0360s ]
SQL: SELECT a.id,a.user_name,a.phone FROM admin_user as a INNER JOIN admin_auth_group_access as b ON a.id = b.uid  WHERE b.group_id IN (27,28,29,30)  [ RunTime:0.0360s ]
SQL: SHOW COLUMNS FROM `admin_user` [ RunTime:0.0370s ]
SQL: SELECT `id`,`user_name` FROM `admin_user`  [ RunTime:0.0360s ]
INFO: [ view_parse ] --START--
INFO: [ template_filter ] --START--
INFO: Run Behavior\ContentReplaceBehavior [ RunTime:0.001000s ]
INFO: [ template_filter ] --END-- [ RunTime:0.001000s ]
INFO: Run Behavior\ParseTemplateBehavior [ RunTime:0.016000s ]
INFO: [ view_parse ] --END-- [ RunTime:0.016000s ]
INFO: [ view_filter ] --START--
INFO: Run Behavior\WriteHtmlCacheBehavior [ RunTime:0.001000s ]
INFO: [ view_filter ] --END-- [ RunTime:0.001000s ]
INFO: [ app_end ] --START--
INFO: Run Behavior\ShowPageTraceBehavior [ RunTime:0.001000s ]
INFO: [ app_end ] --END-- [ RunTime:0.001000s ]

[ 2018-04-05T21:54:09+08:00 ] ::1 /test/index.php/Task/addTask
INFO: [ app_init ] --START--
INFO: Run Behavior\BuildLiteBehavior [ RunTime:0.000000s ]
INFO: [ app_init ] --END-- [ RunTime:0.001000s ]
INFO: [ app_begin ] --START--
INFO: Run Behavior\ReadHtmlCacheBehavior [ RunTime:0.001000s ]
INFO: [ app_begin ] --END-- [ RunTime:0.001000s ]
INFO: [ action_begin ] --START--
SQL: SHOW COLUMNS FROM `admin_auth_rule` [ RunTime:0.0380s ]
SQL: SELECT * FROM `admin_auth_rule` WHERE `menu_name` = 'Task/addTask' AND `status` = 1 LIMIT 1   [ RunTime:0.0370s ]
INFO: Run Admin\Behaviors\OptionRecordBehavior [ RunTime:0.249000s ]
INFO: [ action_begin ] --END-- [ RunTime:0.249000s ]
NOTIC: [2048] Declaration of Admin\Model\AdminTaskListModel::Create() should be compatible with Think\Model::create($data = '', $type = '') E:\hisiphp\Application\Admin\Model\AdminTaskListModel.class.php 第 71 行.
SQL: SHOW COLUMNS FROM `admin_task_list` [ RunTime:0.0370s ]
SQL: SHOW COLUMNS FROM `admin_task` [ RunTime:0.0370s ]
SQL: INSERT INTO `admin_task` (`id`,`tid`,`createid`,`exeid`,`checkid`,`state`,`time`,`data`) VALUES ('0','23','15','18','16','0','1522936449','{\"wqewq\":\"前往南京学习系统维护\",\"rqr\":\"哈哈哈哈\"}') [ RunTime:0.0510s ]

[ 2018-04-05T21:54:11+08:00 ] ::1 /test/index.php/Task/index.html
INFO: [ app_init ] --START--
INFO: Run Behavior\BuildLiteBehavior [ RunTime:0.000000s ]
INFO: [ app_init ] --END-- [ RunTime:0.000000s ]
INFO: [ app_begin ] --START--
INFO: Run Behavior\ReadHtmlCacheBehavior [ RunTime:0.001000s ]
INFO: [ app_begin ] --END-- [ RunTime:0.001000s ]
INFO: [ action_begin ] --START--
SQL: SHOW COLUMNS FROM `admin_auth_rule` [ RunTime:0.0360s ]
SQL: SELECT * FROM `admin_auth_rule` WHERE `menu_name` = 'Task/index' AND `status` = 1 LIMIT 1   [ RunTime:0.0350s ]
INFO: Run Admin\Behaviors\OptionRecordBehavior [ RunTime:0.230000s ]
INFO: [ action_begin ] --END-- [ RunTime:0.230000s ]
NOTIC: [2048] Declaration of Admin\Model\AdminTaskListModel::Create() should be compatible with Think\Model::create($data = '', $type = '') E:\hisiphp\Application\Admin\Model\AdminTaskListModel.class.php 第 71 行.
SQL: SHOW COLUMNS FROM `admin_task_list` [ RunTime:0.0350s ]
SQL: SELECT COUNT(*) AS tp_count FROM `admin_task_list` WHERE `state` = 1 LIMIT 1   [ RunTime:0.0350s ]
SQL: SELECT * FROM `admin_task_list` WHERE `state` = 1 LIMIT 0,10   [ RunTime:0.0350s ]
INFO: [ view_parse ] --START--
INFO: [ template_filter ] --START--
INFO: Run Behavior\ContentReplaceBehavior [ RunTime:0.000000s ]
INFO: [ template_filter ] --END-- [ RunTime:0.000000s ]
NOTIC: [8] Undefined index: count E:\hisiphp\Application\Runtime\Cache\Admin\ef8368bcb55887278b31745283749320.php 第 37 行.
NOTIC: [8] Undefined index: count E:\hisiphp\Application\Runtime\Cache\Admin\ef8368bcb55887278b31745283749320.php 第 37 行.
INFO: Run Behavior\ParseTemplateBehavior [ RunTime:0.012000s ]
INFO: [ view_parse ] --END-- [ RunTime:0.012000s ]
INFO: [ view_filter ] --START--
INFO: Run Behavior\WriteHtmlCacheBehavior [ RunTime:0.001000s ]
INFO: [ view_filter ] --END-- [ RunTime:0.001000s ]
INFO: [ app_end ] --START--
INFO: Run Behavior\ShowPageTraceBehavior [ RunTime:0.001000s ]
INFO: [ app_end ] --END-- [ RunTime:0.001000s ]

[ 2018-04-05T21:54:18+08:00 ] ::1 /test/index.php/Task/taskList.html
INFO: [ app_init ] --START--
INFO: Run Behavior\BuildLiteBehavior [ RunTime:0.000000s ]
INFO: [ app_init ] --END-- [ RunTime:0.000000s ]
INFO: [ app_begin ] --START--
INFO: Run Behavior\ReadHtmlCacheBehavior [ RunTime:0.001000s ]
INFO: [ app_begin ] --END-- [ RunTime:0.001000s ]
INFO: [ action_begin ] --START--
SQL: SHOW COLUMNS FROM `admin_auth_rule` [ RunTime:0.0360s ]
SQL: SELECT * FROM `admin_auth_rule` WHERE `menu_name` = 'Task/taskList' AND `status` = 1 LIMIT 1   [ RunTime:0.0350s ]
INFO: Run Admin\Behaviors\OptionRecordBehavior [ RunTime:0.255000s ]
INFO: [ action_begin ] --END-- [ RunTime:0.255000s ]
NOTIC: [2048] Declaration of Admin\Model\AdminTaskListModel::Create() should be compatible with Think\Model::create($data = '', $type = '') E:\hisiphp\Application\Admin\Model\AdminTaskListModel.class.php 第 71 行.
SQL: SHOW COLUMNS FROM `admin_task_list` [ RunTime:0.0350s ]
SQL: SHOW COLUMNS FROM `admin_task` [ RunTime:0.0370s ]
SQL: SELECT a.id as id,e.name as tid,b.user_name as createid,c.user_name as exeid,d.user_name as checkid,a.time as time,a.state as state FROM admin_task as a left join admin_user as b ON a.createid = b.id left join admin_user as c ON a.exeid = c.id left join admin_user as d ON a.checkid = d.id left join admin_task_list as e ON a.tid = e.id   [ RunTime:0.0350s ]
SQL: SHOW COLUMNS FROM `admin_user` [ RunTime:0.0360s ]
SQL: SELECT `id`,`user_name` FROM `admin_user`  [ RunTime:0.0350s ]
INFO: [ view_parse ] --START--
INFO: [ template_filter ] --START--
INFO: Run Behavior\ContentReplaceBehavior [ RunTime:0.000000s ]
INFO: [ template_filter ] --END-- [ RunTime:0.000000s ]
INFO: Run Behavior\ParseTemplateBehavior [ RunTime:0.015000s ]
INFO: [ view_parse ] --END-- [ RunTime:0.015000s ]
INFO: [ view_filter ] --START--
INFO: Run Behavior\WriteHtmlCacheBehavior [ RunTime:0.001000s ]
INFO: [ view_filter ] --END-- [ RunTime:0.001000s ]
INFO: [ app_end ] --START--
INFO: Run Behavior\ShowPageTraceBehavior [ RunTime:0.001000s ]
INFO: [ app_end ] --END-- [ RunTime:0.001000s ]

[ 2018-04-05T21:56:18+08:00 ] ::1 /test/index.php/Task/index.html
INFO: [ app_init ] --START--
INFO: Run Behavior\BuildLiteBehavior [ RunTime:0.000000s ]
INFO: [ app_init ] --END-- [ RunTime:0.000000s ]
INFO: [ app_begin ] --START--
INFO: Run Behavior\ReadHtmlCacheBehavior [ RunTime:0.001000s ]
INFO: [ app_begin ] --END-- [ RunTime:0.001000s ]
INFO: [ action_begin ] --START--
SQL: SHOW COLUMNS FROM `admin_auth_rule` [ RunTime:0.0390s ]
SQL: SELECT * FROM `admin_auth_rule` WHERE `menu_name` = 'Task/index' AND `status` = 1 LIMIT 1   [ RunTime:0.0370s ]
INFO: Run Admin\Behaviors\OptionRecordBehavior [ RunTime:0.247000s ]
INFO: [ action_begin ] --END-- [ RunTime:0.247000s ]
NOTIC: [2048] Declaration of Admin\Model\AdminTaskListModel::Create() should be compatible with Think\Model::create($data = '', $type = '') E:\hisiphp\Application\Admin\Model\AdminTaskListModel.class.php 第 71 行.
SQL: SHOW COLUMNS FROM `admin_task_list` [ RunTime:0.0370s ]
SQL: SELECT COUNT(*) AS tp_count FROM `admin_task_list` WHERE `state` = 1 LIMIT 1   [ RunTime:0.0360s ]
SQL: SELECT * FROM `admin_task_list` WHERE `state` = 1 LIMIT 0,10   [ RunTime:0.0370s ]
INFO: [ view_parse ] --START--
INFO: [ template_filter ] --START--
INFO: Run Behavior\ContentReplaceBehavior [ RunTime:0.001000s ]
INFO: [ template_filter ] --END-- [ RunTime:0.001000s ]
NOTIC: [8] Undefined index: count E:\hisiphp\Application\Runtime\Cache\Admin\ef8368bcb55887278b31745283749320.php 第 37 行.
NOTIC: [8] Undefined index: count E:\hisiphp\Application\Runtime\Cache\Admin\ef8368bcb55887278b31745283749320.php 第 37 行.
INFO: Run Behavior\ParseTemplateBehavior [ RunTime:0.011000s ]
INFO: [ view_parse ] --END-- [ RunTime:0.011000s ]
INFO: [ view_filter ] --START--
INFO: Run Behavior\WriteHtmlCacheBehavior [ RunTime:0.001000s ]
INFO: [ view_filter ] --END-- [ RunTime:0.001000s ]
INFO: [ app_end ] --START--
INFO: Run Behavior\ShowPageTraceBehavior [ RunTime:0.001000s ]
INFO: [ app_end ] --END-- [ RunTime:0.001000s ]

[ 2018-04-05T21:56:21+08:00 ] ::1 /test/index.php/Task/AddTaskType.html
INFO: [ app_init ] --START--
INFO: Run Behavior\BuildLiteBehavior [ RunTime:0.000000s ]
INFO: [ app_init ] --END-- [ RunTime:0.001000s ]
INFO: [ app_begin ] --START--
INFO: Run Behavior\ReadHtmlCacheBehavior [ RunTime:0.002000s ]
INFO: [ app_begin ] --END-- [ RunTime:0.002000s ]
INFO: [ action_begin ] --START--
SQL: SHOW COLUMNS FROM `admin_auth_rule` [ RunTime:0.0350s ]
SQL: SELECT * FROM `admin_auth_rule` WHERE `menu_name` = 'Task/AddTaskType' AND `status` = 1 LIMIT 1   [ RunTime:0.0340s ]
INFO: Run Admin\Behaviors\OptionRecordBehavior [ RunTime:0.226000s ]
INFO: [ action_begin ] --END-- [ RunTime:0.226000s ]
NOTIC: [2048] Declaration of Admin\Model\AdminTaskListModel::Create() should be compatible with Think\Model::create($data = '', $type = '') E:\hisiphp\Application\Admin\Model\AdminTaskListModel.class.php 第 71 行.
SQL: SHOW COLUMNS FROM `admin_task_list` [ RunTime:0.0350s ]
INFO: [ view_parse ] --START--
INFO: [ template_filter ] --START--
INFO: Run Behavior\ContentReplaceBehavior [ RunTime:0.000000s ]
INFO: [ template_filter ] --END-- [ RunTime:0.000000s ]
INFO: Run Behavior\ParseTemplateBehavior [ RunTime:0.018000s ]
INFO: [ view_parse ] --END-- [ RunTime:0.019000s ]
INFO: [ view_filter ] --START--
INFO: Run Behavior\WriteHtmlCacheBehavior [ RunTime:0.001000s ]
INFO: [ view_filter ] --END-- [ RunTime:0.001000s ]
INFO: [ app_end ] --START--
INFO: Run Behavior\ShowPageTraceBehavior [ RunTime:0.001000s ]
INFO: [ app_end ] --END-- [ RunTime:0.001000s ]

[ 2018-04-05T22:05:18+08:00 ] ::1 /test/index.php/Task/taskList.html
INFO: [ app_init ] --START--
INFO: Run Behavior\BuildLiteBehavior [ RunTime:0.000000s ]
INFO: [ app_init ] --END-- [ RunTime:0.000000s ]
INFO: [ app_begin ] --START--
INFO: Run Behavior\ReadHtmlCacheBehavior [ RunTime:0.002000s ]
INFO: [ app_begin ] --END-- [ RunTime:0.002000s ]
INFO: [ action_begin ] --START--
SQL: SHOW COLUMNS FROM `admin_auth_rule` [ RunTime:0.0380s ]
SQL: SELECT * FROM `admin_auth_rule` WHERE `menu_name` = 'Task/taskList' AND `status` = 1 LIMIT 1   [ RunTime:0.0380s ]
INFO: Run Admin\Behaviors\OptionRecordBehavior [ RunTime:0.257000s ]
INFO: [ action_begin ] --END-- [ RunTime:0.257000s ]
NOTIC: [2048] Declaration of Admin\Model\AdminTaskListModel::Create() should be compatible with Think\Model::create($data = '', $type = '') E:\hisiphp\Application\Admin\Model\AdminTaskListModel.class.php 第 71 行.
SQL: SHOW COLUMNS FROM `admin_task_list` [ RunTime:0.0380s ]
SQL: SHOW COLUMNS FROM `admin_task` [ RunTime:0.0390s ]
SQL: SELECT a.id as id,e.name as tid,b.user_name as createid,c.user_name as exeid,d.user_name as checkid,a.time as time,a.state as state FROM admin_task as a left join admin_user as b ON a.createid = b.id left join admin_user as c ON a.exeid = c.id left join admin_user as d ON a.checkid = d.id left join admin_task_list as e ON a.tid = e.id   [ RunTime:0.0380s ]
SQL: SHOW COLUMNS FROM `admin_user` [ RunTime:0.0390s ]
SQL: SELECT `id`,`user_name` FROM `admin_user`  [ RunTime:0.0370s ]
INFO: [ view_parse ] --START--
INFO: [ template_filter ] --START--
INFO: Run Behavior\ContentReplaceBehavior [ RunTime:0.000000s ]
INFO: [ template_filter ] --END-- [ RunTime:0.000000s ]
INFO: Run Behavior\ParseTemplateBehavior [ RunTime:0.016000s ]
INFO: [ view_parse ] --END-- [ RunTime:0.017000s ]
INFO: [ view_filter ] --START--
INFO: Run Behavior\WriteHtmlCacheBehavior [ RunTime:0.001000s ]
INFO: [ view_filter ] --END-- [ RunTime:0.001000s ]
INFO: [ app_end ] --START--
INFO: Run Behavior\ShowPageTraceBehavior [ RunTime:0.001000s ]
INFO: [ app_end ] --END-- [ RunTime:0.001000s ]

[ 2018-04-05T22:06:52+08:00 ] ::1 /test/index.php/Task/taskList.html
INFO: [ app_init ] --START--
INFO: Run Behavior\BuildLiteBehavior [ RunTime:0.000000s ]
INFO: [ app_init ] --END-- [ RunTime:0.000000s ]
INFO: [ app_begin ] --START--
INFO: Run Behavior\ReadHtmlCacheBehavior [ RunTime:0.001000s ]
INFO: [ app_begin ] --END-- [ RunTime:0.001000s ]
INFO: [ action_begin ] --START--
SQL: SHOW COLUMNS FROM `admin_auth_rule` [ RunTime:0.0360s ]
SQL: SELECT * FROM `admin_auth_rule` WHERE `menu_name` = 'Task/taskList' AND `status` = 1 LIMIT 1   [ RunTime:0.0350s ]
INFO: Run Admin\Behaviors\OptionRecordBehavior [ RunTime:0.226000s ]
INFO: [ action_begin ] --END-- [ RunTime:0.227000s ]
NOTIC: [2048] Declaration of Admin\Model\AdminTaskListModel::Create() should be compatible with Think\Model::create($data = '', $type = '') E:\hisiphp\Application\Admin\Model\AdminTaskListModel.class.php 第 71 行.
SQL: SHOW COLUMNS FROM `admin_task_list` [ RunTime:0.0350s ]
SQL: SHOW COLUMNS FROM `admin_task` [ RunTime:0.0360s ]
SQL: SELECT a.id as id,e.name as tid,b.user_name as createid,c.user_name as exeid,d.user_name as checkid,a.time as time,a.state as state FROM admin_task as a left join admin_user as b ON a.createid = b.id left join admin_user as c ON a.exeid = c.id left join admin_user as d ON a.checkid = d.id left join admin_task_list as e ON a.tid = e.id   [ RunTime:0.0350s ]
SQL: SHOW COLUMNS FROM `admin_user` [ RunTime:0.0360s ]
SQL: SELECT `id`,`user_name` FROM `admin_user`  [ RunTime:0.0350s ]
INFO: [ view_parse ] --START--
INFO: [ template_filter ] --START--
INFO: Run Behavior\ContentReplaceBehavior [ RunTime:0.000000s ]
INFO: [ template_filter ] --END-- [ RunTime:0.000000s ]
INFO: Run Behavior\ParseTemplateBehavior [ RunTime:0.019000s ]
INFO: [ view_parse ] --END-- [ RunTime:0.019000s ]
INFO: [ view_filter ] --START--
INFO: Run Behavior\WriteHtmlCacheBehavior [ RunTime:0.001000s ]
INFO: [ view_filter ] --END-- [ RunTime:0.001000s ]
INFO: [ app_end ] --START--
INFO: Run Behavior\ShowPageTraceBehavior [ RunTime:0.001000s ]
INFO: [ app_end ] --END-- [ RunTime:0.001000s ]

[ 2018-04-05T22:06:56+08:00 ] ::1 /test/index.php/Task/deleteWorks.html
INFO: [ app_init ] --START--
INFO: Run Behavior\BuildLiteBehavior [ RunTime:0.000000s ]
INFO: [ app_init ] --END-- [ RunTime:0.001000s ]
INFO: [ app_begin ] --START--
INFO: Run Behavior\ReadHtmlCacheBehavior [ RunTime:0.001000s ]
INFO: [ app_begin ] --END-- [ RunTime:0.001000s ]
INFO: [ action_begin ] --START--
SQL: SHOW COLUMNS FROM `admin_auth_rule` [ RunTime:0.0390s ]
SQL: SELECT * FROM `admin_auth_rule` WHERE `menu_name` = 'Task/deleteWorks' AND `status` = 1 LIMIT 1   [ RunTime:0.0380s ]
INFO: Run Admin\Behaviors\OptionRecordBehavior [ RunTime:0.238000s ]
INFO: [ action_begin ] --END-- [ RunTime:0.238000s ]
NOTIC: [2048] Declaration of Admin\Model\AdminTaskListModel::Create() should be compatible with Think\Model::create($data = '', $type = '') E:\hisiphp\Application\Admin\Model\AdminTaskListModel.class.php 第 71 行.
SQL: SHOW COLUMNS FROM `admin_task_list` [ RunTime:0.0390s ]
SQL: SHOW COLUMNS FROM `admin_task` [ RunTime:0.0380s ]
SQL: DELETE FROM `admin_task` WHERE `id` = 2 [ RunTime:0.0510s ]

[ 2018-04-05T22:06:59+08:00 ] ::1 /test/index.php/Task/taskList.html
INFO: [ app_init ] --START--
INFO: Run Behavior\BuildLiteBehavior [ RunTime:0.000000s ]
INFO: [ app_init ] --END-- [ RunTime:0.000000s ]
INFO: [ app_begin ] --START--
INFO: Run Behavior\ReadHtmlCacheBehavior [ RunTime:0.002000s ]
INFO: [ app_begin ] --END-- [ RunTime:0.002000s ]
INFO: [ action_begin ] --START--
SQL: SHOW COLUMNS FROM `admin_auth_rule` [ RunTime:0.0360s ]
SQL: SELECT * FROM `admin_auth_rule` WHERE `menu_name` = 'Task/taskList' AND `status` = 1 LIMIT 1   [ RunTime:0.0360s ]
INFO: Run Admin\Behaviors\OptionRecordBehavior [ RunTime:0.235000s ]
INFO: [ action_begin ] --END-- [ RunTime:0.235000s ]
NOTIC: [2048] Declaration of Admin\Model\AdminTaskListModel::Create() should be compatible with Think\Model::create($data = '', $type = '') E:\hisiphp\Application\Admin\Model\AdminTaskListModel.class.php 第 71 行.
SQL: SHOW COLUMNS FROM `admin_task_list` [ RunTime:0.0370s ]
SQL: SHOW COLUMNS FROM `admin_task` [ RunTime:0.0360s ]
SQL: SELECT a.id as id,e.name as tid,b.user_name as createid,c.user_name as exeid,d.user_name as checkid,a.time as time,a.state as state FROM admin_task as a left join admin_user as b ON a.createid = b.id left join admin_user as c ON a.exeid = c.id left join admin_user as d ON a.checkid = d.id left join admin_task_list as e ON a.tid = e.id   [ RunTime:0.0370s ]
SQL: SHOW COLUMNS FROM `admin_user` [ RunTime:0.0360s ]
SQL: SELECT `id`,`user_name` FROM `admin_user`  [ RunTime:0.0360s ]
INFO: [ view_parse ] --START--
INFO: [ template_filter ] --START--
INFO: Run Behavior\ContentReplaceBehavior [ RunTime:0.000000s ]
INFO: [ template_filter ] --END-- [ RunTime:0.000000s ]
INFO: Run Behavior\ParseTemplateBehavior [ RunTime:0.016000s ]
INFO: [ view_parse ] --END-- [ RunTime:0.016000s ]
INFO: [ view_filter ] --START--
INFO: Run Behavior\WriteHtmlCacheBehavior [ RunTime:0.001000s ]
INFO: [ view_filter ] --END-- [ RunTime:0.001000s ]
INFO: [ app_end ] --START--
INFO: Run Behavior\ShowPageTraceBehavior [ RunTime:0.001000s ]
INFO: [ app_end ] --END-- [ RunTime:0.001000s ]

[ 2018-04-05T22:13:06+08:00 ] ::1 /test/index.php/Task/SendTask.html
INFO: [ app_init ] --START--
INFO: Run Behavior\BuildLiteBehavior [ RunTime:0.000000s ]
INFO: [ app_init ] --END-- [ RunTime:0.001000s ]
INFO: [ app_begin ] --START--
INFO: Run Behavior\ReadHtmlCacheBehavior [ RunTime:0.001000s ]
INFO: [ app_begin ] --END-- [ RunTime:0.001000s ]
INFO: [ action_begin ] --START--
SQL: SHOW COLUMNS FROM `admin_auth_rule` [ RunTime:0.0380s ]
SQL: SELECT * FROM `admin_auth_rule` WHERE `menu_name` = 'Task/SendTask' AND `status` = 1 LIMIT 1   [ RunTime:0.0370s ]
INFO: Run Admin\Behaviors\OptionRecordBehavior [ RunTime:0.247000s ]
INFO: [ action_begin ] --END-- [ RunTime:0.247000s ]
NOTIC: [2048] Declaration of Admin\Model\AdminTaskListModel::Create() should be compatible with Think\Model::create($data = '', $type = '') E:\hisiphp\Application\Admin\Model\AdminTaskListModel.class.php 第 71 行.
SQL: SHOW COLUMNS FROM `admin_task_list` [ RunTime:0.0370s ]
SQL: SHOW COLUMNS FROM `admin_form_type` [ RunTime:0.0370s ]
SQL: SELECT * FROM `admin_form_type` WHERE `Tid` = 1  [ RunTime:0.0380s ]
SQL: SHOW COLUMNS FROM `admin_task_list` [ RunTime:0.0380s ]
SQL: SELECT `id`,`name` FROM `admin_task_list` WHERE `id` = 1 LIMIT 1   [ RunTime:0.0380s ]
SQL: SHOW COLUMNS FROM `admin_user` [ RunTime:0.0380s ]
SQL: SELECT a.id,a.user_name,a.phone FROM admin_user as a INNER JOIN admin_auth_group_access as b ON a.id = b.uid  WHERE b.group_id IN (27,28,29,30)  [ RunTime:0.0360s ]
SQL: SHOW COLUMNS FROM `admin_user` [ RunTime:0.0380s ]
SQL: SELECT `id`,`user_name` FROM `admin_user`  [ RunTime:0.0360s ]
INFO: [ view_parse ] --START--
INFO: [ template_filter ] --START--
INFO: Run Behavior\ContentReplaceBehavior [ RunTime:0.000000s ]
INFO: [ template_filter ] --END-- [ RunTime:0.000000s ]
INFO: Run Behavior\ParseTemplateBehavior [ RunTime:0.013000s ]
INFO: [ view_parse ] --END-- [ RunTime:0.014000s ]
INFO: [ view_filter ] --START--
INFO: Run Behavior\WriteHtmlCacheBehavior [ RunTime:0.000000s ]
INFO: [ view_filter ] --END-- [ RunTime:0.000000s ]
INFO: [ app_end ] --START--
INFO: Run Behavior\ShowPageTraceBehavior [ RunTime:0.006000s ]
INFO: [ app_end ] --END-- [ RunTime:0.006000s ]

[ 2018-04-05T22:39:19+08:00 ] ::1 /test/index.php/User/index.html
INFO: [ app_init ] --START--
INFO: Run Behavior\BuildLiteBehavior [ RunTime:0.000000s ]
INFO: [ app_init ] --END-- [ RunTime:0.000000s ]
INFO: [ app_begin ] --START--
INFO: Run Behavior\ReadHtmlCacheBehavior [ RunTime:0.001000s ]
INFO: [ app_begin ] --END-- [ RunTime:0.001000s ]
INFO: [ action_begin ] --START--
SQL: SHOW COLUMNS FROM `admin_auth_rule` [ RunTime:0.0360s ]
SQL: SELECT * FROM `admin_auth_rule` WHERE `menu_name` = 'User/index' AND `status` = 1 LIMIT 1   [ RunTime:0.0350s ]
INFO: Run Admin\Behaviors\OptionRecordBehavior [ RunTime:0.237000s ]
INFO: [ action_begin ] --END-- [ RunTime:0.237000s ]
SQL: SHOW COLUMNS FROM `admin_user` [ RunTime:0.0350s ]
SQL: SELECT COUNT(*) AS tp_count FROM `admin_user` WHERE `status` = 1 LIMIT 1   [ RunTime:0.0340s ]
SQL: SELECT * FROM `admin_user` WHERE `status` = 1 LIMIT 0,10   [ RunTime:0.0350s ]
INFO: [ view_parse ] --START--
INFO: [ template_filter ] --START--
INFO: Run Behavior\ContentReplaceBehavior [ RunTime:0.000000s ]
INFO: [ template_filter ] --END-- [ RunTime:0.000000s ]
NOTIC: [8] Undefined index: work_type E:\hisiphp\Application\Runtime\Cache\Admin\65e605872ed5d34210f5b33beb13f5a3.php 第 42 行.
NOTIC: [8] Undefined index: work_type E:\hisiphp\Application\Runtime\Cache\Admin\65e605872ed5d34210f5b33beb13f5a3.php 第 42 行.
NOTIC: [8] Undefined index: work_type E:\hisiphp\Application\Runtime\Cache\Admin\65e605872ed5d34210f5b33beb13f5a3.php 第 42 行.
NOTIC: [8] Undefined index: work_type E:\hisiphp\Application\Runtime\Cache\Admin\65e605872ed5d34210f5b33beb13f5a3.php 第 42 行.
INFO: Run Behavior\ParseTemplateBehavior [ RunTime:0.022000s ]
INFO: [ view_parse ] --END-- [ RunTime:0.022000s ]
INFO: [ view_filter ] --START--
INFO: Run Behavior\WriteHtmlCacheBehavior [ RunTime:0.000000s ]
INFO: [ view_filter ] --END-- [ RunTime:0.000000s ]
INFO: [ app_end ] --START--
INFO: Run Behavior\ShowPageTraceBehavior [ RunTime:0.000000s ]
INFO: [ app_end ] --END-- [ RunTime:0.000000s ]

[ 2018-04-05T22:39:23+08:00 ] ::1 /test/index.php/AuthGroup/giveRole.html?user_id=16
INFO: [ app_init ] --START--
INFO: Run Behavior\BuildLiteBehavior [ RunTime:0.001000s ]
INFO: [ app_init ] --END-- [ RunTime:0.001000s ]
INFO: [ app_begin ] --START--
INFO: Run Behavior\ReadHtmlCacheBehavior [ RunTime:0.001000s ]
INFO: [ app_begin ] --END-- [ RunTime:0.001000s ]
INFO: [ action_begin ] --START--
SQL: SHOW COLUMNS FROM `admin_auth_rule` [ RunTime:0.0350s ]
SQL: SELECT * FROM `admin_auth_rule` WHERE `menu_name` = 'AuthGroup/giveRole' AND `status` = 1 LIMIT 1   [ RunTime:0.0350s ]
INFO: Run Admin\Behaviors\OptionRecordBehavior [ RunTime:0.243000s ]
INFO: [ action_begin ] --END-- [ RunTime:0.243000s ]
SQL: SHOW COLUMNS FROM `admin_auth_group` [ RunTime:0.0350s ]
SQL: SELECT COUNT(*) AS tp_count FROM `admin_auth_group` WHERE `status` = 1 LIMIT 1   [ RunTime:0.0380s ]
SQL: SELECT a.*,b.uid FROM admin_auth_group a LEFT JOIN admin_auth_group_access b ON a.id=b.group_id AND b.uid=16  WHERE a.status = 1 ORDER BY a.is_manage DESC,a.id DESC  [ RunTime:0.0350s ]
INFO: [ view_parse ] --START--
INFO: [ template_filter ] --START--
INFO: Run Behavior\ContentReplaceBehavior [ RunTime:0.000000s ]
INFO: [ template_filter ] --END-- [ RunTime:0.000000s ]
INFO: Run Behavior\ParseTemplateBehavior [ RunTime:0.011000s ]
INFO: [ view_parse ] --END-- [ RunTime:0.011000s ]
INFO: [ view_filter ] --START--
INFO: Run Behavior\WriteHtmlCacheBehavior [ RunTime:0.001000s ]
INFO: [ view_filter ] --END-- [ RunTime:0.001000s ]
INFO: [ app_end ] --START--
INFO: Run Behavior\ShowPageTraceBehavior [ RunTime:0.001000s ]
INFO: [ app_end ] --END-- [ RunTime:0.001000s ]

[ 2018-04-05T22:39:27+08:00 ] ::1 /test/index.php/AuthGroup/giveRole.html
INFO: [ app_init ] --START--
INFO: Run Behavior\BuildLiteBehavior [ RunTime:0.000000s ]
INFO: [ app_init ] --END-- [ RunTime:0.000000s ]
INFO: [ app_begin ] --START--
INFO: Run Behavior\ReadHtmlCacheBehavior [ RunTime:0.002000s ]
INFO: [ app_begin ] --END-- [ RunTime:0.002000s ]
INFO: [ action_begin ] --START--
SQL: SHOW COLUMNS FROM `admin_auth_rule` [ RunTime:0.0360s ]
SQL: SELECT * FROM `admin_auth_rule` WHERE `menu_name` = 'AuthGroup/giveRole' AND `status` = 1 LIMIT 1   [ RunTime:0.0350s ]
INFO: Run Admin\Behaviors\OptionRecordBehavior [ RunTime:0.226000s ]
INFO: [ action_begin ] --END-- [ RunTime:0.226000s ]
SQL: SHOW COLUMNS FROM `admin_auth_group_access` [ RunTime:0.0350s ]
NOTIC: [2] Illegal offset type in isset or empty E:\hisiphp\ThinkPHP\Library\Think\Model.class.php 第 511 行.
SQL: DELETE FROM `admin_auth_group_access` WHERE `uid` = 16 [ RunTime:0.0770s ]
SQL: INSERT INTO `admin_auth_group_access` (`uid`,`group_id`) VALUES ('16','28') [ RunTime:0.0350s ]
SQL: INSERT INTO `admin_auth_group_access` (`uid`,`group_id`) VALUES ('16','27') [ RunTime:0.0340s ]

[ 2018-04-05T22:39:30+08:00 ] ::1 /test/index.php/User/index.html
INFO: [ app_init ] --START--
INFO: Run Behavior\BuildLiteBehavior [ RunTime:0.000000s ]
INFO: [ app_init ] --END-- [ RunTime:0.000000s ]
INFO: [ app_begin ] --START--
INFO: Run Behavior\ReadHtmlCacheBehavior [ RunTime:0.001000s ]
INFO: [ app_begin ] --END-- [ RunTime:0.001000s ]
INFO: [ action_begin ] --START--
SQL: SHOW COLUMNS FROM `admin_auth_rule` [ RunTime:0.0360s ]
SQL: SELECT * FROM `admin_auth_rule` WHERE `menu_name` = 'User/index' AND `status` = 1 LIMIT 1   [ RunTime:0.0380s ]
INFO: Run Admin\Behaviors\OptionRecordBehavior [ RunTime:0.233000s ]
INFO: [ action_begin ] --END-- [ RunTime:0.233000s ]
SQL: SHOW COLUMNS FROM `admin_user` [ RunTime:0.0360s ]
SQL: SELECT COUNT(*) AS tp_count FROM `admin_user` WHERE `status` = 1 LIMIT 1   [ RunTime:0.0360s ]
SQL: SELECT * FROM `admin_user` WHERE `status` = 1 LIMIT 0,10   [ RunTime:0.0360s ]
INFO: [ view_parse ] --START--
INFO: [ template_filter ] --START--
INFO: Run Behavior\ContentReplaceBehavior [ RunTime:0.000000s ]
INFO: [ template_filter ] --END-- [ RunTime:0.001000s ]
NOTIC: [8] Undefined index: work_type E:\hisiphp\Application\Runtime\Cache\Admin\65e605872ed5d34210f5b33beb13f5a3.php 第 42 行.
NOTIC: [8] Undefined index: work_type E:\hisiphp\Application\Runtime\Cache\Admin\65e605872ed5d34210f5b33beb13f5a3.php 第 42 行.
NOTIC: [8] Undefined index: work_type E:\hisiphp\Application\Runtime\Cache\Admin\65e605872ed5d34210f5b33beb13f5a3.php 第 42 行.
NOTIC: [8] Undefined index: work_type E:\hisiphp\Application\Runtime\Cache\Admin\65e605872ed5d34210f5b33beb13f5a3.php 第 42 行.
INFO: Run Behavior\ParseTemplateBehavior [ RunTime:0.012000s ]
INFO: [ view_parse ] --END-- [ RunTime:0.012000s ]
INFO: [ view_filter ] --START--
INFO: Run Behavior\WriteHtmlCacheBehavior [ RunTime:0.001000s ]
INFO: [ view_filter ] --END-- [ RunTime:0.001000s ]
INFO: [ app_end ] --START--
INFO: Run Behavior\ShowPageTraceBehavior [ RunTime:0.001000s ]
INFO: [ app_end ] --END-- [ RunTime:0.001000s ]

[ 2018-04-05T22:39:34+08:00 ] ::1 /test/index.php/User/editUser.html?user_id=16
INFO: [ app_init ] --START--
INFO: Run Behavior\BuildLiteBehavior [ RunTime:0.000000s ]
INFO: [ app_init ] --END-- [ RunTime:0.000000s ]
INFO: [ app_begin ] --START--
INFO: Run Behavior\ReadHtmlCacheBehavior [ RunTime:0.002000s ]
INFO: [ app_begin ] --END-- [ RunTime:0.002000s ]
INFO: [ action_begin ] --START--
SQL: SHOW COLUMNS FROM `admin_auth_rule` [ RunTime:0.0390s ]
SQL: SELECT * FROM `admin_auth_rule` WHERE `menu_name` = 'User/editUser' AND `status` = 1 LIMIT 1   [ RunTime:0.0350s ]
INFO: Run Admin\Behaviors\OptionRecordBehavior [ RunTime:0.224000s ]
INFO: [ action_begin ] --END-- [ RunTime:0.224000s ]
SQL: SHOW COLUMNS FROM `admin_user` [ RunTime:0.0360s ]
SQL: SELECT * FROM `admin_user` WHERE `id` = 16 AND `status` = 1 LIMIT 1   [ RunTime:0.0350s ]
INFO: [ view_parse ] --START--
INFO: [ template_filter ] --START--
INFO: Run Behavior\ContentReplaceBehavior [ RunTime:0.001000s ]
INFO: [ template_filter ] --END-- [ RunTime:0.001000s ]
INFO: Run Behavior\ParseTemplateBehavior [ RunTime:0.023000s ]
INFO: [ view_parse ] --END-- [ RunTime:0.023000s ]
INFO: [ view_filter ] --START--
INFO: Run Behavior\WriteHtmlCacheBehavior [ RunTime:0.001000s ]
INFO: [ view_filter ] --END-- [ RunTime:0.001000s ]
INFO: [ app_end ] --START--
INFO: Run Behavior\ShowPageTraceBehavior [ RunTime:0.001000s ]
INFO: [ app_end ] --END-- [ RunTime:0.001000s ]

[ 2018-04-05T22:39:47+08:00 ] ::1 /test/index.php/User/editUser.html
INFO: [ app_init ] --START--
INFO: Run Behavior\BuildLiteBehavior [ RunTime:0.000000s ]
INFO: [ app_init ] --END-- [ RunTime:0.001000s ]
INFO: [ app_begin ] --START--
INFO: Run Behavior\ReadHtmlCacheBehavior [ RunTime:0.001000s ]
INFO: [ app_begin ] --END-- [ RunTime:0.001000s ]
INFO: [ action_begin ] --START--
SQL: SHOW COLUMNS FROM `admin_auth_rule` [ RunTime:0.0360s ]
SQL: SELECT * FROM `admin_auth_rule` WHERE `menu_name` = 'User/editUser' AND `status` = 1 LIMIT 1   [ RunTime:0.0360s ]
INFO: Run Admin\Behaviors\OptionRecordBehavior [ RunTime:0.241000s ]
INFO: [ action_begin ] --END-- [ RunTime:0.241000s ]
SQL: SHOW COLUMNS FROM `admin_user` [ RunTime:0.0360s ]
SQL: UPDATE `admin_user` SET `user_name`='test',`phone`='18110785363',`password`='e10adc3949ba59abbe56e057f20f883e' WHERE `id` = 16 [ RunTime:0.1450s ]

[ 2018-04-05T22:39:50+08:00 ] ::1 /test/index.php/User/index.html
INFO: [ app_init ] --START--
INFO: Run Behavior\BuildLiteBehavior [ RunTime:0.000000s ]
INFO: [ app_init ] --END-- [ RunTime:0.001000s ]
INFO: [ app_begin ] --START--
INFO: Run Behavior\ReadHtmlCacheBehavior [ RunTime:0.002000s ]
INFO: [ app_begin ] --END-- [ RunTime:0.002000s ]
INFO: [ action_begin ] --START--
SQL: SHOW COLUMNS FROM `admin_auth_rule` [ RunTime:0.0350s ]
SQL: SELECT * FROM `admin_auth_rule` WHERE `menu_name` = 'User/index' AND `status` = 1 LIMIT 1   [ RunTime:0.0360s ]
INFO: Run Admin\Behaviors\OptionRecordBehavior [ RunTime:0.228000s ]
INFO: [ action_begin ] --END-- [ RunTime:0.228000s ]
SQL: SHOW COLUMNS FROM `admin_user` [ RunTime:0.0360s ]
SQL: SELECT COUNT(*) AS tp_count FROM `admin_user` WHERE `status` = 1 LIMIT 1   [ RunTime:0.0370s ]
SQL: SELECT * FROM `admin_user` WHERE `status` = 1 LIMIT 0,10   [ RunTime:0.0350s ]
INFO: [ view_parse ] --START--
INFO: [ template_filter ] --START--
INFO: Run Behavior\ContentReplaceBehavior [ RunTime:0.000000s ]
INFO: [ template_filter ] --END-- [ RunTime:0.000000s ]
NOTIC: [8] Undefined index: work_type E:\hisiphp\Application\Runtime\Cache\Admin\65e605872ed5d34210f5b33beb13f5a3.php 第 42 行.
NOTIC: [8] Undefined index: work_type E:\hisiphp\Application\Runtime\Cache\Admin\65e605872ed5d34210f5b33beb13f5a3.php 第 42 行.
NOTIC: [8] Undefined index: work_type E:\hisiphp\Application\Runtime\Cache\Admin\65e605872ed5d34210f5b33beb13f5a3.php 第 42 行.
NOTIC: [8] Undefined index: work_type E:\hisiphp\Application\Runtime\Cache\Admin\65e605872ed5d34210f5b33beb13f5a3.php 第 42 行.
INFO: Run Behavior\ParseTemplateBehavior [ RunTime:0.013000s ]
INFO: [ view_parse ] --END-- [ RunTime:0.013000s ]
INFO: [ view_filter ] --START--
INFO: Run Behavior\WriteHtmlCacheBehavior [ RunTime:0.001000s ]
INFO: [ view_filter ] --END-- [ RunTime:0.001000s ]
INFO: [ app_end ] --START--
INFO: Run Behavior\ShowPageTraceBehavior [ RunTime:0.001000s ]
INFO: [ app_end ] --END-- [ RunTime:0.001000s ]

[ 2018-04-05T22:39:52+08:00 ] ::1 /test/index.php/Login/logout.html
INFO: [ app_init ] --START--
INFO: Run Behavior\BuildLiteBehavior [ RunTime:0.000000s ]
INFO: [ app_init ] --END-- [ RunTime:0.000000s ]
INFO: [ app_begin ] --START--
INFO: Run Behavior\ReadHtmlCacheBehavior [ RunTime:0.003000s ]
INFO: [ app_begin ] --END-- [ RunTime:0.003000s ]
INFO: [ action_begin ] --START--
SQL: SHOW COLUMNS FROM `admin_auth_rule` [ RunTime:0.0390s ]
SQL: SELECT * FROM `admin_auth_rule` WHERE `menu_name` = 'Login/logout' AND `status` = 1 LIMIT 1   [ RunTime:0.0390s ]
INFO: Run Admin\Behaviors\OptionRecordBehavior [ RunTime:0.244000s ]
INFO: [ action_begin ] --END-- [ RunTime:0.244000s ]

[ 2018-04-05T22:39:53+08:00 ] ::1 /test/index.php/Login/login.html
INFO: [ app_init ] --START--
INFO: Run Behavior\BuildLiteBehavior [ RunTime:0.000000s ]
INFO: [ app_init ] --END-- [ RunTime:0.001000s ]
INFO: [ app_begin ] --START--
INFO: Run Behavior\ReadHtmlCacheBehavior [ RunTime:0.001000s ]
INFO: [ app_begin ] --END-- [ RunTime:0.001000s ]
INFO: [ action_begin ] --START--
SQL: SHOW COLUMNS FROM `admin_auth_rule` [ RunTime:0.0360s ]
SQL: SELECT * FROM `admin_auth_rule` WHERE `menu_name` = 'Login/login' AND `status` = 1 LIMIT 1   [ RunTime:0.0510s ]
INFO: Run Admin\Behaviors\OptionRecordBehavior [ RunTime:0.243000s ]
INFO: [ action_begin ] --END-- [ RunTime:0.243000s ]
INFO: [ view_parse ] --START--
INFO: [ template_filter ] --START--
INFO: Run Behavior\ContentReplaceBehavior [ RunTime:0.000000s ]
INFO: [ template_filter ] --END-- [ RunTime:0.000000s ]
INFO: Run Behavior\ParseTemplateBehavior [ RunTime:0.011000s ]
INFO: [ view_parse ] --END-- [ RunTime:0.011000s ]
INFO: [ view_filter ] --START--
INFO: Run Behavior\WriteHtmlCacheBehavior [ RunTime:0.001000s ]
INFO: [ view_filter ] --END-- [ RunTime:0.001000s ]
INFO: [ app_end ] --START--
INFO: Run Behavior\ShowPageTraceBehavior [ RunTime:0.001000s ]
INFO: [ app_end ] --END-- [ RunTime:0.001000s ]

[ 2018-04-05T22:39:53+08:00 ] ::1 /test/index.php/Login/verify.html
INFO: [ app_init ] --START--
INFO: Run Behavior\BuildLiteBehavior [ RunTime:0.000000s ]
INFO: [ app_init ] --END-- [ RunTime:0.001000s ]
INFO: [ app_begin ] --START--
INFO: Run Behavior\ReadHtmlCacheBehavior [ RunTime:0.001000s ]
INFO: [ app_begin ] --END-- [ RunTime:0.001000s ]
INFO: [ action_begin ] --START--
SQL: SHOW COLUMNS FROM `admin_auth_rule` [ RunTime:0.0380s ]
SQL: SELECT * FROM `admin_auth_rule` WHERE `menu_name` = 'Login/verify' AND `status` = 1 LIMIT 1   [ RunTime:0.0370s ]
INFO: Run Admin\Behaviors\OptionRecordBehavior [ RunTime:0.245000s ]
INFO: [ action_begin ] --END-- [ RunTime:0.245000s ]
INFO: [ app_end ] --START--
INFO: Run Behavior\ShowPageTraceBehavior [ RunTime:0.002000s ]
INFO: [ app_end ] --END-- [ RunTime:0.002000s ]

[ 2018-04-05T22:40:04+08:00 ] ::1 /test/index.php/Login/doLogin.html
INFO: [ app_init ] --START--
INFO: Run Behavior\BuildLiteBehavior [ RunTime:0.000000s ]
INFO: [ app_init ] --END-- [ RunTime:0.001000s ]
INFO: [ app_begin ] --START--
INFO: Run Behavior\ReadHtmlCacheBehavior [ RunTime:0.002000s ]
INFO: [ app_begin ] --END-- [ RunTime:0.002000s ]
INFO: [ action_begin ] --START--
SQL: SHOW COLUMNS FROM `admin_auth_rule` [ RunTime:0.0370s ]
SQL: SELECT * FROM `admin_auth_rule` WHERE `menu_name` = 'Login/doLogin' AND `status` = 1 LIMIT 1   [ RunTime:0.0370s ]
INFO: Run Admin\Behaviors\OptionRecordBehavior [ RunTime:0.250000s ]
INFO: [ action_begin ] --END-- [ RunTime:0.250000s ]
SQL: SHOW COLUMNS FROM `admin_user` [ RunTime:0.0370s ]
SQL: SELECT * FROM `admin_user` WHERE `user_name` = 'test' AND `password` = 'e10adc3949ba59abbe56e057f20f883e' AND `status` = 1 LIMIT 1   [ RunTime:0.0370s ]
SQL: UPDATE `admin_user` SET `lastlogin_time`='1522939203' WHERE `id` = 16 [ RunTime:0.0430s ]

[ 2018-04-05T22:40:04+08:00 ] ::1 /test/index.php/Index/index.html
INFO: [ app_init ] --START--
INFO: Run Behavior\BuildLiteBehavior [ RunTime:0.000000s ]
INFO: [ app_init ] --END-- [ RunTime:0.000000s ]
INFO: [ app_begin ] --START--
INFO: Run Behavior\ReadHtmlCacheBehavior [ RunTime:0.000000s ]
INFO: [ app_begin ] --END-- [ RunTime:0.001000s ]
INFO: [ action_begin ] --START--
SQL: SHOW COLUMNS FROM `admin_auth_rule` [ RunTime:0.0370s ]
SQL: SELECT * FROM `admin_auth_rule` WHERE `menu_name` = 'Index/index' AND `status` = 1 LIMIT 1   [ RunTime:0.0380s ]
INFO: Run Admin\Behaviors\OptionRecordBehavior [ RunTime:0.246000s ]
INFO: [ action_begin ] --END-- [ RunTime:0.246000s ]
SQL: SHOW COLUMNS FROM `admin_auth_group_access` [ RunTime:0.0390s ]
SQL: SELECT b.rules FROM admin_auth_group_access a LEFT JOIN admin_auth_group b ON b.id=a.group_id  WHERE a.uid = '16'  [ RunTime:0.0380s ]
SQL: SHOW COLUMNS FROM `admin_auth_rule` [ RunTime:0.0390s ]
SQL: SELECT * FROM `admin_auth_rule` WHERE `id` IN ('2','14','21','24','25','26','27','22','28','29','30','31','23','33','35','37','39','40','38','32') AND `is_menu` = 1 AND `status` = 1  [ RunTime:0.0380s ]
INFO: [ view_parse ] --START--
INFO: [ template_filter ] --START--
INFO: Run Behavior\ContentReplaceBehavior [ RunTime:0.000000s ]
INFO: [ template_filter ] --END-- [ RunTime:0.001000s ]
INFO: Run Behavior\ParseTemplateBehavior [ RunTime:0.016000s ]
INFO: [ view_parse ] --END-- [ RunTime:0.016000s ]
INFO: [ view_filter ] --START--
INFO: Run Behavior\WriteHtmlCacheBehavior [ RunTime:0.001000s ]
INFO: [ view_filter ] --END-- [ RunTime:0.001000s ]
INFO: [ app_end ] --START--
INFO: Run Behavior\ShowPageTraceBehavior [ RunTime:0.001000s ]
INFO: [ app_end ] --END-- [ RunTime:0.001000s ]

[ 2018-04-05T22:40:04+08:00 ] ::1 /test/index.php/Index/main.html
INFO: [ app_init ] --START--
INFO: Run Behavior\BuildLiteBehavior [ RunTime:0.000000s ]
INFO: [ app_init ] --END-- [ RunTime:0.001000s ]
INFO: [ app_begin ] --START--
INFO: Run Behavior\ReadHtmlCacheBehavior [ RunTime:0.001000s ]
INFO: [ app_begin ] --END-- [ RunTime:0.001000s ]
INFO: [ action_begin ] --START--
SQL: SHOW COLUMNS FROM `admin_auth_rule` [ RunTime:0.0380s ]
SQL: SELECT * FROM `admin_auth_rule` WHERE `menu_name` = 'Index/main' AND `status` = 1 LIMIT 1   [ RunTime:0.0380s ]
INFO: Run Admin\Behaviors\OptionRecordBehavior [ RunTime:0.240000s ]
INFO: [ action_begin ] --END-- [ RunTime:0.240000s ]
INFO: [ view_parse ] --START--
INFO: [ template_filter ] --START--
INFO: Run Behavior\ContentReplaceBehavior [ RunTime:0.000000s ]
INFO: [ template_filter ] --END-- [ RunTime:0.000000s ]
INFO: Run Behavior\ParseTemplateBehavior [ RunTime:0.009000s ]
INFO: [ view_parse ] --END-- [ RunTime:0.010000s ]
INFO: [ view_filter ] --START--
INFO: Run Behavior\WriteHtmlCacheBehavior [ RunTime:0.001000s ]
INFO: [ view_filter ] --END-- [ RunTime:0.001000s ]
INFO: [ app_end ] --START--
INFO: Run Behavior\ShowPageTraceBehavior [ RunTime:0.001000s ]
INFO: [ app_end ] --END-- [ RunTime:0.001000s ]

[ 2018-04-05T22:40:07+08:00 ] ::1 /test/index.php/Task/taskList.html
INFO: [ app_init ] --START--
INFO: Run Behavior\BuildLiteBehavior [ RunTime:0.000000s ]
INFO: [ app_init ] --END-- [ RunTime:0.000000s ]
INFO: [ app_begin ] --START--
INFO: Run Behavior\ReadHtmlCacheBehavior [ RunTime:0.001000s ]
INFO: [ app_begin ] --END-- [ RunTime:0.001000s ]
INFO: [ action_begin ] --START--
SQL: SHOW COLUMNS FROM `admin_auth_rule` [ RunTime:0.0350s ]
SQL: SELECT * FROM `admin_auth_rule` WHERE `menu_name` = 'Task/taskList' AND `status` = 1 LIMIT 1   [ RunTime:0.0360s ]
INFO: Run Admin\Behaviors\OptionRecordBehavior [ RunTime:0.235000s ]
INFO: [ action_begin ] --END-- [ RunTime:0.235000s ]
NOTIC: [2048] Declaration of Admin\Model\AdminTaskListModel::Create() should be compatible with Think\Model::create($data = '', $type = '') E:\hisiphp\Application\Admin\Model\AdminTaskListModel.class.php 第 71 行.
SQL: SHOW COLUMNS FROM `admin_task_list` [ RunTime:0.0360s ]
SQL: SHOW COLUMNS FROM `admin_task` [ RunTime:0.0370s ]
SQL: SELECT a.id as id,a.tid as taskid,e.name as tid,b.user_name as createid,c.user_name as exeid,d.user_name as checkid,a.time as time,a.state as state FROM admin_task as a left join admin_user as b ON a.createid = b.id left join admin_user as c ON a.exeid = c.id left join admin_user as d ON a.checkid = d.id left join admin_task_list as e ON a.tid = e.id   [ RunTime:0.0360s ]
SQL: SHOW COLUMNS FROM `admin_user` [ RunTime:0.0360s ]
SQL: SELECT `id`,`user_name` FROM `admin_user`  [ RunTime:0.0350s ]
INFO: [ view_parse ] --START--
INFO: [ template_filter ] --START--
INFO: Run Behavior\ContentReplaceBehavior [ RunTime:0.000000s ]
INFO: [ template_filter ] --END-- [ RunTime:0.000000s ]
INFO: Run Behavior\ParseTemplateBehavior [ RunTime:0.016000s ]
INFO: [ view_parse ] --END-- [ RunTime:0.017000s ]
INFO: [ view_filter ] --START--
INFO: Run Behavior\WriteHtmlCacheBehavior [ RunTime:0.000000s ]
INFO: [ view_filter ] --END-- [ RunTime:0.000000s ]
INFO: [ app_end ] --START--
INFO: Run Behavior\ShowPageTraceBehavior [ RunTime:0.001000s ]
INFO: [ app_end ] --END-- [ RunTime:0.001000s ]

[ 2018-04-05T22:40:11+08:00 ] ::1 /test/index.php/Task/EditWork.html
INFO: [ app_init ] --START--
INFO: Run Behavior\BuildLiteBehavior [ RunTime:0.000000s ]
INFO: [ app_init ] --END-- [ RunTime:0.001000s ]
INFO: [ app_begin ] --START--
INFO: Run Behavior\ReadHtmlCacheBehavior [ RunTime:0.000000s ]
INFO: [ app_begin ] --END-- [ RunTime:0.001000s ]
INFO: [ action_begin ] --START--
SQL: SHOW COLUMNS FROM `admin_auth_rule` [ RunTime:0.0360s ]
SQL: SELECT * FROM `admin_auth_rule` WHERE `menu_name` = 'Task/EditWork' AND `status` = 1 LIMIT 1   [ RunTime:0.0350s ]
INFO: Run Admin\Behaviors\OptionRecordBehavior [ RunTime:0.229000s ]
INFO: [ action_begin ] --END-- [ RunTime:0.229000s ]
NOTIC: [2048] Declaration of Admin\Model\AdminTaskListModel::Create() should be compatible with Think\Model::create($data = '', $type = '') E:\hisiphp\Application\Admin\Model\AdminTaskListModel.class.php 第 71 行.
SQL: SHOW COLUMNS FROM `admin_task_list` [ RunTime:0.0370s ]
SQL: SHOW COLUMNS FROM `admin_task` [ RunTime:0.0360s ]
SQL: SELECT * FROM `admin_task` WHERE `id` = 1 LIMIT 1   [ RunTime:0.0360s ]
SQL: SHOW COLUMNS FROM `admin_form_type` [ RunTime:0.0350s ]
SQL: SELECT * FROM `admin_form_type` WHERE `Tid` = 1  [ RunTime:0.0350s ]
INFO: [ view_parse ] --START--
INFO: [ template_filter ] --START--
INFO: Run Behavior\ContentReplaceBehavior [ RunTime:0.000000s ]
INFO: [ template_filter ] --END-- [ RunTime:0.000000s ]
NOTIC: [8] Undefined variable: task E:\hisiphp\Application\Runtime\Cache\Admin\8a7126c89423d6966cdfd2bacc5a3128.php 第 3 行.
NOTIC: [8] Undefined variable: task E:\hisiphp\Application\Runtime\Cache\Admin\8a7126c89423d6966cdfd2bacc5a3128.php 第 4 行.
NOTIC: [8] Undefined variable: user_info E:\hisiphp\Application\Runtime\Cache\Admin\8a7126c89423d6966cdfd2bacc5a3128.php 第 17 行.
NOTIC: [8] Undefined variable: user_info1 E:\hisiphp\Application\Runtime\Cache\Admin\8a7126c89423d6966cdfd2bacc5a3128.php 第 26 行.
NOTIC: [8] Undefined variable: task_info E:\hisiphp\Application\Runtime\Cache\Admin\8a7126c89423d6966cdfd2bacc5a3128.php 第 30 行.
NOTIC: [8] Use of undefined constant id - assumed 'id' E:\hisiphp\Application\Runtime\Cache\Admin\8a7126c89423d6966cdfd2bacc5a3128.php 第 79 行.
INFO: Run Behavior\ParseTemplateBehavior [ RunTime:0.015000s ]
INFO: [ view_parse ] --END-- [ RunTime:0.015000s ]
INFO: [ view_filter ] --START--
INFO: Run Behavior\WriteHtmlCacheBehavior [ RunTime:0.001000s ]
INFO: [ view_filter ] --END-- [ RunTime:0.001000s ]
INFO: [ app_end ] --START--
INFO: Run Behavior\ShowPageTraceBehavior [ RunTime:0.001000s ]
INFO: [ app_end ] --END-- [ RunTime:0.001000s ]

[ 2018-04-05T22:42:15+08:00 ] ::1 /test/index.php/Task/EditWork.html
INFO: [ app_init ] --START--
INFO: Run Behavior\BuildLiteBehavior [ RunTime:0.000000s ]
INFO: [ app_init ] --END-- [ RunTime:0.001000s ]
INFO: [ app_begin ] --START--
INFO: Run Behavior\ReadHtmlCacheBehavior [ RunTime:0.002000s ]
INFO: [ app_begin ] --END-- [ RunTime:0.002000s ]
INFO: [ action_begin ] --START--
SQL: SHOW COLUMNS FROM `admin_auth_rule` [ RunTime:0.0360s ]
SQL: SELECT * FROM `admin_auth_rule` WHERE `menu_name` = 'Task/EditWork' AND `status` = 1 LIMIT 1   [ RunTime:0.0360s ]
INFO: Run Admin\Behaviors\OptionRecordBehavior [ RunTime:0.244000s ]
INFO: [ action_begin ] --END-- [ RunTime:0.244000s ]
NOTIC: [2048] Declaration of Admin\Model\AdminTaskListModel::Create() should be compatible with Think\Model::create($data = '', $type = '') E:\hisiphp\Application\Admin\Model\AdminTaskListModel.class.php 第 71 行.
SQL: SHOW COLUMNS FROM `admin_task_list` [ RunTime:0.0360s ]
SQL: SHOW COLUMNS FROM `admin_task` [ RunTime:0.0360s ]
SQL: SELECT * FROM `admin_task` WHERE `id` = 1 LIMIT 1   [ RunTime:0.0390s ]
SQL: SHOW COLUMNS FROM `admin_form_type` [ RunTime:0.0370s ]
SQL: SELECT * FROM `admin_form_type` WHERE `Tid` = 1  [ RunTime:0.0360s ]
INFO: [ view_parse ] --START--
INFO: [ template_filter ] --START--
INFO: Run Behavior\ContentReplaceBehavior [ RunTime:0.000000s ]
INFO: [ template_filter ] --END-- [ RunTime:0.000000s ]
NOTIC: [8] Undefined variable: task E:\hisiphp\Application\Runtime\Cache\Admin\8a7126c89423d6966cdfd2bacc5a3128.php 第 3 行.
NOTIC: [8] Undefined variable: task E:\hisiphp\Application\Runtime\Cache\Admin\8a7126c89423d6966cdfd2bacc5a3128.php 第 4 行.
NOTIC: [8] Undefined variable: user_info E:\hisiphp\Application\Runtime\Cache\Admin\8a7126c89423d6966cdfd2bacc5a3128.php 第 17 行.
NOTIC: [8] Undefined variable: user_info1 E:\hisiphp\Application\Runtime\Cache\Admin\8a7126c89423d6966cdfd2bacc5a3128.php 第 26 行.
NOTIC: [8] Undefined variable: task_info E:\hisiphp\Application\Runtime\Cache\Admin\8a7126c89423d6966cdfd2bacc5a3128.php 第 30 行.
NOTIC: [8] Use of undefined constant id - assumed 'id' E:\hisiphp\Application\Runtime\Cache\Admin\8a7126c89423d6966cdfd2bacc5a3128.php 第 79 行.
INFO: Run Behavior\ParseTemplateBehavior [ RunTime:0.020000s ]
INFO: [ view_parse ] --END-- [ RunTime:0.020000s ]
INFO: [ view_filter ] --START--
INFO: Run Behavior\WriteHtmlCacheBehavior [ RunTime:0.001000s ]
INFO: [ view_filter ] --END-- [ RunTime:0.001000s ]
INFO: [ app_end ] --START--
INFO: Run Behavior\ShowPageTraceBehavior [ RunTime:0.001000s ]
INFO: [ app_end ] --END-- [ RunTime:0.001000s ]

[ 2018-04-05T22:42:21+08:00 ] ::1 /test/index.php/Task/addTask
INFO: [ app_init ] --START--
INFO: Run Behavior\BuildLiteBehavior [ RunTime:0.000000s ]
INFO: [ app_init ] --END-- [ RunTime:0.000000s ]
INFO: [ app_begin ] --START--
INFO: Run Behavior\ReadHtmlCacheBehavior [ RunTime:0.001000s ]
INFO: [ app_begin ] --END-- [ RunTime:0.001000s ]
INFO: [ action_begin ] --START--
SQL: SHOW COLUMNS FROM `admin_auth_rule` [ RunTime:0.0360s ]
SQL: SELECT * FROM `admin_auth_rule` WHERE `menu_name` = 'Task/addTask' AND `status` = 1 LIMIT 1   [ RunTime:0.0370s ]
INFO: Run Admin\Behaviors\OptionRecordBehavior [ RunTime:0.228000s ]
INFO: [ action_begin ] --END-- [ RunTime:0.228000s ]
NOTIC: [2048] Declaration of Admin\Model\AdminTaskListModel::Create() should be compatible with Think\Model::create($data = '', $type = '') E:\hisiphp\Application\Admin\Model\AdminTaskListModel.class.php 第 71 行.
SQL: SHOW COLUMNS FROM `admin_task_list` [ RunTime:0.0350s ]
SQL: SHOW COLUMNS FROM `admin_task` [ RunTime:0.0360s ]
SQL: INSERT INTO `admin_task` (`id`,`tid`,`createid`,`exeid`,`checkid`,`state`,`time`,`data`) VALUES ('0','0','16','0','0','0','1522939341','[]') [ RunTime:0.0470s ]

[ 2018-04-05T22:42:24+08:00 ] ::1 /test/index.php/Task/taskList.html
INFO: [ app_init ] --START--
INFO: Run Behavior\BuildLiteBehavior [ RunTime:0.000000s ]
INFO: [ app_init ] --END-- [ RunTime:0.000000s ]
INFO: [ app_begin ] --START--
INFO: Run Behavior\ReadHtmlCacheBehavior [ RunTime:0.001000s ]
INFO: [ app_begin ] --END-- [ RunTime:0.002000s ]
INFO: [ action_begin ] --START--
SQL: SHOW COLUMNS FROM `admin_auth_rule` [ RunTime:0.0380s ]
SQL: SELECT * FROM `admin_auth_rule` WHERE `menu_name` = 'Task/taskList' AND `status` = 1 LIMIT 1   [ RunTime:0.0360s ]
INFO: Run Admin\Behaviors\OptionRecordBehavior [ RunTime:0.235000s ]
INFO: [ action_begin ] --END-- [ RunTime:0.235000s ]
NOTIC: [2048] Declaration of Admin\Model\AdminTaskListModel::Create() should be compatible with Think\Model::create($data = '', $type = '') E:\hisiphp\Application\Admin\Model\AdminTaskListModel.class.php 第 71 行.
SQL: SHOW COLUMNS FROM `admin_task_list` [ RunTime:0.0370s ]
SQL: SHOW COLUMNS FROM `admin_task` [ RunTime:0.0370s ]
SQL: SELECT a.id as id,a.tid as taskid,e.name as tid,b.user_name as createid,c.user_name as exeid,d.user_name as checkid,a.time as time,a.state as state FROM admin_task as a left join admin_user as b ON a.createid = b.id left join admin_user as c ON a.exeid = c.id left join admin_user as d ON a.checkid = d.id left join admin_task_list as e ON a.tid = e.id   [ RunTime:0.0370s ]
SQL: SHOW COLUMNS FROM `admin_user` [ RunTime:0.0370s ]
SQL: SELECT `id`,`user_name` FROM `admin_user`  [ RunTime:0.0360s ]
INFO: [ view_parse ] --START--
INFO: [ template_filter ] --START--
INFO: Run Behavior\ContentReplaceBehavior [ RunTime:0.000000s ]
INFO: [ template_filter ] --END-- [ RunTime:0.000000s ]
INFO: Run Behavior\ParseTemplateBehavior [ RunTime:0.015000s ]
INFO: [ view_parse ] --END-- [ RunTime:0.015000s ]
INFO: [ view_filter ] --START--
INFO: Run Behavior\WriteHtmlCacheBehavior [ RunTime:0.001000s ]
INFO: [ view_filter ] --END-- [ RunTime:0.001000s ]
INFO: [ app_end ] --START--
INFO: Run Behavior\ShowPageTraceBehavior [ RunTime:0.001000s ]
INFO: [ app_end ] --END-- [ RunTime:0.001000s ]

[ 2018-04-05T22:42:37+08:00 ] ::1 /test/index.php/Task/deleteWorks.html
INFO: [ app_init ] --START--
INFO: Run Behavior\BuildLiteBehavior [ RunTime:0.000000s ]
INFO: [ app_init ] --END-- [ RunTime:0.001000s ]
INFO: [ app_begin ] --START--
INFO: Run Behavior\ReadHtmlCacheBehavior [ RunTime:0.001000s ]
INFO: [ app_begin ] --END-- [ RunTime:0.001000s ]
INFO: [ action_begin ] --START--
SQL: SHOW COLUMNS FROM `admin_auth_rule` [ RunTime:0.0350s ]
SQL: SELECT * FROM `admin_auth_rule` WHERE `menu_name` = 'Task/deleteWorks' AND `status` = 1 LIMIT 1   [ RunTime:0.0350s ]
INFO: Run Admin\Behaviors\OptionRecordBehavior [ RunTime:0.227000s ]
INFO: [ action_begin ] --END-- [ RunTime:0.227000s ]
NOTIC: [2048] Declaration of Admin\Model\AdminTaskListModel::Create() should be compatible with Think\Model::create($data = '', $type = '') E:\hisiphp\Application\Admin\Model\AdminTaskListModel.class.php 第 71 行.
SQL: SHOW COLUMNS FROM `admin_task_list` [ RunTime:0.0360s ]
SQL: SHOW COLUMNS FROM `admin_task` [ RunTime:0.0360s ]
SQL: DELETE FROM `admin_task` WHERE `id` = 0 [ RunTime:0.0350s ]

[ 2018-04-05T22:42:41+08:00 ] ::1 /test/index.php/Task/deleteWorks.html
INFO: [ app_init ] --START--
INFO: Run Behavior\BuildLiteBehavior [ RunTime:0.000000s ]
INFO: [ app_init ] --END-- [ RunTime:0.001000s ]
INFO: [ app_begin ] --START--
INFO: Run Behavior\ReadHtmlCacheBehavior [ RunTime:0.001000s ]
INFO: [ app_begin ] --END-- [ RunTime:0.001000s ]
INFO: [ action_begin ] --START--
SQL: SHOW COLUMNS FROM `admin_auth_rule` [ RunTime:0.0360s ]
SQL: SELECT * FROM `admin_auth_rule` WHERE `menu_name` = 'Task/deleteWorks' AND `status` = 1 LIMIT 1   [ RunTime:0.0350s ]
INFO: Run Admin\Behaviors\OptionRecordBehavior [ RunTime:0.226000s ]
INFO: [ action_begin ] --END-- [ RunTime:0.226000s ]
NOTIC: [2048] Declaration of Admin\Model\AdminTaskListModel::Create() should be compatible with Think\Model::create($data = '', $type = '') E:\hisiphp\Application\Admin\Model\AdminTaskListModel.class.php 第 71 行.
SQL: SHOW COLUMNS FROM `admin_task_list` [ RunTime:0.0360s ]
SQL: SHOW COLUMNS FROM `admin_task` [ RunTime:0.0360s ]
SQL: DELETE FROM `admin_task` WHERE `id` = 0 [ RunTime:0.0350s ]

[ 2018-04-05T22:42:46+08:00 ] ::1 /test/index.php/Task/taskList.html
INFO: [ app_init ] --START--
INFO: Run Behavior\BuildLiteBehavior [ RunTime:0.000000s ]
INFO: [ app_init ] --END-- [ RunTime:0.001000s ]
INFO: [ app_begin ] --START--
INFO: Run Behavior\ReadHtmlCacheBehavior [ RunTime:0.001000s ]
INFO: [ app_begin ] --END-- [ RunTime:0.002000s ]
INFO: [ action_begin ] --START--
SQL: SHOW COLUMNS FROM `admin_auth_rule` [ RunTime:0.0370s ]
SQL: SELECT * FROM `admin_auth_rule` WHERE `menu_name` = 'Task/taskList' AND `status` = 1 LIMIT 1   [ RunTime:0.0360s ]
INFO: Run Admin\Behaviors\OptionRecordBehavior [ RunTime:0.234000s ]
INFO: [ action_begin ] --END-- [ RunTime:0.234000s ]
NOTIC: [2048] Declaration of Admin\Model\AdminTaskListModel::Create() should be compatible with Think\Model::create($data = '', $type = '') E:\hisiphp\Application\Admin\Model\AdminTaskListModel.class.php 第 71 行.
SQL: SHOW COLUMNS FROM `admin_task_list` [ RunTime:0.0360s ]
SQL: SHOW COLUMNS FROM `admin_task` [ RunTime:0.0370s ]
SQL: SELECT a.id as id,a.tid as taskid,e.name as tid,b.user_name as createid,c.user_name as exeid,d.user_name as checkid,a.time as time,a.state as state FROM admin_task as a left join admin_user as b ON a.createid = b.id left join admin_user as c ON a.exeid = c.id left join admin_user as d ON a.checkid = d.id left join admin_task_list as e ON a.tid = e.id   [ RunTime:0.0370s ]
SQL: SHOW COLUMNS FROM `admin_user` [ RunTime:0.0380s ]
SQL: SELECT `id`,`user_name` FROM `admin_user`  [ RunTime:0.0360s ]
INFO: [ view_parse ] --START--
INFO: [ template_filter ] --START--
INFO: Run Behavior\ContentReplaceBehavior [ RunTime:0.000000s ]
INFO: [ template_filter ] --END-- [ RunTime:0.000000s ]
INFO: Run Behavior\ParseTemplateBehavior [ RunTime:0.017000s ]
INFO: [ view_parse ] --END-- [ RunTime:0.017000s ]
INFO: [ view_filter ] --START--
INFO: Run Behavior\WriteHtmlCacheBehavior [ RunTime:0.000000s ]
INFO: [ view_filter ] --END-- [ RunTime:0.000000s ]
INFO: [ app_end ] --START--
INFO: Run Behavior\ShowPageTraceBehavior [ RunTime:0.001000s ]
INFO: [ app_end ] --END-- [ RunTime:0.001000s ]

[ 2018-04-05T22:43:00+08:00 ] ::1 /test/index.php/Task/taskList.html
INFO: [ app_init ] --START--
INFO: Run Behavior\BuildLiteBehavior [ RunTime:0.000000s ]
INFO: [ app_init ] --END-- [ RunTime:0.001000s ]
INFO: [ app_begin ] --START--
INFO: Run Behavior\ReadHtmlCacheBehavior [ RunTime:0.003000s ]
INFO: [ app_begin ] --END-- [ RunTime:0.003000s ]
INFO: [ action_begin ] --START--
SQL: SHOW COLUMNS FROM `admin_auth_rule` [ RunTime:0.0370s ]
SQL: SELECT * FROM `admin_auth_rule` WHERE `menu_name` = 'Task/taskList' AND `status` = 1 LIMIT 1   [ RunTime:0.0360s ]
INFO: Run Admin\Behaviors\OptionRecordBehavior [ RunTime:0.257000s ]
INFO: [ action_begin ] --END-- [ RunTime:0.257000s ]
NOTIC: [2048] Declaration of Admin\Model\AdminTaskListModel::Create() should be compatible with Think\Model::create($data = '', $type = '') E:\hisiphp\Application\Admin\Model\AdminTaskListModel.class.php 第 71 行.
SQL: SHOW COLUMNS FROM `admin_task_list` [ RunTime:0.0370s ]
SQL: SHOW COLUMNS FROM `admin_task` [ RunTime:0.0370s ]
SQL: SELECT a.id as id,a.tid as taskid,e.name as tid,b.user_name as createid,c.user_name as exeid,d.user_name as checkid,a.time as time,a.state as state FROM admin_task as a left join admin_user as b ON a.createid = b.id left join admin_user as c ON a.exeid = c.id left join admin_user as d ON a.checkid = d.id left join admin_task_list as e ON a.tid = e.id   [ RunTime:0.0370s ]
SQL: SHOW COLUMNS FROM `admin_user` [ RunTime:0.0370s ]
SQL: SELECT `id`,`user_name` FROM `admin_user`  [ RunTime:0.0360s ]
INFO: [ view_parse ] --START--
INFO: [ template_filter ] --START--
INFO: Run Behavior\ContentReplaceBehavior [ RunTime:0.000000s ]
INFO: [ template_filter ] --END-- [ RunTime:0.000000s ]
INFO: Run Behavior\ParseTemplateBehavior [ RunTime:0.016000s ]
INFO: [ view_parse ] --END-- [ RunTime:0.016000s ]
INFO: [ view_filter ] --START--
INFO: Run Behavior\WriteHtmlCacheBehavior [ RunTime:0.001000s ]
INFO: [ view_filter ] --END-- [ RunTime:0.001000s ]
INFO: [ app_end ] --START--
INFO: Run Behavior\ShowPageTraceBehavior [ RunTime:0.001000s ]
INFO: [ app_end ] --END-- [ RunTime:0.001000s ]

[ 2018-04-05T22:43:15+08:00 ] ::1 /test/index.php/Task/taskList.html?
INFO: [ app_init ] --START--
INFO: Run Behavior\BuildLiteBehavior [ RunTime:0.000000s ]
INFO: [ app_init ] --END-- [ RunTime:0.000000s ]
INFO: [ app_begin ] --START--
INFO: Run Behavior\ReadHtmlCacheBehavior [ RunTime:0.002000s ]
INFO: [ app_begin ] --END-- [ RunTime:0.002000s ]
INFO: [ action_begin ] --START--
SQL: SHOW COLUMNS FROM `admin_auth_rule` [ RunTime:0.0380s ]
SQL: SELECT * FROM `admin_auth_rule` WHERE `menu_name` = 'Task/taskList' AND `status` = 1 LIMIT 1   [ RunTime:0.0420s ]
INFO: Run Admin\Behaviors\OptionRecordBehavior [ RunTime:0.246000s ]
INFO: [ action_begin ] --END-- [ RunTime:0.246000s ]
NOTIC: [2048] Declaration of Admin\Model\AdminTaskListModel::Create() should be compatible with Think\Model::create($data = '', $type = '') E:\hisiphp\Application\Admin\Model\AdminTaskListModel.class.php 第 71 行.
SQL: SHOW COLUMNS FROM `admin_task_list` [ RunTime:0.0370s ]
SQL: SHOW COLUMNS FROM `admin_task` [ RunTime:0.0380s ]
SQL: SELECT a.id as id,a.tid as taskid,e.name as tid,b.user_name as createid,c.user_name as exeid,d.user_name as checkid,a.time as time,a.state as state FROM admin_task as a left join admin_user as b ON a.createid = b.id left join admin_user as c ON a.exeid = c.id left join admin_user as d ON a.checkid = d.id left join admin_task_list as e ON a.tid = e.id   [ RunTime:0.0380s ]
SQL: SHOW COLUMNS FROM `admin_user` [ RunTime:0.0380s ]
SQL: SELECT `id`,`user_name` FROM `admin_user`  [ RunTime:0.0380s ]
INFO: [ view_parse ] --START--
INFO: [ template_filter ] --START--
INFO: Run Behavior\ContentReplaceBehavior [ RunTime:0.000000s ]
INFO: [ template_filter ] --END-- [ RunTime:0.000000s ]
INFO: Run Behavior\ParseTemplateBehavior [ RunTime:0.016000s ]
INFO: [ view_parse ] --END-- [ RunTime:0.016000s ]
INFO: [ view_filter ] --START--
INFO: Run Behavior\WriteHtmlCacheBehavior [ RunTime:0.001000s ]
INFO: [ view_filter ] --END-- [ RunTime:0.001000s ]
INFO: [ app_end ] --START--
INFO: Run Behavior\ShowPageTraceBehavior [ RunTime:0.001000s ]
INFO: [ app_end ] --END-- [ RunTime:0.001000s ]

[ 2018-04-05T22:43:24+08:00 ] ::1 /test/index.php/Task/EditWork.html
INFO: [ app_init ] --START--
INFO: Run Behavior\BuildLiteBehavior [ RunTime:0.000000s ]
INFO: [ app_init ] --END-- [ RunTime:0.001000s ]
INFO: [ app_begin ] --START--
INFO: Run Behavior\ReadHtmlCacheBehavior [ RunTime:0.001000s ]
INFO: [ app_begin ] --END-- [ RunTime:0.001000s ]
INFO: [ action_begin ] --START--
SQL: SHOW COLUMNS FROM `admin_auth_rule` [ RunTime:0.0370s ]
SQL: SELECT * FROM `admin_auth_rule` WHERE `menu_name` = 'Task/EditWork' AND `status` = 1 LIMIT 1   [ RunTime:0.0360s ]
INFO: Run Admin\Behaviors\OptionRecordBehavior [ RunTime:0.232000s ]
INFO: [ action_begin ] --END-- [ RunTime:0.232000s ]
NOTIC: [2048] Declaration of Admin\Model\AdminTaskListModel::Create() should be compatible with Think\Model::create($data = '', $type = '') E:\hisiphp\Application\Admin\Model\AdminTaskListModel.class.php 第 71 行.
SQL: SHOW COLUMNS FROM `admin_task_list` [ RunTime:0.0370s ]
SQL: SHOW COLUMNS FROM `admin_task` [ RunTime:0.0360s ]
SQL: SELECT * FROM `admin_task` WHERE `id` = 1 LIMIT 1   [ RunTime:0.0360s ]
SQL: SHOW COLUMNS FROM `admin_form_type` [ RunTime:0.0370s ]
SQL: SELECT * FROM `admin_form_type` WHERE `Tid` = 1  [ RunTime:0.0370s ]
INFO: [ view_parse ] --START--
INFO: [ template_filter ] --START--
INFO: Run Behavior\ContentReplaceBehavior [ RunTime:0.000000s ]
INFO: [ template_filter ] --END-- [ RunTime:0.000000s ]
NOTIC: [8] Undefined variable: task E:\hisiphp\Application\Runtime\Cache\Admin\8a7126c89423d6966cdfd2bacc5a3128.php 第 3 行.
NOTIC: [8] Undefined variable: task E:\hisiphp\Application\Runtime\Cache\Admin\8a7126c89423d6966cdfd2bacc5a3128.php 第 4 行.
NOTIC: [8] Undefined variable: user_info E:\hisiphp\Application\Runtime\Cache\Admin\8a7126c89423d6966cdfd2bacc5a3128.php 第 17 行.
NOTIC: [8] Undefined variable: user_info1 E:\hisiphp\Application\Runtime\Cache\Admin\8a7126c89423d6966cdfd2bacc5a3128.php 第 26 行.
NOTIC: [8] Undefined variable: task_info E:\hisiphp\Application\Runtime\Cache\Admin\8a7126c89423d6966cdfd2bacc5a3128.php 第 30 行.
NOTIC: [8] Use of undefined constant id - assumed 'id' E:\hisiphp\Application\Runtime\Cache\Admin\8a7126c89423d6966cdfd2bacc5a3128.php 第 79 行.
INFO: Run Behavior\ParseTemplateBehavior [ RunTime:0.015000s ]
INFO: [ view_parse ] --END-- [ RunTime:0.016000s ]
INFO: [ view_filter ] --START--
INFO: Run Behavior\WriteHtmlCacheBehavior [ RunTime:0.000000s ]
INFO: [ view_filter ] --END-- [ RunTime:0.000000s ]
INFO: [ app_end ] --START--
INFO: Run Behavior\ShowPageTraceBehavior [ RunTime:0.001000s ]
INFO: [ app_end ] --END-- [ RunTime:0.001000s ]

[ 2018-04-05T22:44:59+08:00 ] ::1 /test/index.php/Task/index.html
INFO: [ app_init ] --START--
INFO: Run Behavior\BuildLiteBehavior [ RunTime:0.000000s ]
INFO: [ app_init ] --END-- [ RunTime:0.000000s ]
INFO: [ app_begin ] --START--
INFO: Run Behavior\ReadHtmlCacheBehavior [ RunTime:0.001000s ]
INFO: [ app_begin ] --END-- [ RunTime:0.001000s ]
INFO: [ action_begin ] --START--
SQL: SHOW COLUMNS FROM `admin_auth_rule` [ RunTime:0.0390s ]
SQL: SELECT * FROM `admin_auth_rule` WHERE `menu_name` = 'Task/index' AND `status` = 1 LIMIT 1   [ RunTime:0.0380s ]
INFO: Run Admin\Behaviors\OptionRecordBehavior [ RunTime:0.244000s ]
INFO: [ action_begin ] --END-- [ RunTime:0.244000s ]
NOTIC: [2048] Declaration of Admin\Model\AdminTaskListModel::Create() should be compatible with Think\Model::create($data = '', $type = '') E:\hisiphp\Application\Admin\Model\AdminTaskListModel.class.php 第 71 行.
SQL: SHOW COLUMNS FROM `admin_task_list` [ RunTime:0.0390s ]
SQL: SELECT COUNT(*) AS tp_count FROM `admin_task_list` WHERE `state` = 1 LIMIT 1   [ RunTime:0.0380s ]
SQL: SELECT * FROM `admin_task_list` WHERE `state` = 1 LIMIT 0,10   [ RunTime:0.0370s ]
INFO: [ view_parse ] --START--
INFO: [ template_filter ] --START--
INFO: Run Behavior\ContentReplaceBehavior [ RunTime:0.000000s ]
INFO: [ template_filter ] --END-- [ RunTime:0.000000s ]
NOTIC: [8] Undefined index: count E:\hisiphp\Application\Runtime\Cache\Admin\ef8368bcb55887278b31745283749320.php 第 37 行.
NOTIC: [8] Undefined index: count E:\hisiphp\Application\Runtime\Cache\Admin\ef8368bcb55887278b31745283749320.php 第 37 行.
INFO: Run Behavior\ParseTemplateBehavior [ RunTime:0.014000s ]
INFO: [ view_parse ] --END-- [ RunTime:0.014000s ]
INFO: [ view_filter ] --START--
INFO: Run Behavior\WriteHtmlCacheBehavior [ RunTime:0.001000s ]
INFO: [ view_filter ] --END-- [ RunTime:0.001000s ]
INFO: [ app_end ] --START--
INFO: Run Behavior\ShowPageTraceBehavior [ RunTime:0.001000s ]
INFO: [ app_end ] --END-- [ RunTime:0.001000s ]

[ 2018-04-05T22:45:03+08:00 ] ::1 /test/index.php/Task/SendTask.html
INFO: [ app_init ] --START--
INFO: Run Behavior\BuildLiteBehavior [ RunTime:0.000000s ]
INFO: [ app_init ] --END-- [ RunTime:0.001000s ]
INFO: [ app_begin ] --START--
INFO: Run Behavior\ReadHtmlCacheBehavior [ RunTime:0.001000s ]
INFO: [ app_begin ] --END-- [ RunTime:0.001000s ]
INFO: [ action_begin ] --START--
SQL: SHOW COLUMNS FROM `admin_auth_rule` [ RunTime:0.0390s ]
SQL: SELECT * FROM `admin_auth_rule` WHERE `menu_name` = 'Task/SendTask' AND `status` = 1 LIMIT 1   [ RunTime:0.0370s ]
INFO: Run Admin\Behaviors\OptionRecordBehavior [ RunTime:0.234000s ]
INFO: [ action_begin ] --END-- [ RunTime:0.234000s ]
NOTIC: [2048] Declaration of Admin\Model\AdminTaskListModel::Create() should be compatible with Think\Model::create($data = '', $type = '') E:\hisiphp\Application\Admin\Model\AdminTaskListModel.class.php 第 71 行.
SQL: SHOW COLUMNS FROM `admin_task_list` [ RunTime:0.0370s ]
SQL: SHOW COLUMNS FROM `admin_form_type` [ RunTime:0.0370s ]
SQL: SELECT * FROM `admin_form_type` WHERE `Tid` = 1  [ RunTime:0.0370s ]
SQL: SHOW COLUMNS FROM `admin_task_list` [ RunTime:0.0380s ]
SQL: SELECT `id`,`name` FROM `admin_task_list` WHERE `id` = 1 LIMIT 1   [ RunTime:0.0370s ]
SQL: SHOW COLUMNS FROM `admin_user` [ RunTime:0.0370s ]
SQL: SELECT a.id,a.user_name,a.phone FROM admin_user as a INNER JOIN admin_auth_group_access as b ON a.id = b.uid  WHERE b.group_id IN (27,28,29,30)  [ RunTime:0.0370s ]
SQL: SHOW COLUMNS FROM `admin_user` [ RunTime:0.0370s ]
SQL: SELECT `id`,`user_name` FROM `admin_user`  [ RunTime:0.0360s ]
INFO: [ view_parse ] --START--
INFO: [ template_filter ] --START--
INFO: Run Behavior\ContentReplaceBehavior [ RunTime:0.001000s ]
INFO: [ template_filter ] --END-- [ RunTime:0.001000s ]
INFO: Run Behavior\ParseTemplateBehavior [ RunTime:0.015000s ]
INFO: [ view_parse ] --END-- [ RunTime:0.015000s ]
INFO: [ view_filter ] --START--
INFO: Run Behavior\WriteHtmlCacheBehavior [ RunTime:0.000000s ]
INFO: [ view_filter ] --END-- [ RunTime:0.000000s ]
INFO: [ app_end ] --START--
INFO: Run Behavior\ShowPageTraceBehavior [ RunTime:0.001000s ]
INFO: [ app_end ] --END-- [ RunTime:0.001000s ]

[ 2018-04-05T22:45:13+08:00 ] ::1 /test/index.php/Task/SendTask.html
INFO: [ app_init ] --START--
INFO: Run Behavior\BuildLiteBehavior [ RunTime:0.000000s ]
INFO: [ app_init ] --END-- [ RunTime:0.001000s ]
INFO: [ app_begin ] --START--
INFO: Run Behavior\ReadHtmlCacheBehavior [ RunTime:0.002000s ]
INFO: [ app_begin ] --END-- [ RunTime:0.002000s ]
INFO: [ action_begin ] --START--
SQL: SHOW COLUMNS FROM `admin_auth_rule` [ RunTime:0.0380s ]
SQL: SELECT * FROM `admin_auth_rule` WHERE `menu_name` = 'Task/SendTask' AND `status` = 1 LIMIT 1   [ RunTime:0.0360s ]
INFO: Run Admin\Behaviors\OptionRecordBehavior [ RunTime:0.234000s ]
INFO: [ action_begin ] --END-- [ RunTime:0.235000s ]
NOTIC: [2048] Declaration of Admin\Model\AdminTaskListModel::Create() should be compatible with Think\Model::create($data = '', $type = '') E:\hisiphp\Application\Admin\Model\AdminTaskListModel.class.php 第 71 行.
SQL: SHOW COLUMNS FROM `admin_task_list` [ RunTime:0.0370s ]
SQL: SHOW COLUMNS FROM `admin_form_type` [ RunTime:0.0360s ]
SQL: SELECT * FROM `admin_form_type` WHERE `Tid` = 1  [ RunTime:0.0360s ]
SQL: SHOW COLUMNS FROM `admin_task_list` [ RunTime:0.0390s ]
SQL: SELECT `id`,`name` FROM `admin_task_list` WHERE `id` = 1 LIMIT 1   [ RunTime:0.0360s ]
SQL: SHOW COLUMNS FROM `admin_user` [ RunTime:0.0370s ]
SQL: SELECT a.id,a.user_name,a.phone FROM admin_user as a INNER JOIN admin_auth_group_access as b ON a.id = b.uid  WHERE b.group_id IN (27,28,29,30)  [ RunTime:0.0370s ]
SQL: SHOW COLUMNS FROM `admin_user` [ RunTime:0.0360s ]
SQL: SELECT `id`,`user_name` FROM `admin_user`  [ RunTime:0.0360s ]
INFO: [ view_parse ] --START--
INFO: [ template_filter ] --START--
INFO: Run Behavior\ContentReplaceBehavior [ RunTime:0.001000s ]
INFO: [ template_filter ] --END-- [ RunTime:0.001000s ]
INFO: Run Behavior\ParseTemplateBehavior [ RunTime:0.014000s ]
INFO: [ view_parse ] --END-- [ RunTime:0.014000s ]
INFO: [ view_filter ] --START--
INFO: Run Behavior\WriteHtmlCacheBehavior [ RunTime:0.002000s ]
INFO: [ view_filter ] --END-- [ RunTime:0.002000s ]
INFO: [ app_end ] --START--
INFO: Run Behavior\ShowPageTraceBehavior [ RunTime:0.001000s ]
INFO: [ app_end ] --END-- [ RunTime:0.002000s ]

