[ 2018-04-19T22:57:37+08:00 ] ::1 /test/
INFO: [ app_init ] --START--
INFO: Run Behavior\BuildLiteBehavior [ RunTime:0.000025s ]
INFO: [ app_init ] --END-- [ RunTime:0.001734s ]
INFO: [ app_begin ] --START--
INFO: Run Behavior\ReadHtmlCacheBehavior [ RunTime:0.001971s ]
INFO: [ app_begin ] --END-- [ RunTime:0.002086s ]
INFO: [ action_begin ] --START--
SQL: SHOW COLUMNS FROM `admin_auth_rule` [ RunTime:0.0491s ]
SQL: SELECT * FROM `admin_auth_rule` WHERE `menu_name` = 'Index/index' AND `status` = 1 LIMIT 1   [ RunTime:0.0661s ]
INFO: Run Admin\Behaviors\OptionRecordBehavior [ RunTime:0.351637s ]
INFO: [ action_begin ] --END-- [ RunTime:0.351721s ]

[ 2018-04-19T22:57:37+08:00 ] ::1 /test/index.php/Login/login.html
INFO: [ app_init ] --START--
INFO: Run Behavior\BuildLiteBehavior [ RunTime:0.000132s ]
INFO: [ app_init ] --END-- [ RunTime:0.001501s ]
INFO: [ app_begin ] --START--
INFO: Run Behavior\ReadHtmlCacheBehavior [ RunTime:0.001327s ]
INFO: [ app_begin ] --END-- [ RunTime:0.001753s ]
INFO: [ action_begin ] --START--
SQL: SHOW COLUMNS FROM `admin_auth_rule` [ RunTime:0.0364s ]
SQL: SELECT * FROM `admin_auth_rule` WHERE `menu_name` = 'Login/login' AND `status` = 1 LIMIT 1   [ RunTime:0.0361s ]
INFO: Run Admin\Behaviors\OptionRecordBehavior [ RunTime:0.254479s ]
INFO: [ action_begin ] --END-- [ RunTime:0.254686s ]
INFO: [ view_parse ] --START--
INFO: [ template_filter ] --START--
INFO: Run Behavior\ContentReplaceBehavior [ RunTime:0.000090s ]
INFO: [ template_filter ] --END-- [ RunTime:0.000195s ]
INFO: Run Behavior\ParseTemplateBehavior [ RunTime:0.086207s ]
INFO: [ view_parse ] --END-- [ RunTime:0.086328s ]
INFO: [ view_filter ] --START--
INFO: Run Behavior\WriteHtmlCacheBehavior [ RunTime:0.026262s ]
INFO: [ view_filter ] --END-- [ RunTime:0.026350s ]
INFO: [ app_end ] --START--
INFO: Run Behavior\ShowPageTraceBehavior [ RunTime:0.021926s ]
INFO: [ app_end ] --END-- [ RunTime:0.022016s ]

[ 2018-04-19T22:57:38+08:00 ] ::1 /test/index.php/Login/verify.html
INFO: [ app_init ] --START--
INFO: Run Behavior\BuildLiteBehavior [ RunTime:0.000032s ]
INFO: [ app_init ] --END-- [ RunTime:0.000951s ]
INFO: [ app_begin ] --START--
INFO: Run Behavior\ReadHtmlCacheBehavior [ RunTime:0.002593s ]
INFO: [ app_begin ] --END-- [ RunTime:0.002810s ]
INFO: [ action_begin ] --START--
SQL: SHOW COLUMNS FROM `admin_auth_rule` [ RunTime:0.0369s ]
SQL: SELECT * FROM `admin_auth_rule` WHERE `menu_name` = 'Login/verify' AND `status` = 1 LIMIT 1   [ RunTime:0.0367s ]
INFO: Run Admin\Behaviors\OptionRecordBehavior [ RunTime:0.280637s ]
INFO: [ action_begin ] --END-- [ RunTime:0.280744s ]
INFO: [ app_end ] --START--
INFO: Run Behavior\ShowPageTraceBehavior [ RunTime:0.001517s ]
INFO: [ app_end ] --END-- [ RunTime:0.001666s ]

[ 2018-04-19T22:57:47+08:00 ] ::1 /test/index.php/Login/doLogin.html
INFO: [ app_init ] --START--
INFO: Run Behavior\BuildLiteBehavior [ RunTime:0.000023s ]
INFO: [ app_init ] --END-- [ RunTime:0.000729s ]
INFO: [ app_begin ] --START--
INFO: Run Behavior\ReadHtmlCacheBehavior [ RunTime:0.001124s ]
INFO: [ app_begin ] --END-- [ RunTime:0.001213s ]
INFO: [ action_begin ] --START--
SQL: SHOW COLUMNS FROM `admin_auth_rule` [ RunTime:0.0522s ]
SQL: SELECT * FROM `admin_auth_rule` WHERE `menu_name` = 'Login/doLogin' AND `status` = 1 LIMIT 1   [ RunTime:0.0502s ]
INFO: Run Admin\Behaviors\OptionRecordBehavior [ RunTime:0.359369s ]
INFO: [ action_begin ] --END-- [ RunTime:0.359447s ]
SQL: SHOW COLUMNS FROM `admin_user` [ RunTime:0.0510s ]
SQL: SELECT * FROM `admin_user` WHERE `user_name` = 'admin' AND `password` = 'e10adc3949ba59abbe56e057f20f883e' AND `status` = 1 LIMIT 1   [ RunTime:0.0517s ]
SQL: UPDATE `admin_user` SET `lastlogin_time`='1524149867' WHERE `id` = 15 [ RunTime:0.5348s ]

[ 2018-04-19T22:57:48+08:00 ] ::1 /test/index.php/Index/index.html
INFO: [ app_init ] --START--
INFO: Run Behavior\BuildLiteBehavior [ RunTime:0.000035s ]
INFO: [ app_init ] --END-- [ RunTime:0.001346s ]
INFO: [ app_begin ] --START--
INFO: Run Behavior\ReadHtmlCacheBehavior [ RunTime:0.001511s ]
INFO: [ app_begin ] --END-- [ RunTime:0.001627s ]
INFO: [ action_begin ] --START--
SQL: SHOW COLUMNS FROM `admin_auth_rule` [ RunTime:0.0373s ]
SQL: SELECT * FROM `admin_auth_rule` WHERE `menu_name` = 'Index/index' AND `status` = 1 LIMIT 1   [ RunTime:0.0368s ]
INFO: Run Admin\Behaviors\OptionRecordBehavior [ RunTime:0.253463s ]
INFO: [ action_begin ] --END-- [ RunTime:0.253555s ]
SQL: SHOW COLUMNS FROM `admin_auth_group_access` [ RunTime:0.0366s ]
SQL: SELECT b.rules FROM admin_auth_group_access a LEFT JOIN admin_auth_group b ON b.id=a.group_id  WHERE a.uid = '15'  [ RunTime:0.0729s ]
SQL: SHOW COLUMNS FROM `admin_auth_rule` [ RunTime:0.0366s ]
SQL: SELECT * FROM `admin_auth_rule` WHERE `id` IN ('2','14','21','24','25','26','27','22','28','29','30','31','23','33','35','37','39','40','38','32') AND `is_menu` = 1 AND `status` = 1  [ RunTime:0.0373s ]
INFO: [ view_parse ] --START--
INFO: [ template_filter ] --START--
INFO: Run Behavior\ContentReplaceBehavior [ RunTime:0.000164s ]
INFO: [ template_filter ] --END-- [ RunTime:0.000328s ]
INFO: Run Behavior\ParseTemplateBehavior [ RunTime:0.058829s ]
INFO: [ view_parse ] --END-- [ RunTime:0.058950s ]
INFO: [ view_filter ] --START--
INFO: Run Behavior\WriteHtmlCacheBehavior [ RunTime:0.001064s ]
INFO: [ view_filter ] --END-- [ RunTime:0.001133s ]
INFO: [ app_end ] --START--
INFO: Run Behavior\ShowPageTraceBehavior [ RunTime:0.001194s ]
INFO: [ app_end ] --END-- [ RunTime:0.001267s ]

[ 2018-04-19T22:57:49+08:00 ] ::1 /test/index.php/Index/main.html
INFO: [ app_init ] --START--
INFO: Run Behavior\BuildLiteBehavior [ RunTime:0.000032s ]
INFO: [ app_init ] --END-- [ RunTime:0.000987s ]
INFO: [ app_begin ] --START--
INFO: Run Behavior\ReadHtmlCacheBehavior [ RunTime:0.001596s ]
INFO: [ app_begin ] --END-- [ RunTime:0.001719s ]
INFO: [ action_begin ] --START--
SQL: SHOW COLUMNS FROM `admin_auth_rule` [ RunTime:0.0726s ]
SQL: SELECT * FROM `admin_auth_rule` WHERE `menu_name` = 'Index/main' AND `status` = 1 LIMIT 1   [ RunTime:0.0677s ]
INFO: Run Admin\Behaviors\OptionRecordBehavior [ RunTime:0.491743s ]
INFO: [ action_begin ] --END-- [ RunTime:0.491843s ]
SQL: SHOW COLUMNS FROM `admin_task` [ RunTime:0.0722s ]
SQL: SELECT a.id as id,a.level,a.tid as taskid,e.name as tid,b.user_name as createid,c.user_name as exeid,d.user_name as checkid,a.time as time,a.state as state FROM admin_task as a left join admin_user as b ON a.createid = b.id left join admin_user as c ON a.exeid = c.id left join admin_user as d ON a.checkid = d.id left join admin_task_list as e ON a.tid = e.id  WHERE `exeid` = '15' AND a.state = 0  [ RunTime:0.0695s ]
SQL: SELECT a.id as id,a.level,a.tid as taskid,e.name as tid,b.user_name as createid,c.user_name as exeid,d.user_name as checkid,a.time as time,a.state as state FROM admin_task as a left join admin_user as b ON a.createid = b.id left join admin_user as c ON a.exeid = c.id left join admin_user as d ON a.checkid = d.id left join admin_task_list as e ON a.tid = e.id  WHERE `checkid` = '15' AND a.state = 3  [ RunTime:0.0682s ]
SQL: SELECT a.id as id,a.level,a.tid as taskid,e.name as tid,b.user_name as createid,c.user_name as exeid,d.user_name as checkid,a.time as time,a.state as state FROM admin_task as a left join admin_user as b ON a.createid = b.id left join admin_user as c ON a.exeid = c.id left join admin_user as d ON a.checkid = d.id left join admin_task_list as e ON a.tid = e.id  WHERE `exeid` = '15' AND a.state = 1  [ RunTime:0.0676s ]
INFO: [ view_parse ] --START--
INFO: [ template_filter ] --START--
INFO: Run Behavior\ContentReplaceBehavior [ RunTime:0.000177s ]
INFO: [ template_filter ] --END-- [ RunTime:0.000262s ]
INFO: Run Behavior\ParseTemplateBehavior [ RunTime:0.031188s ]
INFO: [ view_parse ] --END-- [ RunTime:0.031292s ]
INFO: [ view_filter ] --START--
INFO: Run Behavior\WriteHtmlCacheBehavior [ RunTime:0.001099s ]
INFO: [ view_filter ] --END-- [ RunTime:0.001166s ]
INFO: [ app_end ] --START--
INFO: Run Behavior\ShowPageTraceBehavior [ RunTime:0.001761s ]
INFO: [ app_end ] --END-- [ RunTime:0.001882s ]

[ 2018-04-19T22:57:50+08:00 ] ::1 /test/index.php/Index/getSbWorkinfo
INFO: [ app_init ] --START--
INFO: Run Behavior\BuildLiteBehavior [ RunTime:0.000022s ]
INFO: [ app_init ] --END-- [ RunTime:0.000792s ]
INFO: [ app_begin ] --START--
INFO: Run Behavior\ReadHtmlCacheBehavior [ RunTime:0.001122s ]
INFO: [ app_begin ] --END-- [ RunTime:0.001208s ]
INFO: [ action_begin ] --START--
SQL: SHOW COLUMNS FROM `admin_auth_rule` [ RunTime:0.0357s ]
SQL: SELECT * FROM `admin_auth_rule` WHERE `menu_name` = 'Index/getSbWorkinfo' AND `status` = 1 LIMIT 1   [ RunTime:0.0347s ]
INFO: Run Admin\Behaviors\OptionRecordBehavior [ RunTime:0.269156s ]
INFO: [ action_begin ] --END-- [ RunTime:0.269232s ]
SQL: SHOW COLUMNS FROM `admin_task` [ RunTime:0.0355s ]
SQL: SELECT COUNT(*) AS tp_count FROM `admin_task` WHERE `exeid` = 15 LIMIT 1   [ RunTime:0.0351s ]
SQL: SELECT COUNT(*) AS tp_count FROM `admin_task` WHERE `checkid` = 15 LIMIT 1   [ RunTime:0.0349s ]
SQL: SELECT COUNT(*) AS tp_count FROM `admin_task` WHERE `createid` = 15 LIMIT 1   [ RunTime:0.0351s ]

[ 2018-04-19T22:57:57+08:00 ] ::1 /test/index.php/Task/taskList.html
INFO: [ app_init ] --START--
INFO: Run Behavior\BuildLiteBehavior [ RunTime:0.000035s ]
INFO: [ app_init ] --END-- [ RunTime:0.001081s ]
INFO: [ app_begin ] --START--
INFO: Run Behavior\ReadHtmlCacheBehavior [ RunTime:0.001373s ]
INFO: [ app_begin ] --END-- [ RunTime:0.001505s ]
INFO: [ action_begin ] --START--
SQL: SHOW COLUMNS FROM `admin_auth_rule` [ RunTime:0.0363s ]
SQL: SELECT * FROM `admin_auth_rule` WHERE `menu_name` = 'Task/taskList' AND `status` = 1 LIMIT 1   [ RunTime:0.0364s ]
INFO: Run Admin\Behaviors\OptionRecordBehavior [ RunTime:0.281017s ]
INFO: [ action_begin ] --END-- [ RunTime:0.281192s ]
NOTIC: [2048] Declaration of Admin\Model\AdminTaskListModel::Create() should be compatible with Think\Model::create($data = '', $type = '') F:\hisiphp\Application\Admin\Model\AdminTaskListModel.class.php 第 72 行.
SQL: SHOW COLUMNS FROM `admin_task_list` [ RunTime:0.0367s ]
SQL: SHOW COLUMNS FROM `admin_task` [ RunTime:0.0366s ]
SQL: SELECT a.id as id,a.level,a.tid as taskid,e.name as tid,b.user_name as createid,c.user_name as exeid,d.user_name as checkid,a.time as time,a.state as state FROM admin_task as a left join admin_user as b ON a.createid = b.id left join admin_user as c ON a.exeid = c.id left join admin_user as d ON a.checkid = d.id left join admin_task_list as e ON a.tid = e.id   [ RunTime:0.0367s ]
SQL: SHOW COLUMNS FROM `admin_user` [ RunTime:0.0363s ]
SQL: SELECT `id`,`user_name` FROM `admin_user`  [ RunTime:0.0356s ]
INFO: [ view_parse ] --START--
INFO: [ template_filter ] --START--
INFO: Run Behavior\ContentReplaceBehavior [ RunTime:0.000135s ]
INFO: [ template_filter ] --END-- [ RunTime:0.000219s ]
INFO: Run Behavior\ParseTemplateBehavior [ RunTime:0.032302s ]
INFO: [ view_parse ] --END-- [ RunTime:0.032414s ]
INFO: [ view_filter ] --START--
INFO: Run Behavior\WriteHtmlCacheBehavior [ RunTime:0.001102s ]
INFO: [ view_filter ] --END-- [ RunTime:0.001175s ]
INFO: [ app_end ] --START--
INFO: Run Behavior\ShowPageTraceBehavior [ RunTime:0.001813s ]
INFO: [ app_end ] --END-- [ RunTime:0.001936s ]

[ 2018-04-19T22:58:01+08:00 ] ::1 /test/index.php/Task/index.html
INFO: [ app_init ] --START--
INFO: Run Behavior\BuildLiteBehavior [ RunTime:0.000028s ]
INFO: [ app_init ] --END-- [ RunTime:0.001293s ]
INFO: [ app_begin ] --START--
INFO: Run Behavior\ReadHtmlCacheBehavior [ RunTime:0.002626s ]
INFO: [ app_begin ] --END-- [ RunTime:0.002844s ]
INFO: [ action_begin ] --START--
SQL: SHOW COLUMNS FROM `admin_auth_rule` [ RunTime:0.0718s ]
SQL: SELECT * FROM `admin_auth_rule` WHERE `menu_name` = 'Task/index' AND `status` = 1 LIMIT 1   [ RunTime:0.3736s ]
INFO: Run Admin\Behaviors\OptionRecordBehavior [ RunTime:0.760068s ]
INFO: [ action_begin ] --END-- [ RunTime:0.760185s ]
NOTIC: [2048] Declaration of Admin\Model\AdminTaskListModel::Create() should be compatible with Think\Model::create($data = '', $type = '') F:\hisiphp\Application\Admin\Model\AdminTaskListModel.class.php 第 72 行.
SQL: SHOW COLUMNS FROM `admin_task_list` [ RunTime:0.0682s ]
SQL: SELECT COUNT(*) AS tp_count FROM `admin_task_list` WHERE `state` = 1 LIMIT 1   [ RunTime:0.0712s ]
SQL: SELECT * FROM `admin_task_list` WHERE `state` = 1 LIMIT 0,10   [ RunTime:0.6711s ]
INFO: [ view_parse ] --START--
INFO: [ template_filter ] --START--
INFO: Run Behavior\ContentReplaceBehavior [ RunTime:0.000080s ]
INFO: [ template_filter ] --END-- [ RunTime:0.000166s ]
NOTIC: [8] Undefined index: count F:\hisiphp\Application\Runtime\Cache\Admin\ef8368bcb55887278b31745283749320.php 第 37 行.
NOTIC: [8] Undefined index: count F:\hisiphp\Application\Runtime\Cache\Admin\ef8368bcb55887278b31745283749320.php 第 37 行.
INFO: Run Behavior\ParseTemplateBehavior [ RunTime:0.022037s ]
INFO: [ view_parse ] --END-- [ RunTime:0.022131s ]
INFO: [ view_filter ] --START--
INFO: Run Behavior\WriteHtmlCacheBehavior [ RunTime:0.000990s ]
INFO: [ view_filter ] --END-- [ RunTime:0.001058s ]
INFO: [ app_end ] --START--
INFO: Run Behavior\ShowPageTraceBehavior [ RunTime:0.001340s ]
INFO: [ app_end ] --END-- [ RunTime:0.001428s ]

[ 2018-04-19T22:58:05+08:00 ] ::1 /test/index.php/User/index.html
INFO: [ app_init ] --START--
INFO: Run Behavior\BuildLiteBehavior [ RunTime:0.000037s ]
INFO: [ app_init ] --END-- [ RunTime:0.001137s ]
INFO: [ app_begin ] --START--
INFO: Run Behavior\ReadHtmlCacheBehavior [ RunTime:0.001360s ]
INFO: [ app_begin ] --END-- [ RunTime:0.001463s ]
INFO: [ action_begin ] --START--
SQL: SHOW COLUMNS FROM `admin_auth_rule` [ RunTime:0.0350s ]
SQL: SELECT * FROM `admin_auth_rule` WHERE `menu_name` = 'User/index' AND `status` = 1 LIMIT 1   [ RunTime:0.0345s ]
INFO: Run Admin\Behaviors\OptionRecordBehavior [ RunTime:0.269833s ]
INFO: [ action_begin ] --END-- [ RunTime:0.269960s ]
SQL: SHOW COLUMNS FROM `admin_user` [ RunTime:0.0351s ]
SQL: SELECT COUNT(*) AS tp_count FROM `admin_user` WHERE `status` = 1 LIMIT 1   [ RunTime:0.0344s ]
SQL: SELECT * FROM `admin_user` WHERE `status` = 1 LIMIT 0,10   [ RunTime:0.0345s ]
INFO: [ view_parse ] --START--
INFO: [ template_filter ] --START--
INFO: Run Behavior\ContentReplaceBehavior [ RunTime:0.000122s ]
INFO: [ template_filter ] --END-- [ RunTime:0.000235s ]
NOTIC: [8] Undefined index: work_type F:\hisiphp\Application\Runtime\Cache\Admin\65e605872ed5d34210f5b33beb13f5a3.php 第 42 行.
NOTIC: [8] Undefined index: work_type F:\hisiphp\Application\Runtime\Cache\Admin\65e605872ed5d34210f5b33beb13f5a3.php 第 42 行.
NOTIC: [8] Undefined index: work_type F:\hisiphp\Application\Runtime\Cache\Admin\65e605872ed5d34210f5b33beb13f5a3.php 第 42 行.
NOTIC: [8] Undefined index: work_type F:\hisiphp\Application\Runtime\Cache\Admin\65e605872ed5d34210f5b33beb13f5a3.php 第 42 行.
INFO: Run Behavior\ParseTemplateBehavior [ RunTime:0.076441s ]
INFO: [ view_parse ] --END-- [ RunTime:0.076542s ]
INFO: [ view_filter ] --START--
INFO: Run Behavior\WriteHtmlCacheBehavior [ RunTime:0.001029s ]
INFO: [ view_filter ] --END-- [ RunTime:0.001100s ]
INFO: [ app_end ] --START--
INFO: Run Behavior\ShowPageTraceBehavior [ RunTime:0.001219s ]
INFO: [ app_end ] --END-- [ RunTime:0.001297s ]

[ 2018-04-19T22:58:08+08:00 ] ::1 /test/index.php/User/editUser.html?user_id=15
INFO: [ app_init ] --START--
INFO: Run Behavior\BuildLiteBehavior [ RunTime:0.000024s ]
INFO: [ app_init ] --END-- [ RunTime:0.000778s ]
INFO: [ app_begin ] --START--
INFO: Run Behavior\ReadHtmlCacheBehavior [ RunTime:0.001844s ]
INFO: [ app_begin ] --END-- [ RunTime:0.001945s ]
INFO: [ action_begin ] --START--
SQL: SHOW COLUMNS FROM `admin_auth_rule` [ RunTime:0.0369s ]
SQL: SELECT * FROM `admin_auth_rule` WHERE `menu_name` = 'User/editUser' AND `status` = 1 LIMIT 1   [ RunTime:0.0371s ]
INFO: Run Admin\Behaviors\OptionRecordBehavior [ RunTime:2.154506s ]
INFO: [ action_begin ] --END-- [ RunTime:2.154790s ]
SQL: SHOW COLUMNS FROM `admin_user` [ RunTime:0.0373s ]
SQL: SELECT * FROM `admin_user` WHERE `id` = 15 AND `status` = 1 LIMIT 1   [ RunTime:0.0372s ]
INFO: [ view_parse ] --START--
INFO: [ template_filter ] --START--
INFO: Run Behavior\ContentReplaceBehavior [ RunTime:0.000081s ]
INFO: [ template_filter ] --END-- [ RunTime:0.000161s ]
INFO: Run Behavior\ParseTemplateBehavior [ RunTime:0.011359s ]
INFO: [ view_parse ] --END-- [ RunTime:0.011461s ]
INFO: [ view_filter ] --START--
INFO: Run Behavior\WriteHtmlCacheBehavior [ RunTime:0.000941s ]
INFO: [ view_filter ] --END-- [ RunTime:0.001000s ]
INFO: [ app_end ] --START--
INFO: Run Behavior\ShowPageTraceBehavior [ RunTime:0.001128s ]
INFO: [ app_end ] --END-- [ RunTime:0.001199s ]

[ 2018-04-19T23:01:29+08:00 ] ::1 /test/index.php/AuthGroup/giveRole.html?user_id=15
INFO: [ app_init ] --START--
INFO: Run Behavior\BuildLiteBehavior [ RunTime:0.000026s ]
INFO: [ app_init ] --END-- [ RunTime:0.000796s ]
INFO: [ app_begin ] --START--
INFO: Run Behavior\ReadHtmlCacheBehavior [ RunTime:0.001213s ]
INFO: [ app_begin ] --END-- [ RunTime:0.001298s ]
INFO: [ action_begin ] --START--
SQL: SHOW COLUMNS FROM `admin_auth_rule` [ RunTime:0.0367s ]
SQL: SELECT * FROM `admin_auth_rule` WHERE `menu_name` = 'AuthGroup/giveRole' AND `status` = 1 LIMIT 1   [ RunTime:0.0372s ]
INFO: Run Admin\Behaviors\OptionRecordBehavior [ RunTime:0.236053s ]
INFO: [ action_begin ] --END-- [ RunTime:0.236133s ]
SQL: SHOW COLUMNS FROM `admin_auth_group` [ RunTime:0.0371s ]
SQL: SELECT COUNT(*) AS tp_count FROM `admin_auth_group` WHERE `status` = 1 LIMIT 1   [ RunTime:0.0368s ]
SQL: SELECT a.*,b.uid FROM admin_auth_group a LEFT JOIN admin_auth_group_access b ON a.id=b.group_id AND b.uid=15  WHERE a.status = 1 ORDER BY a.is_manage DESC,a.id DESC  [ RunTime:0.0374s ]
INFO: [ view_parse ] --START--
INFO: [ template_filter ] --START--
INFO: Run Behavior\ContentReplaceBehavior [ RunTime:0.000064s ]
INFO: [ template_filter ] --END-- [ RunTime:0.000154s ]
INFO: Run Behavior\ParseTemplateBehavior [ RunTime:0.014823s ]
INFO: [ view_parse ] --END-- [ RunTime:0.015001s ]
INFO: [ view_filter ] --START--
INFO: Run Behavior\WriteHtmlCacheBehavior [ RunTime:0.001207s ]
INFO: [ view_filter ] --END-- [ RunTime:0.001293s ]
INFO: [ app_end ] --START--
INFO: Run Behavior\ShowPageTraceBehavior [ RunTime:0.001776s ]
INFO: [ app_end ] --END-- [ RunTime:0.001881s ]

[ 2018-04-19T23:02:39+08:00 ] ::1 /test/index.php/AuthGroup/authGroupList.html
INFO: [ app_init ] --START--
INFO: Run Behavior\BuildLiteBehavior [ RunTime:0.000031s ]
INFO: [ app_init ] --END-- [ RunTime:0.001435s ]
INFO: [ app_begin ] --START--
INFO: Run Behavior\ReadHtmlCacheBehavior [ RunTime:0.001354s ]
INFO: [ app_begin ] --END-- [ RunTime:0.001472s ]
INFO: [ action_begin ] --START--
SQL: SHOW COLUMNS FROM `admin_auth_rule` [ RunTime:0.0373s ]
SQL: SELECT * FROM `admin_auth_rule` WHERE `menu_name` = 'AuthGroup/authGroupList' AND `status` = 1 LIMIT 1   [ RunTime:0.0366s ]
INFO: Run Admin\Behaviors\OptionRecordBehavior [ RunTime:0.245088s ]
INFO: [ action_begin ] --END-- [ RunTime:0.245185s ]
SQL: SHOW COLUMNS FROM `admin_auth_group` [ RunTime:0.0367s ]
SQL: SELECT COUNT(*) AS tp_count FROM `admin_auth_group` WHERE `status` = 1 LIMIT 1   [ RunTime:0.0365s ]
SQL: SELECT * FROM `admin_auth_group` WHERE `status` = 1 ORDER BY is_manage DESC,id DESC LIMIT 0,15   [ RunTime:0.0362s ]
INFO: [ view_parse ] --START--
INFO: [ template_filter ] --START--
INFO: Run Behavior\ContentReplaceBehavior [ RunTime:0.000098s ]
INFO: [ template_filter ] --END-- [ RunTime:0.000207s ]
INFO: Run Behavior\ParseTemplateBehavior [ RunTime:0.014858s ]
INFO: [ view_parse ] --END-- [ RunTime:0.015035s ]
INFO: [ view_filter ] --START--
INFO: Run Behavior\WriteHtmlCacheBehavior [ RunTime:0.001184s ]
INFO: [ view_filter ] --END-- [ RunTime:0.001259s ]
INFO: [ app_end ] --START--
INFO: Run Behavior\ShowPageTraceBehavior [ RunTime:0.001158s ]
INFO: [ app_end ] --END-- [ RunTime:0.001230s ]

[ 2018-04-19T23:02:49+08:00 ] ::1 /test/index.php/AuthGroup/addGroup.html
INFO: [ app_init ] --START--
INFO: Run Behavior\BuildLiteBehavior [ RunTime:0.000022s ]
INFO: [ app_init ] --END-- [ RunTime:0.000788s ]
INFO: [ app_begin ] --START--
INFO: Run Behavior\ReadHtmlCacheBehavior [ RunTime:0.001172s ]
INFO: [ app_begin ] --END-- [ RunTime:0.001257s ]
INFO: [ action_begin ] --START--
SQL: SHOW COLUMNS FROM `admin_auth_rule` [ RunTime:0.0351s ]
SQL: SELECT * FROM `admin_auth_rule` WHERE `menu_name` = 'AuthGroup/addGroup' AND `status` = 1 LIMIT 1   [ RunTime:0.0352s ]
INFO: Run Admin\Behaviors\OptionRecordBehavior [ RunTime:0.230062s ]
INFO: [ action_begin ] --END-- [ RunTime:0.230137s ]
INFO: [ view_parse ] --START--
INFO: [ template_filter ] --START--
INFO: Run Behavior\ContentReplaceBehavior [ RunTime:0.000063s ]
INFO: [ template_filter ] --END-- [ RunTime:0.000147s ]
INFO: Run Behavior\ParseTemplateBehavior [ RunTime:0.011366s ]
INFO: [ view_parse ] --END-- [ RunTime:0.011453s ]
INFO: [ view_filter ] --START--
INFO: Run Behavior\WriteHtmlCacheBehavior [ RunTime:0.000887s ]
INFO: [ view_filter ] --END-- [ RunTime:0.000944s ]
INFO: [ app_end ] --START--
INFO: Run Behavior\ShowPageTraceBehavior [ RunTime:0.001524s ]
INFO: [ app_end ] --END-- [ RunTime:0.001610s ]

[ 2018-04-19T23:02:54+08:00 ] ::1 /test/index.php/AuthGroup/ruleGroup/role_id/29.html
INFO: [ app_init ] --START--
INFO: Run Behavior\BuildLiteBehavior [ RunTime:0.000022s ]
INFO: [ app_init ] --END-- [ RunTime:0.000795s ]
INFO: [ app_begin ] --START--
INFO: Run Behavior\ReadHtmlCacheBehavior [ RunTime:0.001137s ]
INFO: [ app_begin ] --END-- [ RunTime:0.001223s ]
INFO: [ action_begin ] --START--
SQL: SHOW COLUMNS FROM `admin_auth_rule` [ RunTime:0.0356s ]
SQL: SELECT * FROM `admin_auth_rule` WHERE `menu_name` = 'AuthGroup/ruleGroup' AND `status` = 1 LIMIT 1   [ RunTime:0.0353s ]
INFO: Run Admin\Behaviors\OptionRecordBehavior [ RunTime:0.229755s ]
INFO: [ action_begin ] --END-- [ RunTime:0.229845s ]
SQL: SHOW COLUMNS FROM `admin_auth_group` [ RunTime:0.0356s ]
SQL: SELECT * FROM `admin_auth_rule` WHERE `status` = 1  [ RunTime:0.0361s ]
SQL: SELECT * FROM `admin_auth_group` WHERE `id` = 29 AND `status` = 1 LIMIT 1   [ RunTime:0.0353s ]
INFO: [ view_parse ] --START--
INFO: [ template_filter ] --START--
INFO: Run Behavior\ContentReplaceBehavior [ RunTime:0.000083s ]
INFO: [ template_filter ] --END-- [ RunTime:0.000165s ]
INFO: Run Behavior\ParseTemplateBehavior [ RunTime:0.022547s ]
INFO: [ view_parse ] --END-- [ RunTime:0.022637s ]
INFO: [ view_filter ] --START--
INFO: Run Behavior\WriteHtmlCacheBehavior [ RunTime:0.000928s ]
INFO: [ view_filter ] --END-- [ RunTime:0.000993s ]
INFO: [ app_end ] --START--
INFO: Run Behavior\ShowPageTraceBehavior [ RunTime:0.001171s ]
INFO: [ app_end ] --END-- [ RunTime:0.001244s ]

[ 2018-04-19T23:03:00+08:00 ] ::1 /test/index.php/AuthGroup/ruleGroup/role_id/29.html?menu%5B2%5D=2&role_id=29
INFO: [ app_init ] --START--
INFO: Run Behavior\BuildLiteBehavior [ RunTime:0.000024s ]
INFO: [ app_init ] --END-- [ RunTime:0.000783s ]
INFO: [ app_begin ] --START--
INFO: Run Behavior\ReadHtmlCacheBehavior [ RunTime:0.001261s ]
INFO: [ app_begin ] --END-- [ RunTime:0.001361s ]
INFO: [ action_begin ] --START--
SQL: SHOW COLUMNS FROM `admin_auth_rule` [ RunTime:0.0366s ]
SQL: SELECT * FROM `admin_auth_rule` WHERE `menu_name` = 'AuthGroup/ruleGroup' AND `status` = 1 LIMIT 1   [ RunTime:0.0364s ]
INFO: Run Admin\Behaviors\OptionRecordBehavior [ RunTime:0.238162s ]
INFO: [ action_begin ] --END-- [ RunTime:0.238260s ]
SQL: SHOW COLUMNS FROM `admin_auth_group` [ RunTime:0.0365s ]
SQL: SELECT * FROM `admin_auth_rule` WHERE `status` = 1  [ RunTime:0.0368s ]
SQL: SELECT * FROM `admin_auth_group` WHERE `id` = 29 AND `status` = 1 LIMIT 1   [ RunTime:0.0356s ]
INFO: [ view_parse ] --START--
INFO: [ template_filter ] --START--
INFO: Run Behavior\ContentReplaceBehavior [ RunTime:0.000104s ]
INFO: [ template_filter ] --END-- [ RunTime:0.000186s ]
INFO: Run Behavior\ParseTemplateBehavior [ RunTime:0.016746s ]
INFO: [ view_parse ] --END-- [ RunTime:0.016841s ]
INFO: [ view_filter ] --START--
INFO: Run Behavior\WriteHtmlCacheBehavior [ RunTime:0.001094s ]
INFO: [ view_filter ] --END-- [ RunTime:0.001166s ]
INFO: [ app_end ] --START--
INFO: Run Behavior\ShowPageTraceBehavior [ RunTime:0.001894s ]
INFO: [ app_end ] --END-- [ RunTime:0.002002s ]

[ 2018-04-19T23:03:01+08:00 ] ::1 /test/index.php/AuthGroup/ruleGroup/role_id/29.html?menu%5B2%5D=2&role_id=29
INFO: [ app_init ] --START--
INFO: Run Behavior\BuildLiteBehavior [ RunTime:0.000039s ]
INFO: [ app_init ] --END-- [ RunTime:0.001297s ]
INFO: [ app_begin ] --START--
INFO: Run Behavior\ReadHtmlCacheBehavior [ RunTime:0.001504s ]
INFO: [ app_begin ] --END-- [ RunTime:0.001613s ]
INFO: [ action_begin ] --START--
SQL: SHOW COLUMNS FROM `admin_auth_rule` [ RunTime:0.0370s ]
SQL: SELECT * FROM `admin_auth_rule` WHERE `menu_name` = 'AuthGroup/ruleGroup' AND `status` = 1 LIMIT 1   [ RunTime:0.0369s ]
INFO: Run Admin\Behaviors\OptionRecordBehavior [ RunTime:0.239369s ]
INFO: [ action_begin ] --END-- [ RunTime:0.239449s ]
SQL: SHOW COLUMNS FROM `admin_auth_group` [ RunTime:0.0371s ]
SQL: SELECT * FROM `admin_auth_rule` WHERE `status` = 1  [ RunTime:0.0363s ]
SQL: SELECT * FROM `admin_auth_group` WHERE `id` = 29 AND `status` = 1 LIMIT 1   [ RunTime:0.0359s ]
INFO: [ view_parse ] --START--
INFO: [ template_filter ] --START--
INFO: Run Behavior\ContentReplaceBehavior [ RunTime:0.000110s ]
INFO: [ template_filter ] --END-- [ RunTime:0.000191s ]
INFO: Run Behavior\ParseTemplateBehavior [ RunTime:0.014149s ]
INFO: [ view_parse ] --END-- [ RunTime:0.014237s ]
INFO: [ view_filter ] --START--
INFO: Run Behavior\WriteHtmlCacheBehavior [ RunTime:0.000975s ]
INFO: [ view_filter ] --END-- [ RunTime:0.001037s ]
INFO: [ app_end ] --START--
INFO: Run Behavior\ShowPageTraceBehavior [ RunTime:0.001163s ]
INFO: [ app_end ] --END-- [ RunTime:0.001238s ]

[ 2018-04-19T23:03:03+08:00 ] ::1 /test/index.php/AuthGroup/ruleGroup.html
INFO: [ app_init ] --START--
INFO: Run Behavior\BuildLiteBehavior [ RunTime:0.000021s ]
INFO: [ app_init ] --END-- [ RunTime:0.000752s ]
INFO: [ app_begin ] --START--
INFO: Run Behavior\ReadHtmlCacheBehavior [ RunTime:0.001144s ]
INFO: [ app_begin ] --END-- [ RunTime:0.001237s ]
INFO: [ action_begin ] --START--
SQL: SHOW COLUMNS FROM `admin_auth_rule` [ RunTime:0.0348s ]
SQL: SELECT * FROM `admin_auth_rule` WHERE `menu_name` = 'AuthGroup/ruleGroup' AND `status` = 1 LIMIT 1   [ RunTime:0.0348s ]
INFO: Run Admin\Behaviors\OptionRecordBehavior [ RunTime:0.225704s ]
INFO: [ action_begin ] --END-- [ RunTime:0.225791s ]
SQL: SHOW COLUMNS FROM `admin_auth_group` [ RunTime:0.0349s ]
SQL: UPDATE `admin_auth_group` SET `rules`='2' WHERE `id` = 29 [ RunTime:0.0343s ]

[ 2018-04-19T23:04:10+08:00 ] ::1 /test/index.php/AuthGroup/ruleGroup/role_id/29.html
INFO: [ app_init ] --START--
INFO: Run Behavior\BuildLiteBehavior [ RunTime:0.000023s ]
INFO: [ app_init ] --END-- [ RunTime:0.000848s ]
INFO: [ app_begin ] --START--
INFO: Run Behavior\ReadHtmlCacheBehavior [ RunTime:0.001288s ]
INFO: [ app_begin ] --END-- [ RunTime:0.001381s ]
INFO: [ action_begin ] --START--
SQL: SHOW COLUMNS FROM `admin_auth_rule` [ RunTime:0.0363s ]
SQL: SELECT * FROM `admin_auth_rule` WHERE `menu_name` = 'AuthGroup/ruleGroup' AND `status` = 1 LIMIT 1   [ RunTime:0.0360s ]
INFO: Run Admin\Behaviors\OptionRecordBehavior [ RunTime:0.231861s ]
INFO: [ action_begin ] --END-- [ RunTime:0.231968s ]
SQL: SHOW COLUMNS FROM `admin_auth_group` [ RunTime:0.0362s ]
SQL: SELECT * FROM `admin_auth_rule` WHERE `status` = 1  [ RunTime:0.0364s ]
SQL: SELECT * FROM `admin_auth_group` WHERE `id` = 29 AND `status` = 1 LIMIT 1   [ RunTime:0.0356s ]
INFO: [ view_parse ] --START--
INFO: [ template_filter ] --START--
INFO: Run Behavior\ContentReplaceBehavior [ RunTime:0.000102s ]
INFO: [ template_filter ] --END-- [ RunTime:0.000211s ]
INFO: Run Behavior\ParseTemplateBehavior [ RunTime:0.015387s ]
INFO: [ view_parse ] --END-- [ RunTime:0.015477s ]
INFO: [ view_filter ] --START--
INFO: Run Behavior\WriteHtmlCacheBehavior [ RunTime:0.001006s ]
INFO: [ view_filter ] --END-- [ RunTime:0.001074s ]
INFO: [ app_end ] --START--
INFO: Run Behavior\ShowPageTraceBehavior [ RunTime:0.001168s ]
INFO: [ app_end ] --END-- [ RunTime:0.001241s ]

[ 2018-04-19T23:15:30+08:00 ] ::1 /test/index.php/Menu/index.html
INFO: [ app_init ] --START--
INFO: Run Behavior\BuildLiteBehavior [ RunTime:0.000036s ]
INFO: [ app_init ] --END-- [ RunTime:0.001323s ]
INFO: [ app_begin ] --START--
INFO: Run Behavior\ReadHtmlCacheBehavior [ RunTime:0.003459s ]
INFO: [ app_begin ] --END-- [ RunTime:0.003594s ]
INFO: [ action_begin ] --START--
SQL: SHOW COLUMNS FROM `admin_auth_rule` [ RunTime:0.0370s ]
SQL: SELECT * FROM `admin_auth_rule` WHERE `menu_name` = 'Menu/index' AND `status` = 1 LIMIT 1   [ RunTime:0.0365s ]
INFO: Run Admin\Behaviors\OptionRecordBehavior [ RunTime:0.241140s ]
INFO: [ action_begin ] --END-- [ RunTime:0.241236s ]
SQL: SELECT * FROM `admin_auth_rule` WHERE `status` = 1 AND `is_menu` = 1  [ RunTime:0.0377s ]
INFO: [ view_parse ] --START--
INFO: [ template_filter ] --START--
INFO: Run Behavior\ContentReplaceBehavior [ RunTime:0.000112s ]
INFO: [ template_filter ] --END-- [ RunTime:0.000193s ]
NOTIC: [8] Undefined offset: 1 F:\hisiphp\Application\Runtime\Cache\Admin\b956215329b6f9aca22277599a4efdfc.php 第 40 行.
NOTIC: [8] Undefined offset: 1 F:\hisiphp\Application\Runtime\Cache\Admin\b956215329b6f9aca22277599a4efdfc.php 第 40 行.
NOTIC: [8] Undefined offset: 1 F:\hisiphp\Application\Runtime\Cache\Admin\b956215329b6f9aca22277599a4efdfc.php 第 40 行.
NOTIC: [8] Undefined variable: page F:\hisiphp\Application\Runtime\Cache\Admin\b956215329b6f9aca22277599a4efdfc.php 第 59 行.
INFO: Run Behavior\ParseTemplateBehavior [ RunTime:0.016104s ]
INFO: [ view_parse ] --END-- [ RunTime:0.016185s ]
INFO: [ view_filter ] --START--
INFO: Run Behavior\WriteHtmlCacheBehavior [ RunTime:0.000963s ]
INFO: [ view_filter ] --END-- [ RunTime:0.001133s ]
INFO: [ app_end ] --START--
INFO: Run Behavior\ShowPageTraceBehavior [ RunTime:0.001668s ]
INFO: [ app_end ] --END-- [ RunTime:0.001871s ]

[ 2018-04-19T23:26:35+08:00 ] ::1 /test/index.php/Task/AddTaskType.html
INFO: [ app_init ] --START--
INFO: Run Behavior\BuildLiteBehavior [ RunTime:0.000022s ]
INFO: [ app_init ] --END-- [ RunTime:0.000809s ]
INFO: [ app_begin ] --START--
INFO: Run Behavior\ReadHtmlCacheBehavior [ RunTime:0.001234s ]
INFO: [ app_begin ] --END-- [ RunTime:0.001322s ]
INFO: [ action_begin ] --START--
SQL: SHOW COLUMNS FROM `admin_auth_rule` [ RunTime:0.0355s ]
SQL: SELECT * FROM `admin_auth_rule` WHERE `menu_name` = 'Task/AddTaskType' AND `status` = 1 LIMIT 1   [ RunTime:0.0354s ]
INFO: Run Admin\Behaviors\OptionRecordBehavior [ RunTime:0.243200s ]
INFO: [ action_begin ] --END-- [ RunTime:0.243302s ]
NOTIC: [2048] Declaration of Admin\Model\AdminTaskListModel::Create() should be compatible with Think\Model::create($data = '', $type = '') F:\hisiphp\Application\Admin\Model\AdminTaskListModel.class.php 第 72 行.
SQL: SHOW COLUMNS FROM `admin_task_list` [ RunTime:0.0360s ]
INFO: [ view_parse ] --START--
INFO: [ template_filter ] --START--
INFO: Run Behavior\ContentReplaceBehavior [ RunTime:0.000117s ]
INFO: [ template_filter ] --END-- [ RunTime:0.000199s ]
INFO: Run Behavior\ParseTemplateBehavior [ RunTime:0.013503s ]
INFO: [ view_parse ] --END-- [ RunTime:0.013627s ]
INFO: [ view_filter ] --START--
INFO: Run Behavior\WriteHtmlCacheBehavior [ RunTime:0.000884s ]
INFO: [ view_filter ] --END-- [ RunTime:0.000966s ]
INFO: [ app_end ] --START--
INFO: Run Behavior\ShowPageTraceBehavior [ RunTime:0.001407s ]
INFO: [ app_end ] --END-- [ RunTime:0.001501s ]

